2019-03-03T15:00:57+00:00 CRITICAL Uncaught Error: Call to undefined function CASE27\Integrations\WPJM\add_settings_field() in /home/encyclov/grooveknocks.com/wp-content/themes/my-listing/includes/integrations/wp-job-manager/wp-job-manager.php:622
Stack trace:
#0 /home/encyclov/grooveknocks.com/wp-includes/class-wp-hook.php(286): CASE27\Integrations\WPJM\ListingManager->setup_permalink_settings(Object(WP_Screen))
#1 /home/encyclov/grooveknocks.com/wp-includes/class-wp-hook.php(310): WP_Hook->apply_filters(NULL, Array)
#2 /home/encyclov/grooveknocks.com/wp-includes/plugin.php(453): WP_Hook->do_action(Array)
#3 /home/encyclov/grooveknocks.com/wp-admin/includes/class-wp-screen.php(386): do_action('current_screen', Object(WP_Screen))
#4 /home/encyclov/grooveknocks.com/wp-admin/includes/screen.php(232): WP_Screen->set_current_screen()
#5 /home/encyclov/grooveknocks.com/wp-content/plugins/jetpack/sync/class.jetpack-sync-sender.php(154): set_current_screen('sync')
#6 /home/encyclov/grooveknocks.com/wp-content/plugins/jetpack/sync/class.jetpack-sync-s in /home/encyclov/grooveknocks.com/wp-content/themes/my-listing/includes/integrations/wp-job-manager/wp-job-manager.php on line 622

2019-03-03T15:09:28+00:00 CRITICAL Uncaught Error: Call to undefined function CASE27\Integrations\WPJM\add_settings_field() in /home/encyclov/grooveknocks.com/wp-content/themes/my-listing/includes/integrations/wp-job-manager/wp-job-manager.php:622
Stack trace:
#0 /home/encyclov/grooveknocks.com/wp-includes/class-wp-hook.php(286): CASE27\Integrations\WPJM\ListingManager->setup_permalink_settings(Object(WP_Screen))
#1 /home/encyclov/grooveknocks.com/wp-includes/class-wp-hook.php(310): WP_Hook->apply_filters(NULL, Array)
#2 /home/encyclov/grooveknocks.com/wp-includes/plugin.php(453): WP_Hook->do_action(Array)
#3 /home/encyclov/grooveknocks.com/wp-admin/includes/class-wp-screen.php(386): do_action('current_screen', Object(WP_Screen))
#4 /home/encyclov/grooveknocks.com/wp-admin/includes/screen.php(232): WP_Screen->set_current_screen()
#5 /home/encyclov/grooveknocks.com/wp-content/plugins/jetpack/sync/class.jetpack-sync-sender.php(154): set_current_screen('sync')
#6 /home/encyclov/grooveknocks.com/wp-content/plugins/jetpack/sync/class.jetpack-sync-s in /home/encyclov/grooveknocks.com/wp-content/themes/my-listing/includes/integrations/wp-job-manager/wp-job-manager.php on line 622

2019-03-03T15:16:10+00:00 CRITICAL Uncaught Error: Call to undefined function CASE27\Integrations\WPJM\add_settings_field() in /home/encyclov/grooveknocks.com/wp-content/themes/my-listing/includes/integrations/wp-job-manager/wp-job-manager.php:622
Stack trace:
#0 /home/encyclov/grooveknocks.com/wp-includes/class-wp-hook.php(286): CASE27\Integrations\WPJM\ListingManager->setup_permalink_settings(Object(WP_Screen))
#1 /home/encyclov/grooveknocks.com/wp-includes/class-wp-hook.php(310): WP_Hook->apply_filters(NULL, Array)
#2 /home/encyclov/grooveknocks.com/wp-includes/plugin.php(453): WP_Hook->do_action(Array)
#3 /home/encyclov/grooveknocks.com/wp-admin/includes/class-wp-screen.php(386): do_action('current_screen', Object(WP_Screen))
#4 /home/encyclov/grooveknocks.com/wp-admin/includes/screen.php(232): WP_Screen->set_current_screen()
#5 /home/encyclov/grooveknocks.com/wp-content/plugins/jetpack/sync/class.jetpack-sync-sender.php(154): set_current_screen('sync')
#6 /home/encyclov/grooveknocks.com/wp-content/plugins/jetpack/sync/class.jetpack-sync-s in /home/encyclov/grooveknocks.com/wp-content/themes/my-listing/includes/integrations/wp-job-manager/wp-job-manager.php on line 622

2019-03-03T15:23:18+00:00 CRITICAL Uncaught Error: Call to undefined function CASE27\Integrations\WPJM\add_settings_field() in /home/encyclov/grooveknocks.com/wp-content/themes/my-listing/includes/integrations/wp-job-manager/wp-job-manager.php:622
Stack trace:
#0 /home/encyclov/grooveknocks.com/wp-includes/class-wp-hook.php(286): CASE27\Integrations\WPJM\ListingManager->setup_permalink_settings(Object(WP_Screen))
#1 /home/encyclov/grooveknocks.com/wp-includes/class-wp-hook.php(310): WP_Hook->apply_filters(NULL, Array)
#2 /home/encyclov/grooveknocks.com/wp-includes/plugin.php(453): WP_Hook->do_action(Array)
#3 /home/encyclov/grooveknocks.com/wp-admin/includes/class-wp-screen.php(386): do_action('current_screen', Object(WP_Screen))
#4 /home/encyclov/grooveknocks.com/wp-admin/includes/screen.php(232): WP_Screen->set_current_screen()
#5 /home/encyclov/grooveknocks.com/wp-content/plugins/jetpack/sync/class.jetpack-sync-sender.php(154): set_current_screen('sync')
#6 /home/encyclov/grooveknocks.com/wp-content/plugins/jetpack/sync/class.jetpack-sync-s in /home/encyclov/grooveknocks.com/wp-content/themes/my-listing/includes/integrations/wp-job-manager/wp-job-manager.php on line 622

2019-03-03T15:30:46+00:00 CRITICAL Uncaught Error: Call to undefined function CASE27\Integrations\WPJM\add_settings_field() in /home/encyclov/grooveknocks.com/wp-content/themes/my-listing/includes/integrations/wp-job-manager/wp-job-manager.php:622
Stack trace:
#0 /home/encyclov/grooveknocks.com/wp-includes/class-wp-hook.php(286): CASE27\Integrations\WPJM\ListingManager->setup_permalink_settings(Object(WP_Screen))
#1 /home/encyclov/grooveknocks.com/wp-includes/class-wp-hook.php(310): WP_Hook->apply_filters(NULL, Array)
#2 /home/encyclov/grooveknocks.com/wp-includes/plugin.php(453): WP_Hook->do_action(Array)
#3 /home/encyclov/grooveknocks.com/wp-admin/includes/class-wp-screen.php(386): do_action('current_screen', Object(WP_Screen))
#4 /home/encyclov/grooveknocks.com/wp-admin/includes/screen.php(232): WP_Screen->set_current_screen()
#5 /home/encyclov/grooveknocks.com/wp-content/plugins/jetpack/sync/class.jetpack-sync-sender.php(154): set_current_screen('sync')
#6 /home/encyclov/grooveknocks.com/wp-content/plugins/jetpack/sync/class.jetpack-sync-s in /home/encyclov/grooveknocks.com/wp-content/themes/my-listing/includes/integrations/wp-job-manager/wp-job-manager.php on line 622

2019-03-03T15:43:40+00:00 CRITICAL Uncaught Error: Call to undefined function CASE27\Integrations\WPJM\add_settings_field() in /home/encyclov/grooveknocks.com/wp-content/themes/my-listing/includes/integrations/wp-job-manager/wp-job-manager.php:622
Stack trace:
#0 /home/encyclov/grooveknocks.com/wp-includes/class-wp-hook.php(286): CASE27\Integrations\WPJM\ListingManager->setup_permalink_settings(Object(WP_Screen))
#1 /home/encyclov/grooveknocks.com/wp-includes/class-wp-hook.php(310): WP_Hook->apply_filters(NULL, Array)
#2 /home/encyclov/grooveknocks.com/wp-includes/plugin.php(453): WP_Hook->do_action(Array)
#3 /home/encyclov/grooveknocks.com/wp-admin/includes/class-wp-screen.php(386): do_action('current_screen', Object(WP_Screen))
#4 /home/encyclov/grooveknocks.com/wp-admin/includes/screen.php(232): WP_Screen->set_current_screen()
#5 /home/encyclov/grooveknocks.com/wp-content/plugins/jetpack/sync/class.jetpack-sync-sender.php(154): set_current_screen('sync')
#6 /home/encyclov/grooveknocks.com/wp-content/plugins/jetpack/sync/class.jetpack-sync-s in /home/encyclov/grooveknocks.com/wp-content/themes/my-listing/includes/integrations/wp-job-manager/wp-job-manager.php on line 622

2019-03-03T15:52:42+00:00 CRITICAL Uncaught Error: Call to undefined function CASE27\Integrations\WPJM\add_settings_field() in /home/encyclov/grooveknocks.com/wp-content/themes/my-listing/includes/integrations/wp-job-manager/wp-job-manager.php:622
Stack trace:
#0 /home/encyclov/grooveknocks.com/wp-includes/class-wp-hook.php(286): CASE27\Integrations\WPJM\ListingManager->setup_permalink_settings(Object(WP_Screen))
#1 /home/encyclov/grooveknocks.com/wp-includes/class-wp-hook.php(310): WP_Hook->apply_filters(NULL, Array)
#2 /home/encyclov/grooveknocks.com/wp-includes/plugin.php(453): WP_Hook->do_action(Array)
#3 /home/encyclov/grooveknocks.com/wp-admin/includes/class-wp-screen.php(386): do_action('current_screen', Object(WP_Screen))
#4 /home/encyclov/grooveknocks.com/wp-admin/includes/screen.php(232): WP_Screen->set_current_screen()
#5 /home/encyclov/grooveknocks.com/wp-content/plugins/jetpack/sync/class.jetpack-sync-sender.php(154): set_current_screen('sync')
#6 /home/encyclov/grooveknocks.com/wp-content/plugins/jetpack/sync/class.jetpack-sync-s in /home/encyclov/grooveknocks.com/wp-content/themes/my-listing/includes/integrations/wp-job-manager/wp-job-manager.php on line 622

2019-03-03T15:58:19+00:00 CRITICAL Uncaught Error: Call to undefined function CASE27\Integrations\WPJM\add_settings_field() in /home/encyclov/grooveknocks.com/wp-content/themes/my-listing/includes/integrations/wp-job-manager/wp-job-manager.php:622
Stack trace:
#0 /home/encyclov/grooveknocks.com/wp-includes/class-wp-hook.php(286): CASE27\Integrations\WPJM\ListingManager->setup_permalink_settings(Object(WP_Screen))
#1 /home/encyclov/grooveknocks.com/wp-includes/class-wp-hook.php(310): WP_Hook->apply_filters(NULL, Array)
#2 /home/encyclov/grooveknocks.com/wp-includes/plugin.php(453): WP_Hook->do_action(Array)
#3 /home/encyclov/grooveknocks.com/wp-admin/includes/class-wp-screen.php(386): do_action('current_screen', Object(WP_Screen))
#4 /home/encyclov/grooveknocks.com/wp-admin/includes/screen.php(232): WP_Screen->set_current_screen()
#5 /home/encyclov/grooveknocks.com/wp-content/plugins/jetpack/sync/class.jetpack-sync-sender.php(154): set_current_screen('sync')
#6 /home/encyclov/grooveknocks.com/wp-content/plugins/jetpack/sync/class.jetpack-sync-s in /home/encyclov/grooveknocks.com/wp-content/themes/my-listing/includes/integrations/wp-job-manager/wp-job-manager.php on line 622

2019-03-03T16:05:49+00:00 CRITICAL Uncaught Error: Call to undefined function CASE27\Integrations\WPJM\add_settings_field() in /home/encyclov/grooveknocks.com/wp-content/themes/my-listing/includes/integrations/wp-job-manager/wp-job-manager.php:622
Stack trace:
#0 /home/encyclov/grooveknocks.com/wp-includes/class-wp-hook.php(286): CASE27\Integrations\WPJM\ListingManager->setup_permalink_settings(Object(WP_Screen))
#1 /home/encyclov/grooveknocks.com/wp-includes/class-wp-hook.php(310): WP_Hook->apply_filters(NULL, Array)
#2 /home/encyclov/grooveknocks.com/wp-includes/plugin.php(453): WP_Hook->do_action(Array)
#3 /home/encyclov/grooveknocks.com/wp-admin/includes/class-wp-screen.php(386): do_action('current_screen', Object(WP_Screen))
#4 /home/encyclov/grooveknocks.com/wp-admin/includes/screen.php(232): WP_Screen->set_current_screen()
#5 /home/encyclov/grooveknocks.com/wp-content/plugins/jetpack/sync/class.jetpack-sync-sender.php(154): set_current_screen('sync')
#6 /home/encyclov/grooveknocks.com/wp-content/plugins/jetpack/sync/class.jetpack-sync-s in /home/encyclov/grooveknocks.com/wp-content/themes/my-listing/includes/integrations/wp-job-manager/wp-job-manager.php on line 622

2019-03-03T16:12:38+00:00 CRITICAL Uncaught Error: Call to undefined function CASE27\Integrations\WPJM\add_settings_field() in /home/encyclov/grooveknocks.com/wp-content/themes/my-listing/includes/integrations/wp-job-manager/wp-job-manager.php:622
Stack trace:
#0 /home/encyclov/grooveknocks.com/wp-includes/class-wp-hook.php(286): CASE27\Integrations\WPJM\ListingManager->setup_permalink_settings(Object(WP_Screen))
#1 /home/encyclov/grooveknocks.com/wp-includes/class-wp-hook.php(310): WP_Hook->apply_filters(NULL, Array)
#2 /home/encyclov/grooveknocks.com/wp-includes/plugin.php(453): WP_Hook->do_action(Array)
#3 /home/encyclov/grooveknocks.com/wp-admin/includes/class-wp-screen.php(386): do_action('current_screen', Object(WP_Screen))
#4 /home/encyclov/grooveknocks.com/wp-admin/includes/screen.php(232): WP_Screen->set_current_screen()
#5 /home/encyclov/grooveknocks.com/wp-content/plugins/jetpack/sync/class.jetpack-sync-sender.php(154): set_current_screen('sync')
#6 /home/encyclov/grooveknocks.com/wp-content/plugins/jetpack/sync/class.jetpack-sync-s in /home/encyclov/grooveknocks.com/wp-content/themes/my-listing/includes/integrations/wp-job-manager/wp-job-manager.php on line 622

2019-03-03T16:19:55+00:00 CRITICAL Uncaught Error: Call to undefined function CASE27\Integrations\WPJM\add_settings_field() in /home/encyclov/grooveknocks.com/wp-content/themes/my-listing/includes/integrations/wp-job-manager/wp-job-manager.php:622
Stack trace:
#0 /home/encyclov/grooveknocks.com/wp-includes/class-wp-hook.php(286): CASE27\Integrations\WPJM\ListingManager->setup_permalink_settings(Object(WP_Screen))
#1 /home/encyclov/grooveknocks.com/wp-includes/class-wp-hook.php(310): WP_Hook->apply_filters(NULL, Array)
#2 /home/encyclov/grooveknocks.com/wp-includes/plugin.php(453): WP_Hook->do_action(Array)
#3 /home/encyclov/grooveknocks.com/wp-admin/includes/class-wp-screen.php(386): do_action('current_screen', Object(WP_Screen))
#4 /home/encyclov/grooveknocks.com/wp-admin/includes/screen.php(232): WP_Screen->set_current_screen()
#5 /home/encyclov/grooveknocks.com/wp-content/plugins/jetpack/sync/class.jetpack-sync-sender.php(154): set_current_screen('sync')
#6 /home/encyclov/grooveknocks.com/wp-content/plugins/jetpack/sync/class.jetpack-sync-s in /home/encyclov/grooveknocks.com/wp-content/themes/my-listing/includes/integrations/wp-job-manager/wp-job-manager.php on line 622

2019-03-03T16:25:28+00:00 CRITICAL Uncaught Error: Call to undefined function CASE27\Integrations\WPJM\add_settings_field() in /home/encyclov/grooveknocks.com/wp-content/themes/my-listing/includes/integrations/wp-job-manager/wp-job-manager.php:622
Stack trace:
#0 /home/encyclov/grooveknocks.com/wp-includes/class-wp-hook.php(286): CASE27\Integrations\WPJM\ListingManager->setup_permalink_settings(Object(WP_Screen))
#1 /home/encyclov/grooveknocks.com/wp-includes/class-wp-hook.php(310): WP_Hook->apply_filters(NULL, Array)
#2 /home/encyclov/grooveknocks.com/wp-includes/plugin.php(453): WP_Hook->do_action(Array)
#3 /home/encyclov/grooveknocks.com/wp-admin/includes/class-wp-screen.php(386): do_action('current_screen', Object(WP_Screen))
#4 /home/encyclov/grooveknocks.com/wp-admin/includes/screen.php(232): WP_Screen->set_current_screen()
#5 /home/encyclov/grooveknocks.com/wp-content/plugins/jetpack/sync/class.jetpack-sync-sender.php(154): set_current_screen('sync')
#6 /home/encyclov/grooveknocks.com/wp-content/plugins/jetpack/sync/class.jetpack-sync-s in /home/encyclov/grooveknocks.com/wp-content/themes/my-listing/includes/integrations/wp-job-manager/wp-job-manager.php on line 622

2019-03-03T16:34:34+00:00 CRITICAL Uncaught Error: Call to undefined function CASE27\Integrations\WPJM\add_settings_field() in /home/encyclov/grooveknocks.com/wp-content/themes/my-listing/includes/integrations/wp-job-manager/wp-job-manager.php:622
Stack trace:
#0 /home/encyclov/grooveknocks.com/wp-includes/class-wp-hook.php(286): CASE27\Integrations\WPJM\ListingManager->setup_permalink_settings(Object(WP_Screen))
#1 /home/encyclov/grooveknocks.com/wp-includes/class-wp-hook.php(310): WP_Hook->apply_filters(NULL, Array)
#2 /home/encyclov/grooveknocks.com/wp-includes/plugin.php(453): WP_Hook->do_action(Array)
#3 /home/encyclov/grooveknocks.com/wp-admin/includes/class-wp-screen.php(386): do_action('current_screen', Object(WP_Screen))
#4 /home/encyclov/grooveknocks.com/wp-admin/includes/screen.php(232): WP_Screen->set_current_screen()
#5 /home/encyclov/grooveknocks.com/wp-content/plugins/jetpack/sync/class.jetpack-sync-sender.php(154): set_current_screen('sync')
#6 /home/encyclov/grooveknocks.com/wp-content/plugins/jetpack/sync/class.jetpack-sync-s in /home/encyclov/grooveknocks.com/wp-content/themes/my-listing/includes/integrations/wp-job-manager/wp-job-manager.php on line 622

2019-03-03T16:46:29+00:00 CRITICAL Uncaught Error: Call to undefined function CASE27\Integrations\WPJM\add_settings_field() in /home/encyclov/grooveknocks.com/wp-content/themes/my-listing/includes/integrations/wp-job-manager/wp-job-manager.php:622
Stack trace:
#0 /home/encyclov/grooveknocks.com/wp-includes/class-wp-hook.php(286): CASE27\Integrations\WPJM\ListingManager->setup_permalink_settings(Object(WP_Screen))
#1 /home/encyclov/grooveknocks.com/wp-includes/class-wp-hook.php(310): WP_Hook->apply_filters(NULL, Array)
#2 /home/encyclov/grooveknocks.com/wp-includes/plugin.php(453): WP_Hook->do_action(Array)
#3 /home/encyclov/grooveknocks.com/wp-admin/includes/class-wp-screen.php(386): do_action('current_screen', Object(WP_Screen))
#4 /home/encyclov/grooveknocks.com/wp-admin/includes/screen.php(232): WP_Screen->set_current_screen()
#5 /home/encyclov/grooveknocks.com/wp-content/plugins/jetpack/sync/class.jetpack-sync-sender.php(154): set_current_screen('sync')
#6 /home/encyclov/grooveknocks.com/wp-content/plugins/jetpack/sync/class.jetpack-sync-s in /home/encyclov/grooveknocks.com/wp-content/themes/my-listing/includes/integrations/wp-job-manager/wp-job-manager.php on line 622

2019-03-03T16:55:34+00:00 CRITICAL Uncaught Error: Call to undefined function CASE27\Integrations\WPJM\add_settings_field() in /home/encyclov/grooveknocks.com/wp-content/themes/my-listing/includes/integrations/wp-job-manager/wp-job-manager.php:622
Stack trace:
#0 /home/encyclov/grooveknocks.com/wp-includes/class-wp-hook.php(286): CASE27\Integrations\WPJM\ListingManager->setup_permalink_settings(Object(WP_Screen))
#1 /home/encyclov/grooveknocks.com/wp-includes/class-wp-hook.php(310): WP_Hook->apply_filters(NULL, Array)
#2 /home/encyclov/grooveknocks.com/wp-includes/plugin.php(453): WP_Hook->do_action(Array)
#3 /home/encyclov/grooveknocks.com/wp-admin/includes/class-wp-screen.php(386): do_action('current_screen', Object(WP_Screen))
#4 /home/encyclov/grooveknocks.com/wp-admin/includes/screen.php(232): WP_Screen->set_current_screen()
#5 /home/encyclov/grooveknocks.com/wp-content/plugins/jetpack/sync/class.jetpack-sync-sender.php(154): set_current_screen('sync')
#6 /home/encyclov/grooveknocks.com/wp-content/plugins/jetpack/sync/class.jetpack-sync-s in /home/encyclov/grooveknocks.com/wp-content/themes/my-listing/includes/integrations/wp-job-manager/wp-job-manager.php on line 622

2019-03-03T17:01:41+00:00 CRITICAL Uncaught Error: Call to undefined function CASE27\Integrations\WPJM\add_settings_field() in /home/encyclov/grooveknocks.com/wp-content/themes/my-listing/includes/integrations/wp-job-manager/wp-job-manager.php:622
Stack trace:
#0 /home/encyclov/grooveknocks.com/wp-includes/class-wp-hook.php(286): CASE27\Integrations\WPJM\ListingManager->setup_permalink_settings(Object(WP_Screen))
#1 /home/encyclov/grooveknocks.com/wp-includes/class-wp-hook.php(310): WP_Hook->apply_filters(NULL, Array)
#2 /home/encyclov/grooveknocks.com/wp-includes/plugin.php(453): WP_Hook->do_action(Array)
#3 /home/encyclov/grooveknocks.com/wp-admin/includes/class-wp-screen.php(386): do_action('current_screen', Object(WP_Screen))
#4 /home/encyclov/grooveknocks.com/wp-admin/includes/screen.php(232): WP_Screen->set_current_screen()
#5 /home/encyclov/grooveknocks.com/wp-content/plugins/jetpack/sync/class.jetpack-sync-sender.php(154): set_current_screen('sync')
#6 /home/encyclov/grooveknocks.com/wp-content/plugins/jetpack/sync/class.jetpack-sync-s in /home/encyclov/grooveknocks.com/wp-content/themes/my-listing/includes/integrations/wp-job-manager/wp-job-manager.php on line 622

2019-03-03T17:07:28+00:00 CRITICAL Uncaught Error: Call to undefined function CASE27\Integrations\WPJM\add_settings_field() in /home/encyclov/grooveknocks.com/wp-content/themes/my-listing/includes/integrations/wp-job-manager/wp-job-manager.php:622
Stack trace:
#0 /home/encyclov/grooveknocks.com/wp-includes/class-wp-hook.php(286): CASE27\Integrations\WPJM\ListingManager->setup_permalink_settings(Object(WP_Screen))
#1 /home/encyclov/grooveknocks.com/wp-includes/class-wp-hook.php(310): WP_Hook->apply_filters(NULL, Array)
#2 /home/encyclov/grooveknocks.com/wp-includes/plugin.php(453): WP_Hook->do_action(Array)
#3 /home/encyclov/grooveknocks.com/wp-admin/includes/class-wp-screen.php(386): do_action('current_screen', Object(WP_Screen))
#4 /home/encyclov/grooveknocks.com/wp-admin/includes/screen.php(232): WP_Screen->set_current_screen()
#5 /home/encyclov/grooveknocks.com/wp-content/plugins/jetpack/sync/class.jetpack-sync-sender.php(154): set_current_screen('sync')
#6 /home/encyclov/grooveknocks.com/wp-content/plugins/jetpack/sync/class.jetpack-sync-s in /home/encyclov/grooveknocks.com/wp-content/themes/my-listing/includes/integrations/wp-job-manager/wp-job-manager.php on line 622

2019-03-03T17:15:32+00:00 CRITICAL Uncaught Error: Call to undefined function CASE27\Integrations\WPJM\add_settings_field() in /home/encyclov/grooveknocks.com/wp-content/themes/my-listing/includes/integrations/wp-job-manager/wp-job-manager.php:622
Stack trace:
#0 /home/encyclov/grooveknocks.com/wp-includes/class-wp-hook.php(286): CASE27\Integrations\WPJM\ListingManager->setup_permalink_settings(Object(WP_Screen))
#1 /home/encyclov/grooveknocks.com/wp-includes/class-wp-hook.php(310): WP_Hook->apply_filters(NULL, Array)
#2 /home/encyclov/grooveknocks.com/wp-includes/plugin.php(453): WP_Hook->do_action(Array)
#3 /home/encyclov/grooveknocks.com/wp-admin/includes/class-wp-screen.php(386): do_action('current_screen', Object(WP_Screen))
#4 /home/encyclov/grooveknocks.com/wp-admin/includes/screen.php(232): WP_Screen->set_current_screen()
#5 /home/encyclov/grooveknocks.com/wp-content/plugins/jetpack/sync/class.jetpack-sync-sender.php(154): set_current_screen('sync')
#6 /home/encyclov/grooveknocks.com/wp-content/plugins/jetpack/sync/class.jetpack-sync-s in /home/encyclov/grooveknocks.com/wp-content/themes/my-listing/includes/integrations/wp-job-manager/wp-job-manager.php on line 622

2019-03-03T17:23:12+00:00 CRITICAL Uncaught Error: Call to undefined function CASE27\Integrations\WPJM\add_settings_field() in /home/encyclov/grooveknocks.com/wp-content/themes/my-listing/includes/integrations/wp-job-manager/wp-job-manager.php:622
Stack trace:
#0 /home/encyclov/grooveknocks.com/wp-includes/class-wp-hook.php(286): CASE27\Integrations\WPJM\ListingManager->setup_permalink_settings(Object(WP_Screen))
#1 /home/encyclov/grooveknocks.com/wp-includes/class-wp-hook.php(310): WP_Hook->apply_filters(NULL, Array)
#2 /home/encyclov/grooveknocks.com/wp-includes/plugin.php(453): WP_Hook->do_action(Array)
#3 /home/encyclov/grooveknocks.com/wp-admin/includes/class-wp-screen.php(386): do_action('current_screen', Object(WP_Screen))
#4 /home/encyclov/grooveknocks.com/wp-admin/includes/screen.php(232): WP_Screen->set_current_screen()
#5 /home/encyclov/grooveknocks.com/wp-content/plugins/jetpack/sync/class.jetpack-sync-sender.php(154): set_current_screen('sync')
#6 /home/encyclov/grooveknocks.com/wp-content/plugins/jetpack/sync/class.jetpack-sync-s in /home/encyclov/grooveknocks.com/wp-content/themes/my-listing/includes/integrations/wp-job-manager/wp-job-manager.php on line 622

2019-03-03T17:28:12+00:00 CRITICAL Uncaught Error: Call to undefined function CASE27\Integrations\WPJM\add_settings_field() in /home/encyclov/grooveknocks.com/wp-content/themes/my-listing/includes/integrations/wp-job-manager/wp-job-manager.php:622
Stack trace:
#0 /home/encyclov/grooveknocks.com/wp-includes/class-wp-hook.php(286): CASE27\Integrations\WPJM\ListingManager->setup_permalink_settings(Object(WP_Screen))
#1 /home/encyclov/grooveknocks.com/wp-includes/class-wp-hook.php(310): WP_Hook->apply_filters(NULL, Array)
#2 /home/encyclov/grooveknocks.com/wp-includes/plugin.php(453): WP_Hook->do_action(Array)
#3 /home/encyclov/grooveknocks.com/wp-admin/includes/class-wp-screen.php(386): do_action('current_screen', Object(WP_Screen))
#4 /home/encyclov/grooveknocks.com/wp-admin/includes/screen.php(232): WP_Screen->set_current_screen()
#5 /home/encyclov/grooveknocks.com/wp-content/plugins/jetpack/sync/class.jetpack-sync-sender.php(154): set_current_screen('sync')
#6 /home/encyclov/grooveknocks.com/wp-content/plugins/jetpack/sync/class.jetpack-sync-s in /home/encyclov/grooveknocks.com/wp-content/themes/my-listing/includes/integrations/wp-job-manager/wp-job-manager.php on line 622

2019-03-03T17:30:39+00:00 CRITICAL Uncaught Error: Call to undefined function CASE27\Integrations\WPJM\add_settings_field() in /home/encyclov/grooveknocks.com/wp-content/themes/my-listing/includes/integrations/wp-job-manager/wp-job-manager.php:622
Stack trace:
#0 /home/encyclov/grooveknocks.com/wp-includes/class-wp-hook.php(286): CASE27\Integrations\WPJM\ListingManager->setup_permalink_settings(Object(WP_Screen))
#1 /home/encyclov/grooveknocks.com/wp-includes/class-wp-hook.php(310): WP_Hook->apply_filters(NULL, Array)
#2 /home/encyclov/grooveknocks.com/wp-includes/plugin.php(453): WP_Hook->do_action(Array)
#3 /home/encyclov/grooveknocks.com/wp-admin/includes/class-wp-screen.php(386): do_action('current_screen', Object(WP_Screen))
#4 /home/encyclov/grooveknocks.com/wp-admin/includes/screen.php(232): WP_Screen->set_current_screen()
#5 /home/encyclov/grooveknocks.com/wp-content/plugins/jetpack/sync/class.jetpack-sync-sender.php(154): set_current_screen('sync')
#6 /home/encyclov/grooveknocks.com/wp-content/plugins/jetpack/sync/class.jetpack-sync-s in /home/encyclov/grooveknocks.com/wp-content/themes/my-listing/includes/integrations/wp-job-manager/wp-job-manager.php on line 622

2019-03-03T17:36:39+00:00 CRITICAL Uncaught Error: Call to undefined function CASE27\Integrations\WPJM\add_settings_field() in /home/encyclov/grooveknocks.com/wp-content/themes/my-listing/includes/integrations/wp-job-manager/wp-job-manager.php:622
Stack trace:
#0 /home/encyclov/grooveknocks.com/wp-includes/class-wp-hook.php(286): CASE27\Integrations\WPJM\ListingManager->setup_permalink_settings(Object(WP_Screen))
#1 /home/encyclov/grooveknocks.com/wp-includes/class-wp-hook.php(310): WP_Hook->apply_filters(NULL, Array)
#2 /home/encyclov/grooveknocks.com/wp-includes/plugin.php(453): WP_Hook->do_action(Array)
#3 /home/encyclov/grooveknocks.com/wp-admin/includes/class-wp-screen.php(386): do_action('current_screen', Object(WP_Screen))
#4 /home/encyclov/grooveknocks.com/wp-admin/includes/screen.php(232): WP_Screen->set_current_screen()
#5 /home/encyclov/grooveknocks.com/wp-content/plugins/jetpack/sync/class.jetpack-sync-sender.php(154): set_current_screen('sync')
#6 /home/encyclov/grooveknocks.com/wp-content/plugins/jetpack/sync/class.jetpack-sync-s in /home/encyclov/grooveknocks.com/wp-content/themes/my-listing/includes/integrations/wp-job-manager/wp-job-manager.php on line 622

2019-03-03T17:43:00+00:00 CRITICAL Uncaught Error: Call to undefined function CASE27\Integrations\WPJM\add_settings_field() in /home/encyclov/grooveknocks.com/wp-content/themes/my-listing/includes/integrations/wp-job-manager/wp-job-manager.php:622
Stack trace:
#0 /home/encyclov/grooveknocks.com/wp-includes/class-wp-hook.php(286): CASE27\Integrations\WPJM\ListingManager->setup_permalink_settings(Object(WP_Screen))
#1 /home/encyclov/grooveknocks.com/wp-includes/class-wp-hook.php(310): WP_Hook->apply_filters(NULL, Array)
#2 /home/encyclov/grooveknocks.com/wp-includes/plugin.php(453): WP_Hook->do_action(Array)
#3 /home/encyclov/grooveknocks.com/wp-admin/includes/class-wp-screen.php(386): do_action('current_screen', Object(WP_Screen))
#4 /home/encyclov/grooveknocks.com/wp-admin/includes/screen.php(232): WP_Screen->set_current_screen()
#5 /home/encyclov/grooveknocks.com/wp-content/plugins/jetpack/sync/class.jetpack-sync-sender.php(154): set_current_screen('sync')
#6 /home/encyclov/grooveknocks.com/wp-content/plugins/jetpack/sync/class.jetpack-sync-s in /home/encyclov/grooveknocks.com/wp-content/themes/my-listing/includes/integrations/wp-job-manager/wp-job-manager.php on line 622

2019-03-03T17:51:49+00:00 CRITICAL Uncaught Error: Call to undefined function CASE27\Integrations\WPJM\add_settings_field() in /home/encyclov/grooveknocks.com/wp-content/themes/my-listing/includes/integrations/wp-job-manager/wp-job-manager.php:622
Stack trace:
#0 /home/encyclov/grooveknocks.com/wp-includes/class-wp-hook.php(286): CASE27\Integrations\WPJM\ListingManager->setup_permalink_settings(Object(WP_Screen))
#1 /home/encyclov/grooveknocks.com/wp-includes/class-wp-hook.php(310): WP_Hook->apply_filters(NULL, Array)
#2 /home/encyclov/grooveknocks.com/wp-includes/plugin.php(453): WP_Hook->do_action(Array)
#3 /home/encyclov/grooveknocks.com/wp-admin/includes/class-wp-screen.php(386): do_action('current_screen', Object(WP_Screen))
#4 /home/encyclov/grooveknocks.com/wp-admin/includes/screen.php(232): WP_Screen->set_current_screen()
#5 /home/encyclov/grooveknocks.com/wp-content/plugins/jetpack/sync/class.jetpack-sync-sender.php(154): set_current_screen('sync')
#6 /home/encyclov/grooveknocks.com/wp-content/plugins/jetpack/sync/class.jetpack-sync-s in /home/encyclov/grooveknocks.com/wp-content/themes/my-listing/includes/integrations/wp-job-manager/wp-job-manager.php on line 622

2019-03-03T17:57:38+00:00 CRITICAL Uncaught Error: Call to undefined function CASE27\Integrations\WPJM\add_settings_field() in /home/encyclov/grooveknocks.com/wp-content/themes/my-listing/includes/integrations/wp-job-manager/wp-job-manager.php:622
Stack trace:
#0 /home/encyclov/grooveknocks.com/wp-includes/class-wp-hook.php(286): CASE27\Integrations\WPJM\ListingManager->setup_permalink_settings(Object(WP_Screen))
#1 /home/encyclov/grooveknocks.com/wp-includes/class-wp-hook.php(310): WP_Hook->apply_filters(NULL, Array)
#2 /home/encyclov/grooveknocks.com/wp-includes/plugin.php(453): WP_Hook->do_action(Array)
#3 /home/encyclov/grooveknocks.com/wp-admin/includes/class-wp-screen.php(386): do_action('current_screen', Object(WP_Screen))
#4 /home/encyclov/grooveknocks.com/wp-admin/includes/screen.php(232): WP_Screen->set_current_screen()
#5 /home/encyclov/grooveknocks.com/wp-content/plugins/jetpack/sync/class.jetpack-sync-sender.php(154): set_current_screen('sync')
#6 /home/encyclov/grooveknocks.com/wp-content/plugins/jetpack/sync/class.jetpack-sync-s in /home/encyclov/grooveknocks.com/wp-content/themes/my-listing/includes/integrations/wp-job-manager/wp-job-manager.php on line 622

2019-03-03T18:05:04+00:00 CRITICAL Uncaught Error: Call to undefined function CASE27\Integrations\WPJM\add_settings_field() in /home/encyclov/grooveknocks.com/wp-content/themes/my-listing/includes/integrations/wp-job-manager/wp-job-manager.php:622
Stack trace:
#0 /home/encyclov/grooveknocks.com/wp-includes/class-wp-hook.php(286): CASE27\Integrations\WPJM\ListingManager->setup_permalink_settings(Object(WP_Screen))
#1 /home/encyclov/grooveknocks.com/wp-includes/class-wp-hook.php(310): WP_Hook->apply_filters(NULL, Array)
#2 /home/encyclov/grooveknocks.com/wp-includes/plugin.php(453): WP_Hook->do_action(Array)
#3 /home/encyclov/grooveknocks.com/wp-admin/includes/class-wp-screen.php(386): do_action('current_screen', Object(WP_Screen))
#4 /home/encyclov/grooveknocks.com/wp-admin/includes/screen.php(232): WP_Screen->set_current_screen()
#5 /home/encyclov/grooveknocks.com/wp-content/plugins/jetpack/sync/class.jetpack-sync-sender.php(154): set_current_screen('sync')
#6 /home/encyclov/grooveknocks.com/wp-content/plugins/jetpack/sync/class.jetpack-sync-s in /home/encyclov/grooveknocks.com/wp-content/themes/my-listing/includes/integrations/wp-job-manager/wp-job-manager.php on line 622

2019-03-03T18:10:37+00:00 CRITICAL Uncaught Error: Call to undefined function CASE27\Integrations\WPJM\add_settings_field() in /home/encyclov/grooveknocks.com/wp-content/themes/my-listing/includes/integrations/wp-job-manager/wp-job-manager.php:622
Stack trace:
#0 /home/encyclov/grooveknocks.com/wp-includes/class-wp-hook.php(286): CASE27\Integrations\WPJM\ListingManager->setup_permalink_settings(Object(WP_Screen))
#1 /home/encyclov/grooveknocks.com/wp-includes/class-wp-hook.php(310): WP_Hook->apply_filters(NULL, Array)
#2 /home/encyclov/grooveknocks.com/wp-includes/plugin.php(453): WP_Hook->do_action(Array)
#3 /home/encyclov/grooveknocks.com/wp-admin/includes/class-wp-screen.php(386): do_action('current_screen', Object(WP_Screen))
#4 /home/encyclov/grooveknocks.com/wp-admin/includes/screen.php(232): WP_Screen->set_current_screen()
#5 /home/encyclov/grooveknocks.com/wp-content/plugins/jetpack/sync/class.jetpack-sync-sender.php(154): set_current_screen('sync')
#6 /home/encyclov/grooveknocks.com/wp-content/plugins/jetpack/sync/class.jetpack-sync-s in /home/encyclov/grooveknocks.com/wp-content/themes/my-listing/includes/integrations/wp-job-manager/wp-job-manager.php on line 622

2019-03-03T18:18:38+00:00 CRITICAL Uncaught Error: Call to undefined function CASE27\Integrations\WPJM\add_settings_field() in /home/encyclov/grooveknocks.com/wp-content/themes/my-listing/includes/integrations/wp-job-manager/wp-job-manager.php:622
Stack trace:
#0 /home/encyclov/grooveknocks.com/wp-includes/class-wp-hook.php(286): CASE27\Integrations\WPJM\ListingManager->setup_permalink_settings(Object(WP_Screen))
#1 /home/encyclov/grooveknocks.com/wp-includes/class-wp-hook.php(310): WP_Hook->apply_filters(NULL, Array)
#2 /home/encyclov/grooveknocks.com/wp-includes/plugin.php(453): WP_Hook->do_action(Array)
#3 /home/encyclov/grooveknocks.com/wp-admin/includes/class-wp-screen.php(386): do_action('current_screen', Object(WP_Screen))
#4 /home/encyclov/grooveknocks.com/wp-admin/includes/screen.php(232): WP_Screen->set_current_screen()
#5 /home/encyclov/grooveknocks.com/wp-content/plugins/jetpack/sync/class.jetpack-sync-sender.php(154): set_current_screen('sync')
#6 /home/encyclov/grooveknocks.com/wp-content/plugins/jetpack/sync/class.jetpack-sync-s in /home/encyclov/grooveknocks.com/wp-content/themes/my-listing/includes/integrations/wp-job-manager/wp-job-manager.php on line 622

2019-03-03T18:24:53+00:00 CRITICAL Uncaught Error: Call to undefined function CASE27\Integrations\WPJM\add_settings_field() in /home/encyclov/grooveknocks.com/wp-content/themes/my-listing/includes/integrations/wp-job-manager/wp-job-manager.php:622
Stack trace:
#0 /home/encyclov/grooveknocks.com/wp-includes/class-wp-hook.php(286): CASE27\Integrations\WPJM\ListingManager->setup_permalink_settings(Object(WP_Screen))
#1 /home/encyclov/grooveknocks.com/wp-includes/class-wp-hook.php(310): WP_Hook->apply_filters(NULL, Array)
#2 /home/encyclov/grooveknocks.com/wp-includes/plugin.php(453): WP_Hook->do_action(Array)
#3 /home/encyclov/grooveknocks.com/wp-admin/includes/class-wp-screen.php(386): do_action('current_screen', Object(WP_Screen))
#4 /home/encyclov/grooveknocks.com/wp-admin/includes/screen.php(232): WP_Screen->set_current_screen()
#5 /home/encyclov/grooveknocks.com/wp-content/plugins/jetpack/sync/class.jetpack-sync-sender.php(154): set_current_screen('sync')
#6 /home/encyclov/grooveknocks.com/wp-content/plugins/jetpack/sync/class.jetpack-sync-s in /home/encyclov/grooveknocks.com/wp-content/themes/my-listing/includes/integrations/wp-job-manager/wp-job-manager.php on line 622

2019-03-03T18:31:37+00:00 CRITICAL Uncaught Error: Call to undefined function CASE27\Integrations\WPJM\add_settings_field() in /home/encyclov/grooveknocks.com/wp-content/themes/my-listing/includes/integrations/wp-job-manager/wp-job-manager.php:622
Stack trace:
#0 /home/encyclov/grooveknocks.com/wp-includes/class-wp-hook.php(286): CASE27\Integrations\WPJM\ListingManager->setup_permalink_settings(Object(WP_Screen))
#1 /home/encyclov/grooveknocks.com/wp-includes/class-wp-hook.php(310): WP_Hook->apply_filters(NULL, Array)
#2 /home/encyclov/grooveknocks.com/wp-includes/plugin.php(453): WP_Hook->do_action(Array)
#3 /home/encyclov/grooveknocks.com/wp-admin/includes/class-wp-screen.php(386): do_action('current_screen', Object(WP_Screen))
#4 /home/encyclov/grooveknocks.com/wp-admin/includes/screen.php(232): WP_Screen->set_current_screen()
#5 /home/encyclov/grooveknocks.com/wp-content/plugins/jetpack/sync/class.jetpack-sync-sender.php(154): set_current_screen('sync')
#6 /home/encyclov/grooveknocks.com/wp-content/plugins/jetpack/sync/class.jetpack-sync-s in /home/encyclov/grooveknocks.com/wp-content/themes/my-listing/includes/integrations/wp-job-manager/wp-job-manager.php on line 622

2019-03-03T18:40:38+00:00 CRITICAL Uncaught Error: Call to undefined function CASE27\Integrations\WPJM\add_settings_field() in /home/encyclov/grooveknocks.com/wp-content/themes/my-listing/includes/integrations/wp-job-manager/wp-job-manager.php:622
Stack trace:
#0 /home/encyclov/grooveknocks.com/wp-includes/class-wp-hook.php(286): CASE27\Integrations\WPJM\ListingManager->setup_permalink_settings(Object(WP_Screen))
#1 /home/encyclov/grooveknocks.com/wp-includes/class-wp-hook.php(310): WP_Hook->apply_filters(NULL, Array)
#2 /home/encyclov/grooveknocks.com/wp-includes/plugin.php(453): WP_Hook->do_action(Array)
#3 /home/encyclov/grooveknocks.com/wp-admin/includes/class-wp-screen.php(386): do_action('current_screen', Object(WP_Screen))
#4 /home/encyclov/grooveknocks.com/wp-admin/includes/screen.php(232): WP_Screen->set_current_screen()
#5 /home/encyclov/grooveknocks.com/wp-content/plugins/jetpack/sync/class.jetpack-sync-sender.php(154): set_current_screen('sync')
#6 /home/encyclov/grooveknocks.com/wp-content/plugins/jetpack/sync/class.jetpack-sync-s in /home/encyclov/grooveknocks.com/wp-content/themes/my-listing/includes/integrations/wp-job-manager/wp-job-manager.php on line 622

2019-03-03T18:47:05+00:00 CRITICAL Uncaught Error: Call to undefined function CASE27\Integrations\WPJM\add_settings_field() in /home/encyclov/grooveknocks.com/wp-content/themes/my-listing/includes/integrations/wp-job-manager/wp-job-manager.php:622
Stack trace:
#0 /home/encyclov/grooveknocks.com/wp-includes/class-wp-hook.php(286): CASE27\Integrations\WPJM\ListingManager->setup_permalink_settings(Object(WP_Screen))
#1 /home/encyclov/grooveknocks.com/wp-includes/class-wp-hook.php(310): WP_Hook->apply_filters(NULL, Array)
#2 /home/encyclov/grooveknocks.com/wp-includes/plugin.php(453): WP_Hook->do_action(Array)
#3 /home/encyclov/grooveknocks.com/wp-admin/includes/class-wp-screen.php(386): do_action('current_screen', Object(WP_Screen))
#4 /home/encyclov/grooveknocks.com/wp-admin/includes/screen.php(232): WP_Screen->set_current_screen()
#5 /home/encyclov/grooveknocks.com/wp-content/plugins/jetpack/sync/class.jetpack-sync-sender.php(154): set_current_screen('sync')
#6 /home/encyclov/grooveknocks.com/wp-content/plugins/jetpack/sync/class.jetpack-sync-s in /home/encyclov/grooveknocks.com/wp-content/themes/my-listing/includes/integrations/wp-job-manager/wp-job-manager.php on line 622

2019-03-03T18:50:47+00:00 CRITICAL Uncaught Error: Call to undefined function CASE27\Integrations\WPJM\add_settings_field() in /home/encyclov/grooveknocks.com/wp-content/themes/my-listing/includes/integrations/wp-job-manager/wp-job-manager.php:622
Stack trace:
#0 /home/encyclov/grooveknocks.com/wp-includes/class-wp-hook.php(286): CASE27\Integrations\WPJM\ListingManager->setup_permalink_settings(Object(WP_Screen))
#1 /home/encyclov/grooveknocks.com/wp-includes/class-wp-hook.php(310): WP_Hook->apply_filters(NULL, Array)
#2 /home/encyclov/grooveknocks.com/wp-includes/plugin.php(453): WP_Hook->do_action(Array)
#3 /home/encyclov/grooveknocks.com/wp-admin/includes/class-wp-screen.php(386): do_action('current_screen', Object(WP_Screen))
#4 /home/encyclov/grooveknocks.com/wp-admin/includes/screen.php(232): WP_Screen->set_current_screen()
#5 /home/encyclov/grooveknocks.com/wp-content/plugins/jetpack/sync/class.jetpack-sync-sender.php(154): set_current_screen('sync')
#6 /home/encyclov/grooveknocks.com/wp-content/plugins/jetpack/sync/class.jetpack-sync-s in /home/encyclov/grooveknocks.com/wp-content/themes/my-listing/includes/integrations/wp-job-manager/wp-job-manager.php on line 622

2019-03-03T19:00:41+00:00 CRITICAL Uncaught Error: Call to undefined function CASE27\Integrations\WPJM\add_settings_field() in /home/encyclov/grooveknocks.com/wp-content/themes/my-listing/includes/integrations/wp-job-manager/wp-job-manager.php:622
Stack trace:
#0 /home/encyclov/grooveknocks.com/wp-includes/class-wp-hook.php(286): CASE27\Integrations\WPJM\ListingManager->setup_permalink_settings(Object(WP_Screen))
#1 /home/encyclov/grooveknocks.com/wp-includes/class-wp-hook.php(310): WP_Hook->apply_filters(NULL, Array)
#2 /home/encyclov/grooveknocks.com/wp-includes/plugin.php(453): WP_Hook->do_action(Array)
#3 /home/encyclov/grooveknocks.com/wp-admin/includes/class-wp-screen.php(386): do_action('current_screen', Object(WP_Screen))
#4 /home/encyclov/grooveknocks.com/wp-admin/includes/screen.php(232): WP_Screen->set_current_screen()
#5 /home/encyclov/grooveknocks.com/wp-content/plugins/jetpack/sync/class.jetpack-sync-sender.php(154): set_current_screen('sync')
#6 /home/encyclov/grooveknocks.com/wp-content/plugins/jetpack/sync/class.jetpack-sync-s in /home/encyclov/grooveknocks.com/wp-content/themes/my-listing/includes/integrations/wp-job-manager/wp-job-manager.php on line 622

2019-03-03T19:08:18+00:00 CRITICAL Uncaught Error: Call to undefined function CASE27\Integrations\WPJM\add_settings_field() in /home/encyclov/grooveknocks.com/wp-content/themes/my-listing/includes/integrations/wp-job-manager/wp-job-manager.php:622
Stack trace:
#0 /home/encyclov/grooveknocks.com/wp-includes/class-wp-hook.php(286): CASE27\Integrations\WPJM\ListingManager->setup_permalink_settings(Object(WP_Screen))
#1 /home/encyclov/grooveknocks.com/wp-includes/class-wp-hook.php(310): WP_Hook->apply_filters(NULL, Array)
#2 /home/encyclov/grooveknocks.com/wp-includes/plugin.php(453): WP_Hook->do_action(Array)
#3 /home/encyclov/grooveknocks.com/wp-admin/includes/class-wp-screen.php(386): do_action('current_screen', Object(WP_Screen))
#4 /home/encyclov/grooveknocks.com/wp-admin/includes/screen.php(232): WP_Screen->set_current_screen()
#5 /home/encyclov/grooveknocks.com/wp-content/plugins/jetpack/sync/class.jetpack-sync-sender.php(154): set_current_screen('sync')
#6 /home/encyclov/grooveknocks.com/wp-content/plugins/jetpack/sync/class.jetpack-sync-s in /home/encyclov/grooveknocks.com/wp-content/themes/my-listing/includes/integrations/wp-job-manager/wp-job-manager.php on line 622

2019-03-03T19:13:56+00:00 CRITICAL Uncaught Error: Call to undefined function CASE27\Integrations\WPJM\add_settings_field() in /home/encyclov/grooveknocks.com/wp-content/themes/my-listing/includes/integrations/wp-job-manager/wp-job-manager.php:622
Stack trace:
#0 /home/encyclov/grooveknocks.com/wp-includes/class-wp-hook.php(286): CASE27\Integrations\WPJM\ListingManager->setup_permalink_settings(Object(WP_Screen))
#1 /home/encyclov/grooveknocks.com/wp-includes/class-wp-hook.php(310): WP_Hook->apply_filters(NULL, Array)
#2 /home/encyclov/grooveknocks.com/wp-includes/plugin.php(453): WP_Hook->do_action(Array)
#3 /home/encyclov/grooveknocks.com/wp-admin/includes/class-wp-screen.php(386): do_action('current_screen', Object(WP_Screen))
#4 /home/encyclov/grooveknocks.com/wp-admin/includes/screen.php(232): WP_Screen->set_current_screen()
#5 /home/encyclov/grooveknocks.com/wp-content/plugins/jetpack/sync/class.jetpack-sync-sender.php(154): set_current_screen('sync')
#6 /home/encyclov/grooveknocks.com/wp-content/plugins/jetpack/sync/class.jetpack-sync-s in /home/encyclov/grooveknocks.com/wp-content/themes/my-listing/includes/integrations/wp-job-manager/wp-job-manager.php on line 622

2019-03-03T19:22:43+00:00 CRITICAL Uncaught Error: Call to undefined function CASE27\Integrations\WPJM\add_settings_field() in /home/encyclov/grooveknocks.com/wp-content/themes/my-listing/includes/integrations/wp-job-manager/wp-job-manager.php:622
Stack trace:
#0 /home/encyclov/grooveknocks.com/wp-includes/class-wp-hook.php(286): CASE27\Integrations\WPJM\ListingManager->setup_permalink_settings(Object(WP_Screen))
#1 /home/encyclov/grooveknocks.com/wp-includes/class-wp-hook.php(310): WP_Hook->apply_filters(NULL, Array)
#2 /home/encyclov/grooveknocks.com/wp-includes/plugin.php(453): WP_Hook->do_action(Array)
#3 /home/encyclov/grooveknocks.com/wp-admin/includes/class-wp-screen.php(386): do_action('current_screen', Object(WP_Screen))
#4 /home/encyclov/grooveknocks.com/wp-admin/includes/screen.php(232): WP_Screen->set_current_screen()
#5 /home/encyclov/grooveknocks.com/wp-content/plugins/jetpack/sync/class.jetpack-sync-sender.php(154): set_current_screen('sync')
#6 /home/encyclov/grooveknocks.com/wp-content/plugins/jetpack/sync/class.jetpack-sync-s in /home/encyclov/grooveknocks.com/wp-content/themes/my-listing/includes/integrations/wp-job-manager/wp-job-manager.php on line 622

2019-03-03T19:28:17+00:00 CRITICAL Uncaught Error: Call to undefined function CASE27\Integrations\WPJM\add_settings_field() in /home/encyclov/grooveknocks.com/wp-content/themes/my-listing/includes/integrations/wp-job-manager/wp-job-manager.php:622
Stack trace:
#0 /home/encyclov/grooveknocks.com/wp-includes/class-wp-hook.php(286): CASE27\Integrations\WPJM\ListingManager->setup_permalink_settings(Object(WP_Screen))
#1 /home/encyclov/grooveknocks.com/wp-includes/class-wp-hook.php(310): WP_Hook->apply_filters(NULL, Array)
#2 /home/encyclov/grooveknocks.com/wp-includes/plugin.php(453): WP_Hook->do_action(Array)
#3 /home/encyclov/grooveknocks.com/wp-admin/includes/class-wp-screen.php(386): do_action('current_screen', Object(WP_Screen))
#4 /home/encyclov/grooveknocks.com/wp-admin/includes/screen.php(232): WP_Screen->set_current_screen()
#5 /home/encyclov/grooveknocks.com/wp-content/plugins/jetpack/sync/class.jetpack-sync-sender.php(154): set_current_screen('sync')
#6 /home/encyclov/grooveknocks.com/wp-content/plugins/jetpack/sync/class.jetpack-sync-s in /home/encyclov/grooveknocks.com/wp-content/themes/my-listing/includes/integrations/wp-job-manager/wp-job-manager.php on line 622

2019-03-03T19:32:32+00:00 CRITICAL Uncaught Error: Call to undefined function CASE27\Integrations\WPJM\add_settings_field() in /home/encyclov/grooveknocks.com/wp-content/themes/my-listing/includes/integrations/wp-job-manager/wp-job-manager.php:622
Stack trace:
#0 /home/encyclov/grooveknocks.com/wp-includes/class-wp-hook.php(286): CASE27\Integrations\WPJM\ListingManager->setup_permalink_settings(Object(WP_Screen))
#1 /home/encyclov/grooveknocks.com/wp-includes/class-wp-hook.php(310): WP_Hook->apply_filters(NULL, Array)
#2 /home/encyclov/grooveknocks.com/wp-includes/plugin.php(453): WP_Hook->do_action(Array)
#3 /home/encyclov/grooveknocks.com/wp-admin/includes/class-wp-screen.php(386): do_action('current_screen', Object(WP_Screen))
#4 /home/encyclov/grooveknocks.com/wp-admin/includes/screen.php(232): WP_Screen->set_current_screen()
#5 /home/encyclov/grooveknocks.com/wp-content/plugins/jetpack/sync/class.jetpack-sync-sender.php(154): set_current_screen('sync')
#6 /home/encyclov/grooveknocks.com/wp-content/plugins/jetpack/sync/class.jetpack-sync-s in /home/encyclov/grooveknocks.com/wp-content/themes/my-listing/includes/integrations/wp-job-manager/wp-job-manager.php on line 622

2019-03-03T19:34:50+00:00 CRITICAL Uncaught Error: Call to undefined function CASE27\Integrations\WPJM\add_settings_field() in /home/encyclov/grooveknocks.com/wp-content/themes/my-listing/includes/integrations/wp-job-manager/wp-job-manager.php:622
Stack trace:
#0 /home/encyclov/grooveknocks.com/wp-includes/class-wp-hook.php(286): CASE27\Integrations\WPJM\ListingManager->setup_permalink_settings(Object(WP_Screen))
#1 /home/encyclov/grooveknocks.com/wp-includes/class-wp-hook.php(310): WP_Hook->apply_filters(NULL, Array)
#2 /home/encyclov/grooveknocks.com/wp-includes/plugin.php(453): WP_Hook->do_action(Array)
#3 /home/encyclov/grooveknocks.com/wp-admin/includes/class-wp-screen.php(386): do_action('current_screen', Object(WP_Screen))
#4 /home/encyclov/grooveknocks.com/wp-admin/includes/screen.php(232): WP_Screen->set_current_screen()
#5 /home/encyclov/grooveknocks.com/wp-content/plugins/jetpack/sync/class.jetpack-sync-sender.php(154): set_current_screen('sync')
#6 /home/encyclov/grooveknocks.com/wp-content/plugins/jetpack/sync/class.jetpack-sync-s in /home/encyclov/grooveknocks.com/wp-content/themes/my-listing/includes/integrations/wp-job-manager/wp-job-manager.php on line 622

2019-03-03T19:42:38+00:00 CRITICAL Uncaught Error: Call to undefined function CASE27\Integrations\WPJM\add_settings_field() in /home/encyclov/grooveknocks.com/wp-content/themes/my-listing/includes/integrations/wp-job-manager/wp-job-manager.php:622
Stack trace:
#0 /home/encyclov/grooveknocks.com/wp-includes/class-wp-hook.php(286): CASE27\Integrations\WPJM\ListingManager->setup_permalink_settings(Object(WP_Screen))
#1 /home/encyclov/grooveknocks.com/wp-includes/class-wp-hook.php(310): WP_Hook->apply_filters(NULL, Array)
#2 /home/encyclov/grooveknocks.com/wp-includes/plugin.php(453): WP_Hook->do_action(Array)
#3 /home/encyclov/grooveknocks.com/wp-admin/includes/class-wp-screen.php(386): do_action('current_screen', Object(WP_Screen))
#4 /home/encyclov/grooveknocks.com/wp-admin/includes/screen.php(232): WP_Screen->set_current_screen()
#5 /home/encyclov/grooveknocks.com/wp-content/plugins/jetpack/sync/class.jetpack-sync-sender.php(154): set_current_screen('sync')
#6 /home/encyclov/grooveknocks.com/wp-content/plugins/jetpack/sync/class.jetpack-sync-s in /home/encyclov/grooveknocks.com/wp-content/themes/my-listing/includes/integrations/wp-job-manager/wp-job-manager.php on line 622

2019-03-03T19:50:12+00:00 CRITICAL Uncaught Error: Call to undefined function CASE27\Integrations\WPJM\add_settings_field() in /home/encyclov/grooveknocks.com/wp-content/themes/my-listing/includes/integrations/wp-job-manager/wp-job-manager.php:622
Stack trace:
#0 /home/encyclov/grooveknocks.com/wp-includes/class-wp-hook.php(286): CASE27\Integrations\WPJM\ListingManager->setup_permalink_settings(Object(WP_Screen))
#1 /home/encyclov/grooveknocks.com/wp-includes/class-wp-hook.php(310): WP_Hook->apply_filters(NULL, Array)
#2 /home/encyclov/grooveknocks.com/wp-includes/plugin.php(453): WP_Hook->do_action(Array)
#3 /home/encyclov/grooveknocks.com/wp-admin/includes/class-wp-screen.php(386): do_action('current_screen', Object(WP_Screen))
#4 /home/encyclov/grooveknocks.com/wp-admin/includes/screen.php(232): WP_Screen->set_current_screen()
#5 /home/encyclov/grooveknocks.com/wp-content/plugins/jetpack/sync/class.jetpack-sync-sender.php(154): set_current_screen('sync')
#6 /home/encyclov/grooveknocks.com/wp-content/plugins/jetpack/sync/class.jetpack-sync-s in /home/encyclov/grooveknocks.com/wp-content/themes/my-listing/includes/integrations/wp-job-manager/wp-job-manager.php on line 622

2019-03-03T19:55:24+00:00 CRITICAL Uncaught Error: Call to undefined function CASE27\Integrations\WPJM\add_settings_field() in /home/encyclov/grooveknocks.com/wp-content/themes/my-listing/includes/integrations/wp-job-manager/wp-job-manager.php:622
Stack trace:
#0 /home/encyclov/grooveknocks.com/wp-includes/class-wp-hook.php(286): CASE27\Integrations\WPJM\ListingManager->setup_permalink_settings(Object(WP_Screen))
#1 /home/encyclov/grooveknocks.com/wp-includes/class-wp-hook.php(310): WP_Hook->apply_filters(NULL, Array)
#2 /home/encyclov/grooveknocks.com/wp-includes/plugin.php(453): WP_Hook->do_action(Array)
#3 /home/encyclov/grooveknocks.com/wp-admin/includes/class-wp-screen.php(386): do_action('current_screen', Object(WP_Screen))
#4 /home/encyclov/grooveknocks.com/wp-admin/includes/screen.php(232): WP_Screen->set_current_screen()
#5 /home/encyclov/grooveknocks.com/wp-content/plugins/jetpack/sync/class.jetpack-sync-sender.php(154): set_current_screen('sync')
#6 /home/encyclov/grooveknocks.com/wp-content/plugins/jetpack/sync/class.jetpack-sync-s in /home/encyclov/grooveknocks.com/wp-content/themes/my-listing/includes/integrations/wp-job-manager/wp-job-manager.php on line 622

2019-03-03T20:04:43+00:00 CRITICAL Uncaught Error: Call to undefined function CASE27\Integrations\WPJM\add_settings_field() in /home/encyclov/grooveknocks.com/wp-content/themes/my-listing/includes/integrations/wp-job-manager/wp-job-manager.php:622
Stack trace:
#0 /home/encyclov/grooveknocks.com/wp-includes/class-wp-hook.php(286): CASE27\Integrations\WPJM\ListingManager->setup_permalink_settings(Object(WP_Screen))
#1 /home/encyclov/grooveknocks.com/wp-includes/class-wp-hook.php(310): WP_Hook->apply_filters(NULL, Array)
#2 /home/encyclov/grooveknocks.com/wp-includes/plugin.php(453): WP_Hook->do_action(Array)
#3 /home/encyclov/grooveknocks.com/wp-admin/includes/class-wp-screen.php(386): do_action('current_screen', Object(WP_Screen))
#4 /home/encyclov/grooveknocks.com/wp-admin/includes/screen.php(232): WP_Screen->set_current_screen()
#5 /home/encyclov/grooveknocks.com/wp-content/plugins/jetpack/sync/class.jetpack-sync-sender.php(154): set_current_screen('sync')
#6 /home/encyclov/grooveknocks.com/wp-content/plugins/jetpack/sync/class.jetpack-sync-s in /home/encyclov/grooveknocks.com/wp-content/themes/my-listing/includes/integrations/wp-job-manager/wp-job-manager.php on line 622

2019-03-03T20:10:15+00:00 CRITICAL Uncaught Error: Call to undefined function CASE27\Integrations\WPJM\add_settings_field() in /home/encyclov/grooveknocks.com/wp-content/themes/my-listing/includes/integrations/wp-job-manager/wp-job-manager.php:622
Stack trace:
#0 /home/encyclov/grooveknocks.com/wp-includes/class-wp-hook.php(286): CASE27\Integrations\WPJM\ListingManager->setup_permalink_settings(Object(WP_Screen))
#1 /home/encyclov/grooveknocks.com/wp-includes/class-wp-hook.php(310): WP_Hook->apply_filters(NULL, Array)
#2 /home/encyclov/grooveknocks.com/wp-includes/plugin.php(453): WP_Hook->do_action(Array)
#3 /home/encyclov/grooveknocks.com/wp-admin/includes/class-wp-screen.php(386): do_action('current_screen', Object(WP_Screen))
#4 /home/encyclov/grooveknocks.com/wp-admin/includes/screen.php(232): WP_Screen->set_current_screen()
#5 /home/encyclov/grooveknocks.com/wp-content/plugins/jetpack/sync/class.jetpack-sync-sender.php(154): set_current_screen('sync')
#6 /home/encyclov/grooveknocks.com/wp-content/plugins/jetpack/sync/class.jetpack-sync-s in /home/encyclov/grooveknocks.com/wp-content/themes/my-listing/includes/integrations/wp-job-manager/wp-job-manager.php on line 622

2019-03-03T20:13:09+00:00 CRITICAL Uncaught Error: Call to undefined function CASE27\Integrations\WPJM\add_settings_field() in /home/encyclov/grooveknocks.com/wp-content/themes/my-listing/includes/integrations/wp-job-manager/wp-job-manager.php:622
Stack trace:
#0 /home/encyclov/grooveknocks.com/wp-includes/class-wp-hook.php(286): CASE27\Integrations\WPJM\ListingManager->setup_permalink_settings(Object(WP_Screen))
#1 /home/encyclov/grooveknocks.com/wp-includes/class-wp-hook.php(310): WP_Hook->apply_filters(NULL, Array)
#2 /home/encyclov/grooveknocks.com/wp-includes/plugin.php(453): WP_Hook->do_action(Array)
#3 /home/encyclov/grooveknocks.com/wp-admin/includes/class-wp-screen.php(386): do_action('current_screen', Object(WP_Screen))
#4 /home/encyclov/grooveknocks.com/wp-admin/includes/screen.php(232): WP_Screen->set_current_screen()
#5 /home/encyclov/grooveknocks.com/wp-content/plugins/jetpack/sync/class.jetpack-sync-sender.php(154): set_current_screen('sync')
#6 /home/encyclov/grooveknocks.com/wp-content/plugins/jetpack/sync/class.jetpack-sync-s in /home/encyclov/grooveknocks.com/wp-content/themes/my-listing/includes/integrations/wp-job-manager/wp-job-manager.php on line 622

2019-03-03T20:17:28+00:00 CRITICAL Uncaught Error: Call to undefined function CASE27\Integrations\WPJM\add_settings_field() in /home/encyclov/grooveknocks.com/wp-content/themes/my-listing/includes/integrations/wp-job-manager/wp-job-manager.php:622
Stack trace:
#0 /home/encyclov/grooveknocks.com/wp-includes/class-wp-hook.php(286): CASE27\Integrations\WPJM\ListingManager->setup_permalink_settings(Object(WP_Screen))
#1 /home/encyclov/grooveknocks.com/wp-includes/class-wp-hook.php(310): WP_Hook->apply_filters(NULL, Array)
#2 /home/encyclov/grooveknocks.com/wp-includes/plugin.php(453): WP_Hook->do_action(Array)
#3 /home/encyclov/grooveknocks.com/wp-admin/includes/class-wp-screen.php(386): do_action('current_screen', Object(WP_Screen))
#4 /home/encyclov/grooveknocks.com/wp-admin/includes/screen.php(232): WP_Screen->set_current_screen()
#5 /home/encyclov/grooveknocks.com/wp-content/plugins/jetpack/sync/class.jetpack-sync-sender.php(154): set_current_screen('sync')
#6 /home/encyclov/grooveknocks.com/wp-content/plugins/jetpack/sync/class.jetpack-sync-s in /home/encyclov/grooveknocks.com/wp-content/themes/my-listing/includes/integrations/wp-job-manager/wp-job-manager.php on line 622

2019-03-03T20:24:42+00:00 CRITICAL Uncaught Error: Call to undefined function CASE27\Integrations\WPJM\add_settings_field() in /home/encyclov/grooveknocks.com/wp-content/themes/my-listing/includes/integrations/wp-job-manager/wp-job-manager.php:622
Stack trace:
#0 /home/encyclov/grooveknocks.com/wp-includes/class-wp-hook.php(286): CASE27\Integrations\WPJM\ListingManager->setup_permalink_settings(Object(WP_Screen))
#1 /home/encyclov/grooveknocks.com/wp-includes/class-wp-hook.php(310): WP_Hook->apply_filters(NULL, Array)
#2 /home/encyclov/grooveknocks.com/wp-includes/plugin.php(453): WP_Hook->do_action(Array)
#3 /home/encyclov/grooveknocks.com/wp-admin/includes/class-wp-screen.php(386): do_action('current_screen', Object(WP_Screen))
#4 /home/encyclov/grooveknocks.com/wp-admin/includes/screen.php(232): WP_Screen->set_current_screen()
#5 /home/encyclov/grooveknocks.com/wp-content/plugins/jetpack/sync/class.jetpack-sync-sender.php(154): set_current_screen('sync')
#6 /home/encyclov/grooveknocks.com/wp-content/plugins/jetpack/sync/class.jetpack-sync-s in /home/encyclov/grooveknocks.com/wp-content/themes/my-listing/includes/integrations/wp-job-manager/wp-job-manager.php on line 622

2019-03-03T20:30:22+00:00 CRITICAL Uncaught Error: Call to undefined function CASE27\Integrations\WPJM\add_settings_field() in /home/encyclov/grooveknocks.com/wp-content/themes/my-listing/includes/integrations/wp-job-manager/wp-job-manager.php:622
Stack trace:
#0 /home/encyclov/grooveknocks.com/wp-includes/class-wp-hook.php(286): CASE27\Integrations\WPJM\ListingManager->setup_permalink_settings(Object(WP_Screen))
#1 /home/encyclov/grooveknocks.com/wp-includes/class-wp-hook.php(310): WP_Hook->apply_filters(NULL, Array)
#2 /home/encyclov/grooveknocks.com/wp-includes/plugin.php(453): WP_Hook->do_action(Array)
#3 /home/encyclov/grooveknocks.com/wp-admin/includes/class-wp-screen.php(386): do_action('current_screen', Object(WP_Screen))
#4 /home/encyclov/grooveknocks.com/wp-admin/includes/screen.php(232): WP_Screen->set_current_screen()
#5 /home/encyclov/grooveknocks.com/wp-content/plugins/jetpack/sync/class.jetpack-sync-sender.php(154): set_current_screen('sync')
#6 /home/encyclov/grooveknocks.com/wp-content/plugins/jetpack/sync/class.jetpack-sync-s in /home/encyclov/grooveknocks.com/wp-content/themes/my-listing/includes/integrations/wp-job-manager/wp-job-manager.php on line 622

2019-03-03T20:37:29+00:00 CRITICAL Uncaught Error: Call to undefined function CASE27\Integrations\WPJM\add_settings_field() in /home/encyclov/grooveknocks.com/wp-content/themes/my-listing/includes/integrations/wp-job-manager/wp-job-manager.php:622
Stack trace:
#0 /home/encyclov/grooveknocks.com/wp-includes/class-wp-hook.php(286): CASE27\Integrations\WPJM\ListingManager->setup_permalink_settings(Object(WP_Screen))
#1 /home/encyclov/grooveknocks.com/wp-includes/class-wp-hook.php(310): WP_Hook->apply_filters(NULL, Array)
#2 /home/encyclov/grooveknocks.com/wp-includes/plugin.php(453): WP_Hook->do_action(Array)
#3 /home/encyclov/grooveknocks.com/wp-admin/includes/class-wp-screen.php(386): do_action('current_screen', Object(WP_Screen))
#4 /home/encyclov/grooveknocks.com/wp-admin/includes/screen.php(232): WP_Screen->set_current_screen()
#5 /home/encyclov/grooveknocks.com/wp-content/plugins/jetpack/sync/class.jetpack-sync-sender.php(154): set_current_screen('sync')
#6 /home/encyclov/grooveknocks.com/wp-content/plugins/jetpack/sync/class.jetpack-sync-s in /home/encyclov/grooveknocks.com/wp-content/themes/my-listing/includes/integrations/wp-job-manager/wp-job-manager.php on line 622

2019-03-03T20:45:34+00:00 CRITICAL Uncaught Error: Call to undefined function CASE27\Integrations\WPJM\add_settings_field() in /home/encyclov/grooveknocks.com/wp-content/themes/my-listing/includes/integrations/wp-job-manager/wp-job-manager.php:622
Stack trace:
#0 /home/encyclov/grooveknocks.com/wp-includes/class-wp-hook.php(286): CASE27\Integrations\WPJM\ListingManager->setup_permalink_settings(Object(WP_Screen))
#1 /home/encyclov/grooveknocks.com/wp-includes/class-wp-hook.php(310): WP_Hook->apply_filters(NULL, Array)
#2 /home/encyclov/grooveknocks.com/wp-includes/plugin.php(453): WP_Hook->do_action(Array)
#3 /home/encyclov/grooveknocks.com/wp-admin/includes/class-wp-screen.php(386): do_action('current_screen', Object(WP_Screen))
#4 /home/encyclov/grooveknocks.com/wp-admin/includes/screen.php(232): WP_Screen->set_current_screen()
#5 /home/encyclov/grooveknocks.com/wp-content/plugins/jetpack/sync/class.jetpack-sync-sender.php(154): set_current_screen('sync')
#6 /home/encyclov/grooveknocks.com/wp-content/plugins/jetpack/sync/class.jetpack-sync-s in /home/encyclov/grooveknocks.com/wp-content/themes/my-listing/includes/integrations/wp-job-manager/wp-job-manager.php on line 622

2019-03-03T20:53:20+00:00 CRITICAL Uncaught Error: Call to undefined function CASE27\Integrations\WPJM\add_settings_field() in /home/encyclov/grooveknocks.com/wp-content/themes/my-listing/includes/integrations/wp-job-manager/wp-job-manager.php:622
Stack trace:
#0 /home/encyclov/grooveknocks.com/wp-includes/class-wp-hook.php(286): CASE27\Integrations\WPJM\ListingManager->setup_permalink_settings(Object(WP_Screen))
#1 /home/encyclov/grooveknocks.com/wp-includes/class-wp-hook.php(310): WP_Hook->apply_filters(NULL, Array)
#2 /home/encyclov/grooveknocks.com/wp-includes/plugin.php(453): WP_Hook->do_action(Array)
#3 /home/encyclov/grooveknocks.com/wp-admin/includes/class-wp-screen.php(386): do_action('current_screen', Object(WP_Screen))
#4 /home/encyclov/grooveknocks.com/wp-admin/includes/screen.php(232): WP_Screen->set_current_screen()
#5 /home/encyclov/grooveknocks.com/wp-content/plugins/jetpack/sync/class.jetpack-sync-sender.php(154): set_current_screen('sync')
#6 /home/encyclov/grooveknocks.com/wp-content/plugins/jetpack/sync/class.jetpack-sync-s in /home/encyclov/grooveknocks.com/wp-content/themes/my-listing/includes/integrations/wp-job-manager/wp-job-manager.php on line 622

2019-03-03T20:58:37+00:00 CRITICAL Uncaught Error: Call to undefined function CASE27\Integrations\WPJM\add_settings_field() in /home/encyclov/grooveknocks.com/wp-content/themes/my-listing/includes/integrations/wp-job-manager/wp-job-manager.php:622
Stack trace:
#0 /home/encyclov/grooveknocks.com/wp-includes/class-wp-hook.php(286): CASE27\Integrations\WPJM\ListingManager->setup_permalink_settings(Object(WP_Screen))
#1 /home/encyclov/grooveknocks.com/wp-includes/class-wp-hook.php(310): WP_Hook->apply_filters(NULL, Array)
#2 /home/encyclov/grooveknocks.com/wp-includes/plugin.php(453): WP_Hook->do_action(Array)
#3 /home/encyclov/grooveknocks.com/wp-admin/includes/class-wp-screen.php(386): do_action('current_screen', Object(WP_Screen))
#4 /home/encyclov/grooveknocks.com/wp-admin/includes/screen.php(232): WP_Screen->set_current_screen()
#5 /home/encyclov/grooveknocks.com/wp-content/plugins/jetpack/sync/class.jetpack-sync-sender.php(154): set_current_screen('sync')
#6 /home/encyclov/grooveknocks.com/wp-content/plugins/jetpack/sync/class.jetpack-sync-s in /home/encyclov/grooveknocks.com/wp-content/themes/my-listing/includes/integrations/wp-job-manager/wp-job-manager.php on line 622

2019-03-03T21:12:50+00:00 CRITICAL Uncaught Error: Call to undefined function CASE27\Integrations\WPJM\add_settings_field() in /home/encyclov/grooveknocks.com/wp-content/themes/my-listing/includes/integrations/wp-job-manager/wp-job-manager.php:622
Stack trace:
#0 /home/encyclov/grooveknocks.com/wp-includes/class-wp-hook.php(286): CASE27\Integrations\WPJM\ListingManager->setup_permalink_settings(Object(WP_Screen))
#1 /home/encyclov/grooveknocks.com/wp-includes/class-wp-hook.php(310): WP_Hook->apply_filters(NULL, Array)
#2 /home/encyclov/grooveknocks.com/wp-includes/plugin.php(453): WP_Hook->do_action(Array)
#3 /home/encyclov/grooveknocks.com/wp-admin/includes/class-wp-screen.php(386): do_action('current_screen', Object(WP_Screen))
#4 /home/encyclov/grooveknocks.com/wp-admin/includes/screen.php(232): WP_Screen->set_current_screen()
#5 /home/encyclov/grooveknocks.com/wp-content/plugins/jetpack/sync/class.jetpack-sync-sender.php(154): set_current_screen('sync')
#6 /home/encyclov/grooveknocks.com/wp-content/plugins/jetpack/sync/class.jetpack-sync-s in /home/encyclov/grooveknocks.com/wp-content/themes/my-listing/includes/integrations/wp-job-manager/wp-job-manager.php on line 622

2019-03-03T21:27:41+00:00 CRITICAL Uncaught Error: Call to undefined function CASE27\Integrations\WPJM\add_settings_field() in /home/encyclov/grooveknocks.com/wp-content/themes/my-listing/includes/integrations/wp-job-manager/wp-job-manager.php:622
Stack trace:
#0 /home/encyclov/grooveknocks.com/wp-includes/class-wp-hook.php(286): CASE27\Integrations\WPJM\ListingManager->setup_permalink_settings(Object(WP_Screen))
#1 /home/encyclov/grooveknocks.com/wp-includes/class-wp-hook.php(310): WP_Hook->apply_filters(NULL, Array)
#2 /home/encyclov/grooveknocks.com/wp-includes/plugin.php(453): WP_Hook->do_action(Array)
#3 /home/encyclov/grooveknocks.com/wp-admin/includes/class-wp-screen.php(386): do_action('current_screen', Object(WP_Screen))
#4 /home/encyclov/grooveknocks.com/wp-admin/includes/screen.php(232): WP_Screen->set_current_screen()
#5 /home/encyclov/grooveknocks.com/wp-content/plugins/jetpack/sync/class.jetpack-sync-sender.php(154): set_current_screen('sync')
#6 /home/encyclov/grooveknocks.com/wp-content/plugins/jetpack/sync/class.jetpack-sync-s in /home/encyclov/grooveknocks.com/wp-content/themes/my-listing/includes/integrations/wp-job-manager/wp-job-manager.php on line 622

