2019-02-17T15:01:51+00:00 CRITICAL Uncaught Error: Call to undefined function CASE27\Integrations\WPJM\add_settings_field() in /home/encyclov/grooveknocks.com/wp-content/themes/my-listing/includes/integrations/wp-job-manager/wp-job-manager.php:622
Stack trace:
#0 /home/encyclov/grooveknocks.com/wp-includes/class-wp-hook.php(286): CASE27\Integrations\WPJM\ListingManager->setup_permalink_settings(Object(WP_Screen))
#1 /home/encyclov/grooveknocks.com/wp-includes/class-wp-hook.php(310): WP_Hook->apply_filters(NULL, Array)
#2 /home/encyclov/grooveknocks.com/wp-includes/plugin.php(453): WP_Hook->do_action(Array)
#3 /home/encyclov/grooveknocks.com/wp-admin/includes/class-wp-screen.php(386): do_action('current_screen', Object(WP_Screen))
#4 /home/encyclov/grooveknocks.com/wp-admin/includes/screen.php(232): WP_Screen->set_current_screen()
#5 /home/encyclov/grooveknocks.com/wp-content/plugins/jetpack/sync/class.jetpack-sync-sender.php(154): set_current_screen('sync')
#6 /home/encyclov/grooveknocks.com/wp-content/plugins/jetpack/sync/class.jetpack-sync-s in /home/encyclov/grooveknocks.com/wp-content/themes/my-listing/includes/integrations/wp-job-manager/wp-job-manager.php on line 622

2019-02-17T15:09:06+00:00 CRITICAL Uncaught Error: Call to undefined function CASE27\Integrations\WPJM\add_settings_field() in /home/encyclov/grooveknocks.com/wp-content/themes/my-listing/includes/integrations/wp-job-manager/wp-job-manager.php:622
Stack trace:
#0 /home/encyclov/grooveknocks.com/wp-includes/class-wp-hook.php(286): CASE27\Integrations\WPJM\ListingManager->setup_permalink_settings(Object(WP_Screen))
#1 /home/encyclov/grooveknocks.com/wp-includes/class-wp-hook.php(310): WP_Hook->apply_filters(NULL, Array)
#2 /home/encyclov/grooveknocks.com/wp-includes/plugin.php(453): WP_Hook->do_action(Array)
#3 /home/encyclov/grooveknocks.com/wp-admin/includes/class-wp-screen.php(386): do_action('current_screen', Object(WP_Screen))
#4 /home/encyclov/grooveknocks.com/wp-admin/includes/screen.php(232): WP_Screen->set_current_screen()
#5 /home/encyclov/grooveknocks.com/wp-content/plugins/jetpack/sync/class.jetpack-sync-sender.php(154): set_current_screen('sync')
#6 /home/encyclov/grooveknocks.com/wp-content/plugins/jetpack/sync/class.jetpack-sync-s in /home/encyclov/grooveknocks.com/wp-content/themes/my-listing/includes/integrations/wp-job-manager/wp-job-manager.php on line 622

2019-02-17T15:14:47+00:00 CRITICAL Uncaught Error: Call to undefined function CASE27\Integrations\WPJM\add_settings_field() in /home/encyclov/grooveknocks.com/wp-content/themes/my-listing/includes/integrations/wp-job-manager/wp-job-manager.php:622
Stack trace:
#0 /home/encyclov/grooveknocks.com/wp-includes/class-wp-hook.php(286): CASE27\Integrations\WPJM\ListingManager->setup_permalink_settings(Object(WP_Screen))
#1 /home/encyclov/grooveknocks.com/wp-includes/class-wp-hook.php(310): WP_Hook->apply_filters(NULL, Array)
#2 /home/encyclov/grooveknocks.com/wp-includes/plugin.php(453): WP_Hook->do_action(Array)
#3 /home/encyclov/grooveknocks.com/wp-admin/includes/class-wp-screen.php(386): do_action('current_screen', Object(WP_Screen))
#4 /home/encyclov/grooveknocks.com/wp-admin/includes/screen.php(232): WP_Screen->set_current_screen()
#5 /home/encyclov/grooveknocks.com/wp-content/plugins/jetpack/sync/class.jetpack-sync-sender.php(154): set_current_screen('sync')
#6 /home/encyclov/grooveknocks.com/wp-content/plugins/jetpack/sync/class.jetpack-sync-s in /home/encyclov/grooveknocks.com/wp-content/themes/my-listing/includes/integrations/wp-job-manager/wp-job-manager.php on line 622

2019-02-17T15:23:32+00:00 CRITICAL Uncaught Error: Call to undefined function CASE27\Integrations\WPJM\add_settings_field() in /home/encyclov/grooveknocks.com/wp-content/themes/my-listing/includes/integrations/wp-job-manager/wp-job-manager.php:622
Stack trace:
#0 /home/encyclov/grooveknocks.com/wp-includes/class-wp-hook.php(286): CASE27\Integrations\WPJM\ListingManager->setup_permalink_settings(Object(WP_Screen))
#1 /home/encyclov/grooveknocks.com/wp-includes/class-wp-hook.php(310): WP_Hook->apply_filters(NULL, Array)
#2 /home/encyclov/grooveknocks.com/wp-includes/plugin.php(453): WP_Hook->do_action(Array)
#3 /home/encyclov/grooveknocks.com/wp-admin/includes/class-wp-screen.php(386): do_action('current_screen', Object(WP_Screen))
#4 /home/encyclov/grooveknocks.com/wp-admin/includes/screen.php(232): WP_Screen->set_current_screen()
#5 /home/encyclov/grooveknocks.com/wp-content/plugins/jetpack/sync/class.jetpack-sync-sender.php(154): set_current_screen('sync')
#6 /home/encyclov/grooveknocks.com/wp-content/plugins/jetpack/sync/class.jetpack-sync-s in /home/encyclov/grooveknocks.com/wp-content/themes/my-listing/includes/integrations/wp-job-manager/wp-job-manager.php on line 622

2019-02-17T15:25:32+00:00 CRITICAL Uncaught Error: Call to undefined function CASE27\Integrations\WPJM\add_settings_field() in /home/encyclov/grooveknocks.com/wp-content/themes/my-listing/includes/integrations/wp-job-manager/wp-job-manager.php:622
Stack trace:
#0 /home/encyclov/grooveknocks.com/wp-includes/class-wp-hook.php(286): CASE27\Integrations\WPJM\ListingManager->setup_permalink_settings(Object(WP_Screen))
#1 /home/encyclov/grooveknocks.com/wp-includes/class-wp-hook.php(310): WP_Hook->apply_filters(NULL, Array)
#2 /home/encyclov/grooveknocks.com/wp-includes/plugin.php(453): WP_Hook->do_action(Array)
#3 /home/encyclov/grooveknocks.com/wp-admin/includes/class-wp-screen.php(386): do_action('current_screen', Object(WP_Screen))
#4 /home/encyclov/grooveknocks.com/wp-admin/includes/screen.php(232): WP_Screen->set_current_screen()
#5 /home/encyclov/grooveknocks.com/wp-content/plugins/jetpack/sync/class.jetpack-sync-sender.php(154): set_current_screen('sync')
#6 /home/encyclov/grooveknocks.com/wp-content/plugins/jetpack/sync/class.jetpack-sync-s in /home/encyclov/grooveknocks.com/wp-content/themes/my-listing/includes/integrations/wp-job-manager/wp-job-manager.php on line 622

2019-02-17T15:36:04+00:00 CRITICAL Uncaught Error: Call to undefined function CASE27\Integrations\WPJM\add_settings_field() in /home/encyclov/grooveknocks.com/wp-content/themes/my-listing/includes/integrations/wp-job-manager/wp-job-manager.php:622
Stack trace:
#0 /home/encyclov/grooveknocks.com/wp-includes/class-wp-hook.php(286): CASE27\Integrations\WPJM\ListingManager->setup_permalink_settings(Object(WP_Screen))
#1 /home/encyclov/grooveknocks.com/wp-includes/class-wp-hook.php(310): WP_Hook->apply_filters(NULL, Array)
#2 /home/encyclov/grooveknocks.com/wp-includes/plugin.php(453): WP_Hook->do_action(Array)
#3 /home/encyclov/grooveknocks.com/wp-admin/includes/class-wp-screen.php(386): do_action('current_screen', Object(WP_Screen))
#4 /home/encyclov/grooveknocks.com/wp-admin/includes/screen.php(232): WP_Screen->set_current_screen()
#5 /home/encyclov/grooveknocks.com/wp-content/plugins/jetpack/sync/class.jetpack-sync-sender.php(154): set_current_screen('sync')
#6 /home/encyclov/grooveknocks.com/wp-content/plugins/jetpack/sync/class.jetpack-sync-s in /home/encyclov/grooveknocks.com/wp-content/themes/my-listing/includes/integrations/wp-job-manager/wp-job-manager.php on line 622

2019-02-17T15:43:28+00:00 CRITICAL Uncaught Error: Call to undefined function CASE27\Integrations\WPJM\add_settings_field() in /home/encyclov/grooveknocks.com/wp-content/themes/my-listing/includes/integrations/wp-job-manager/wp-job-manager.php:622
Stack trace:
#0 /home/encyclov/grooveknocks.com/wp-includes/class-wp-hook.php(286): CASE27\Integrations\WPJM\ListingManager->setup_permalink_settings(Object(WP_Screen))
#1 /home/encyclov/grooveknocks.com/wp-includes/class-wp-hook.php(310): WP_Hook->apply_filters(NULL, Array)
#2 /home/encyclov/grooveknocks.com/wp-includes/plugin.php(453): WP_Hook->do_action(Array)
#3 /home/encyclov/grooveknocks.com/wp-admin/includes/class-wp-screen.php(386): do_action('current_screen', Object(WP_Screen))
#4 /home/encyclov/grooveknocks.com/wp-admin/includes/screen.php(232): WP_Screen->set_current_screen()
#5 /home/encyclov/grooveknocks.com/wp-content/plugins/jetpack/sync/class.jetpack-sync-sender.php(154): set_current_screen('sync')
#6 /home/encyclov/grooveknocks.com/wp-content/plugins/jetpack/sync/class.jetpack-sync-s in /home/encyclov/grooveknocks.com/wp-content/themes/my-listing/includes/integrations/wp-job-manager/wp-job-manager.php on line 622

2019-02-17T15:51:24+00:00 CRITICAL Uncaught Error: Call to undefined function CASE27\Integrations\WPJM\add_settings_field() in /home/encyclov/grooveknocks.com/wp-content/themes/my-listing/includes/integrations/wp-job-manager/wp-job-manager.php:622
Stack trace:
#0 /home/encyclov/grooveknocks.com/wp-includes/class-wp-hook.php(286): CASE27\Integrations\WPJM\ListingManager->setup_permalink_settings(Object(WP_Screen))
#1 /home/encyclov/grooveknocks.com/wp-includes/class-wp-hook.php(310): WP_Hook->apply_filters(NULL, Array)
#2 /home/encyclov/grooveknocks.com/wp-includes/plugin.php(453): WP_Hook->do_action(Array)
#3 /home/encyclov/grooveknocks.com/wp-admin/includes/class-wp-screen.php(386): do_action('current_screen', Object(WP_Screen))
#4 /home/encyclov/grooveknocks.com/wp-admin/includes/screen.php(232): WP_Screen->set_current_screen()
#5 /home/encyclov/grooveknocks.com/wp-content/plugins/jetpack/sync/class.jetpack-sync-sender.php(154): set_current_screen('sync')
#6 /home/encyclov/grooveknocks.com/wp-content/plugins/jetpack/sync/class.jetpack-sync-s in /home/encyclov/grooveknocks.com/wp-content/themes/my-listing/includes/integrations/wp-job-manager/wp-job-manager.php on line 622

2019-02-17T15:53:25+00:00 CRITICAL Uncaught Error: Call to undefined function CASE27\Integrations\WPJM\add_settings_field() in /home/encyclov/grooveknocks.com/wp-content/themes/my-listing/includes/integrations/wp-job-manager/wp-job-manager.php:622
Stack trace:
#0 /home/encyclov/grooveknocks.com/wp-includes/class-wp-hook.php(286): CASE27\Integrations\WPJM\ListingManager->setup_permalink_settings(Object(WP_Screen))
#1 /home/encyclov/grooveknocks.com/wp-includes/class-wp-hook.php(310): WP_Hook->apply_filters(NULL, Array)
#2 /home/encyclov/grooveknocks.com/wp-includes/plugin.php(453): WP_Hook->do_action(Array)
#3 /home/encyclov/grooveknocks.com/wp-admin/includes/class-wp-screen.php(386): do_action('current_screen', Object(WP_Screen))
#4 /home/encyclov/grooveknocks.com/wp-admin/includes/screen.php(232): WP_Screen->set_current_screen()
#5 /home/encyclov/grooveknocks.com/wp-content/plugins/jetpack/sync/class.jetpack-sync-sender.php(154): set_current_screen('sync')
#6 /home/encyclov/grooveknocks.com/wp-content/plugins/jetpack/sync/class.jetpack-sync-s in /home/encyclov/grooveknocks.com/wp-content/themes/my-listing/includes/integrations/wp-job-manager/wp-job-manager.php on line 622

2019-02-17T15:57:02+00:00 CRITICAL Uncaught Error: Call to undefined function CASE27\Integrations\WPJM\add_settings_field() in /home/encyclov/grooveknocks.com/wp-content/themes/my-listing/includes/integrations/wp-job-manager/wp-job-manager.php:622
Stack trace:
#0 /home/encyclov/grooveknocks.com/wp-includes/class-wp-hook.php(286): CASE27\Integrations\WPJM\ListingManager->setup_permalink_settings(Object(WP_Screen))
#1 /home/encyclov/grooveknocks.com/wp-includes/class-wp-hook.php(310): WP_Hook->apply_filters(NULL, Array)
#2 /home/encyclov/grooveknocks.com/wp-includes/plugin.php(453): WP_Hook->do_action(Array)
#3 /home/encyclov/grooveknocks.com/wp-admin/includes/class-wp-screen.php(386): do_action('current_screen', Object(WP_Screen))
#4 /home/encyclov/grooveknocks.com/wp-admin/includes/screen.php(232): WP_Screen->set_current_screen()
#5 /home/encyclov/grooveknocks.com/wp-content/plugins/jetpack/sync/class.jetpack-sync-sender.php(154): set_current_screen('sync')
#6 /home/encyclov/grooveknocks.com/wp-content/plugins/jetpack/sync/class.jetpack-sync-s in /home/encyclov/grooveknocks.com/wp-content/themes/my-listing/includes/integrations/wp-job-manager/wp-job-manager.php on line 622

2019-02-17T16:12:23+00:00 CRITICAL Uncaught Error: Call to undefined function CASE27\Integrations\WPJM\add_settings_field() in /home/encyclov/grooveknocks.com/wp-content/themes/my-listing/includes/integrations/wp-job-manager/wp-job-manager.php:622
Stack trace:
#0 /home/encyclov/grooveknocks.com/wp-includes/class-wp-hook.php(286): CASE27\Integrations\WPJM\ListingManager->setup_permalink_settings(Object(WP_Screen))
#1 /home/encyclov/grooveknocks.com/wp-includes/class-wp-hook.php(310): WP_Hook->apply_filters(NULL, Array)
#2 /home/encyclov/grooveknocks.com/wp-includes/plugin.php(453): WP_Hook->do_action(Array)
#3 /home/encyclov/grooveknocks.com/wp-admin/includes/class-wp-screen.php(386): do_action('current_screen', Object(WP_Screen))
#4 /home/encyclov/grooveknocks.com/wp-admin/includes/screen.php(232): WP_Screen->set_current_screen()
#5 /home/encyclov/grooveknocks.com/wp-content/plugins/jetpack/sync/class.jetpack-sync-sender.php(154): set_current_screen('sync')
#6 /home/encyclov/grooveknocks.com/wp-content/plugins/jetpack/sync/class.jetpack-sync-s in /home/encyclov/grooveknocks.com/wp-content/themes/my-listing/includes/integrations/wp-job-manager/wp-job-manager.php on line 622

2019-02-17T16:25:31+00:00 CRITICAL Uncaught Error: Call to undefined function CASE27\Integrations\WPJM\add_settings_field() in /home/encyclov/grooveknocks.com/wp-content/themes/my-listing/includes/integrations/wp-job-manager/wp-job-manager.php:622
Stack trace:
#0 /home/encyclov/grooveknocks.com/wp-includes/class-wp-hook.php(286): CASE27\Integrations\WPJM\ListingManager->setup_permalink_settings(Object(WP_Screen))
#1 /home/encyclov/grooveknocks.com/wp-includes/class-wp-hook.php(310): WP_Hook->apply_filters(NULL, Array)
#2 /home/encyclov/grooveknocks.com/wp-includes/plugin.php(453): WP_Hook->do_action(Array)
#3 /home/encyclov/grooveknocks.com/wp-admin/includes/class-wp-screen.php(386): do_action('current_screen', Object(WP_Screen))
#4 /home/encyclov/grooveknocks.com/wp-admin/includes/screen.php(232): WP_Screen->set_current_screen()
#5 /home/encyclov/grooveknocks.com/wp-content/plugins/jetpack/sync/class.jetpack-sync-sender.php(154): set_current_screen('sync')
#6 /home/encyclov/grooveknocks.com/wp-content/plugins/jetpack/sync/class.jetpack-sync-s in /home/encyclov/grooveknocks.com/wp-content/themes/my-listing/includes/integrations/wp-job-manager/wp-job-manager.php on line 622

2019-02-17T16:35:43+00:00 CRITICAL Uncaught Error: Call to undefined function CASE27\Integrations\WPJM\add_settings_field() in /home/encyclov/grooveknocks.com/wp-content/themes/my-listing/includes/integrations/wp-job-manager/wp-job-manager.php:622
Stack trace:
#0 /home/encyclov/grooveknocks.com/wp-includes/class-wp-hook.php(286): CASE27\Integrations\WPJM\ListingManager->setup_permalink_settings(Object(WP_Screen))
#1 /home/encyclov/grooveknocks.com/wp-includes/class-wp-hook.php(310): WP_Hook->apply_filters(NULL, Array)
#2 /home/encyclov/grooveknocks.com/wp-includes/plugin.php(453): WP_Hook->do_action(Array)
#3 /home/encyclov/grooveknocks.com/wp-admin/includes/class-wp-screen.php(386): do_action('current_screen', Object(WP_Screen))
#4 /home/encyclov/grooveknocks.com/wp-admin/includes/screen.php(232): WP_Screen->set_current_screen()
#5 /home/encyclov/grooveknocks.com/wp-content/plugins/jetpack/sync/class.jetpack-sync-sender.php(154): set_current_screen('sync')
#6 /home/encyclov/grooveknocks.com/wp-content/plugins/jetpack/sync/class.jetpack-sync-s in /home/encyclov/grooveknocks.com/wp-content/themes/my-listing/includes/integrations/wp-job-manager/wp-job-manager.php on line 622

2019-02-17T16:46:25+00:00 CRITICAL Uncaught Error: Call to undefined function CASE27\Integrations\WPJM\add_settings_field() in /home/encyclov/grooveknocks.com/wp-content/themes/my-listing/includes/integrations/wp-job-manager/wp-job-manager.php:622
Stack trace:
#0 /home/encyclov/grooveknocks.com/wp-includes/class-wp-hook.php(286): CASE27\Integrations\WPJM\ListingManager->setup_permalink_settings(Object(WP_Screen))
#1 /home/encyclov/grooveknocks.com/wp-includes/class-wp-hook.php(310): WP_Hook->apply_filters(NULL, Array)
#2 /home/encyclov/grooveknocks.com/wp-includes/plugin.php(453): WP_Hook->do_action(Array)
#3 /home/encyclov/grooveknocks.com/wp-admin/includes/class-wp-screen.php(386): do_action('current_screen', Object(WP_Screen))
#4 /home/encyclov/grooveknocks.com/wp-admin/includes/screen.php(232): WP_Screen->set_current_screen()
#5 /home/encyclov/grooveknocks.com/wp-content/plugins/jetpack/sync/class.jetpack-sync-sender.php(154): set_current_screen('sync')
#6 /home/encyclov/grooveknocks.com/wp-content/plugins/jetpack/sync/class.jetpack-sync-s in /home/encyclov/grooveknocks.com/wp-content/themes/my-listing/includes/integrations/wp-job-manager/wp-job-manager.php on line 622

2019-02-17T16:51:41+00:00 CRITICAL Uncaught Error: Call to undefined function CASE27\Integrations\WPJM\add_settings_field() in /home/encyclov/grooveknocks.com/wp-content/themes/my-listing/includes/integrations/wp-job-manager/wp-job-manager.php:622
Stack trace:
#0 /home/encyclov/grooveknocks.com/wp-includes/class-wp-hook.php(286): CASE27\Integrations\WPJM\ListingManager->setup_permalink_settings(Object(WP_Screen))
#1 /home/encyclov/grooveknocks.com/wp-includes/class-wp-hook.php(310): WP_Hook->apply_filters(NULL, Array)
#2 /home/encyclov/grooveknocks.com/wp-includes/plugin.php(453): WP_Hook->do_action(Array)
#3 /home/encyclov/grooveknocks.com/wp-admin/includes/class-wp-screen.php(386): do_action('current_screen', Object(WP_Screen))
#4 /home/encyclov/grooveknocks.com/wp-admin/includes/screen.php(232): WP_Screen->set_current_screen()
#5 /home/encyclov/grooveknocks.com/wp-content/plugins/jetpack/sync/class.jetpack-sync-sender.php(154): set_current_screen('sync')
#6 /home/encyclov/grooveknocks.com/wp-content/plugins/jetpack/sync/class.jetpack-sync-s in /home/encyclov/grooveknocks.com/wp-content/themes/my-listing/includes/integrations/wp-job-manager/wp-job-manager.php on line 622

2019-02-17T16:56:25+00:00 CRITICAL Uncaught Error: Call to undefined function CASE27\Integrations\WPJM\add_settings_field() in /home/encyclov/grooveknocks.com/wp-content/themes/my-listing/includes/integrations/wp-job-manager/wp-job-manager.php:622
Stack trace:
#0 /home/encyclov/grooveknocks.com/wp-includes/class-wp-hook.php(286): CASE27\Integrations\WPJM\ListingManager->setup_permalink_settings(Object(WP_Screen))
#1 /home/encyclov/grooveknocks.com/wp-includes/class-wp-hook.php(310): WP_Hook->apply_filters(NULL, Array)
#2 /home/encyclov/grooveknocks.com/wp-includes/plugin.php(453): WP_Hook->do_action(Array)
#3 /home/encyclov/grooveknocks.com/wp-admin/includes/class-wp-screen.php(386): do_action('current_screen', Object(WP_Screen))
#4 /home/encyclov/grooveknocks.com/wp-admin/includes/screen.php(232): WP_Screen->set_current_screen()
#5 /home/encyclov/grooveknocks.com/wp-content/plugins/jetpack/sync/class.jetpack-sync-sender.php(154): set_current_screen('sync')
#6 /home/encyclov/grooveknocks.com/wp-content/plugins/jetpack/sync/class.jetpack-sync-s in /home/encyclov/grooveknocks.com/wp-content/themes/my-listing/includes/integrations/wp-job-manager/wp-job-manager.php on line 622

2019-02-17T17:00:41+00:00 CRITICAL Uncaught Error: Call to undefined function CASE27\Integrations\WPJM\add_settings_field() in /home/encyclov/grooveknocks.com/wp-content/themes/my-listing/includes/integrations/wp-job-manager/wp-job-manager.php:622
Stack trace:
#0 /home/encyclov/grooveknocks.com/wp-includes/class-wp-hook.php(286): CASE27\Integrations\WPJM\ListingManager->setup_permalink_settings(Object(WP_Screen))
#1 /home/encyclov/grooveknocks.com/wp-includes/class-wp-hook.php(310): WP_Hook->apply_filters(NULL, Array)
#2 /home/encyclov/grooveknocks.com/wp-includes/plugin.php(453): WP_Hook->do_action(Array)
#3 /home/encyclov/grooveknocks.com/wp-admin/includes/class-wp-screen.php(386): do_action('current_screen', Object(WP_Screen))
#4 /home/encyclov/grooveknocks.com/wp-admin/includes/screen.php(232): WP_Screen->set_current_screen()
#5 /home/encyclov/grooveknocks.com/wp-content/plugins/jetpack/sync/class.jetpack-sync-sender.php(154): set_current_screen('sync')
#6 /home/encyclov/grooveknocks.com/wp-content/plugins/jetpack/sync/class.jetpack-sync-s in /home/encyclov/grooveknocks.com/wp-content/themes/my-listing/includes/integrations/wp-job-manager/wp-job-manager.php on line 622

2019-02-17T17:07:28+00:00 CRITICAL Uncaught Error: Call to undefined function CASE27\Integrations\WPJM\add_settings_field() in /home/encyclov/grooveknocks.com/wp-content/themes/my-listing/includes/integrations/wp-job-manager/wp-job-manager.php:622
Stack trace:
#0 /home/encyclov/grooveknocks.com/wp-includes/class-wp-hook.php(286): CASE27\Integrations\WPJM\ListingManager->setup_permalink_settings(Object(WP_Screen))
#1 /home/encyclov/grooveknocks.com/wp-includes/class-wp-hook.php(310): WP_Hook->apply_filters(NULL, Array)
#2 /home/encyclov/grooveknocks.com/wp-includes/plugin.php(453): WP_Hook->do_action(Array)
#3 /home/encyclov/grooveknocks.com/wp-admin/includes/class-wp-screen.php(386): do_action('current_screen', Object(WP_Screen))
#4 /home/encyclov/grooveknocks.com/wp-admin/includes/screen.php(232): WP_Screen->set_current_screen()
#5 /home/encyclov/grooveknocks.com/wp-content/plugins/jetpack/sync/class.jetpack-sync-sender.php(154): set_current_screen('sync')
#6 /home/encyclov/grooveknocks.com/wp-content/plugins/jetpack/sync/class.jetpack-sync-s in /home/encyclov/grooveknocks.com/wp-content/themes/my-listing/includes/integrations/wp-job-manager/wp-job-manager.php on line 622

2019-02-17T17:13:56+00:00 CRITICAL Uncaught Error: Call to undefined function CASE27\Integrations\WPJM\add_settings_field() in /home/encyclov/grooveknocks.com/wp-content/themes/my-listing/includes/integrations/wp-job-manager/wp-job-manager.php:622
Stack trace:
#0 /home/encyclov/grooveknocks.com/wp-includes/class-wp-hook.php(286): CASE27\Integrations\WPJM\ListingManager->setup_permalink_settings(Object(WP_Screen))
#1 /home/encyclov/grooveknocks.com/wp-includes/class-wp-hook.php(310): WP_Hook->apply_filters(NULL, Array)
#2 /home/encyclov/grooveknocks.com/wp-includes/plugin.php(453): WP_Hook->do_action(Array)
#3 /home/encyclov/grooveknocks.com/wp-admin/includes/class-wp-screen.php(386): do_action('current_screen', Object(WP_Screen))
#4 /home/encyclov/grooveknocks.com/wp-admin/includes/screen.php(232): WP_Screen->set_current_screen()
#5 /home/encyclov/grooveknocks.com/wp-content/plugins/jetpack/sync/class.jetpack-sync-sender.php(154): set_current_screen('sync')
#6 /home/encyclov/grooveknocks.com/wp-content/plugins/jetpack/sync/class.jetpack-sync-s in /home/encyclov/grooveknocks.com/wp-content/themes/my-listing/includes/integrations/wp-job-manager/wp-job-manager.php on line 622

2019-02-17T17:20:33+00:00 CRITICAL Uncaught Error: Call to undefined function CASE27\Integrations\WPJM\add_settings_field() in /home/encyclov/grooveknocks.com/wp-content/themes/my-listing/includes/integrations/wp-job-manager/wp-job-manager.php:622
Stack trace:
#0 /home/encyclov/grooveknocks.com/wp-includes/class-wp-hook.php(286): CASE27\Integrations\WPJM\ListingManager->setup_permalink_settings(Object(WP_Screen))
#1 /home/encyclov/grooveknocks.com/wp-includes/class-wp-hook.php(310): WP_Hook->apply_filters(NULL, Array)
#2 /home/encyclov/grooveknocks.com/wp-includes/plugin.php(453): WP_Hook->do_action(Array)
#3 /home/encyclov/grooveknocks.com/wp-admin/includes/class-wp-screen.php(386): do_action('current_screen', Object(WP_Screen))
#4 /home/encyclov/grooveknocks.com/wp-admin/includes/screen.php(232): WP_Screen->set_current_screen()
#5 /home/encyclov/grooveknocks.com/wp-content/plugins/jetpack/sync/class.jetpack-sync-sender.php(154): set_current_screen('sync')
#6 /home/encyclov/grooveknocks.com/wp-content/plugins/jetpack/sync/class.jetpack-sync-s in /home/encyclov/grooveknocks.com/wp-content/themes/my-listing/includes/integrations/wp-job-manager/wp-job-manager.php on line 622

2019-02-17T17:28:40+00:00 CRITICAL Uncaught Error: Call to undefined function CASE27\Integrations\WPJM\add_settings_field() in /home/encyclov/grooveknocks.com/wp-content/themes/my-listing/includes/integrations/wp-job-manager/wp-job-manager.php:622
Stack trace:
#0 /home/encyclov/grooveknocks.com/wp-includes/class-wp-hook.php(286): CASE27\Integrations\WPJM\ListingManager->setup_permalink_settings(Object(WP_Screen))
#1 /home/encyclov/grooveknocks.com/wp-includes/class-wp-hook.php(310): WP_Hook->apply_filters(NULL, Array)
#2 /home/encyclov/grooveknocks.com/wp-includes/plugin.php(453): WP_Hook->do_action(Array)
#3 /home/encyclov/grooveknocks.com/wp-admin/includes/class-wp-screen.php(386): do_action('current_screen', Object(WP_Screen))
#4 /home/encyclov/grooveknocks.com/wp-admin/includes/screen.php(232): WP_Screen->set_current_screen()
#5 /home/encyclov/grooveknocks.com/wp-content/plugins/jetpack/sync/class.jetpack-sync-sender.php(154): set_current_screen('sync')
#6 /home/encyclov/grooveknocks.com/wp-content/plugins/jetpack/sync/class.jetpack-sync-s in /home/encyclov/grooveknocks.com/wp-content/themes/my-listing/includes/integrations/wp-job-manager/wp-job-manager.php on line 622

2019-02-17T17:30:54+00:00 CRITICAL Uncaught Error: Call to undefined function CASE27\Integrations\WPJM\add_settings_field() in /home/encyclov/grooveknocks.com/wp-content/themes/my-listing/includes/integrations/wp-job-manager/wp-job-manager.php:622
Stack trace:
#0 /home/encyclov/grooveknocks.com/wp-includes/class-wp-hook.php(286): CASE27\Integrations\WPJM\ListingManager->setup_permalink_settings(Object(WP_Screen))
#1 /home/encyclov/grooveknocks.com/wp-includes/class-wp-hook.php(310): WP_Hook->apply_filters(NULL, Array)
#2 /home/encyclov/grooveknocks.com/wp-includes/plugin.php(453): WP_Hook->do_action(Array)
#3 /home/encyclov/grooveknocks.com/wp-admin/includes/class-wp-screen.php(386): do_action('current_screen', Object(WP_Screen))
#4 /home/encyclov/grooveknocks.com/wp-admin/includes/screen.php(232): WP_Screen->set_current_screen()
#5 /home/encyclov/grooveknocks.com/wp-content/plugins/jetpack/sync/class.jetpack-sync-sender.php(154): set_current_screen('sync')
#6 /home/encyclov/grooveknocks.com/wp-content/plugins/jetpack/sync/class.jetpack-sync-s in /home/encyclov/grooveknocks.com/wp-content/themes/my-listing/includes/integrations/wp-job-manager/wp-job-manager.php on line 622

2019-02-17T17:35:31+00:00 CRITICAL Uncaught Error: Call to undefined function CASE27\Integrations\WPJM\add_settings_field() in /home/encyclov/grooveknocks.com/wp-content/themes/my-listing/includes/integrations/wp-job-manager/wp-job-manager.php:622
Stack trace:
#0 /home/encyclov/grooveknocks.com/wp-includes/class-wp-hook.php(286): CASE27\Integrations\WPJM\ListingManager->setup_permalink_settings(Object(WP_Screen))
#1 /home/encyclov/grooveknocks.com/wp-includes/class-wp-hook.php(310): WP_Hook->apply_filters(NULL, Array)
#2 /home/encyclov/grooveknocks.com/wp-includes/plugin.php(453): WP_Hook->do_action(Array)
#3 /home/encyclov/grooveknocks.com/wp-admin/includes/class-wp-screen.php(386): do_action('current_screen', Object(WP_Screen))
#4 /home/encyclov/grooveknocks.com/wp-admin/includes/screen.php(232): WP_Screen->set_current_screen()
#5 /home/encyclov/grooveknocks.com/wp-content/plugins/jetpack/sync/class.jetpack-sync-sender.php(154): set_current_screen('sync')
#6 /home/encyclov/grooveknocks.com/wp-content/plugins/jetpack/sync/class.jetpack-sync-s in /home/encyclov/grooveknocks.com/wp-content/themes/my-listing/includes/integrations/wp-job-manager/wp-job-manager.php on line 622

2019-02-17T17:41:58+00:00 CRITICAL Uncaught Error: Call to undefined function CASE27\Integrations\WPJM\add_settings_field() in /home/encyclov/grooveknocks.com/wp-content/themes/my-listing/includes/integrations/wp-job-manager/wp-job-manager.php:622
Stack trace:
#0 /home/encyclov/grooveknocks.com/wp-includes/class-wp-hook.php(286): CASE27\Integrations\WPJM\ListingManager->setup_permalink_settings(Object(WP_Screen))
#1 /home/encyclov/grooveknocks.com/wp-includes/class-wp-hook.php(310): WP_Hook->apply_filters(NULL, Array)
#2 /home/encyclov/grooveknocks.com/wp-includes/plugin.php(453): WP_Hook->do_action(Array)
#3 /home/encyclov/grooveknocks.com/wp-admin/includes/class-wp-screen.php(386): do_action('current_screen', Object(WP_Screen))
#4 /home/encyclov/grooveknocks.com/wp-admin/includes/screen.php(232): WP_Screen->set_current_screen()
#5 /home/encyclov/grooveknocks.com/wp-content/plugins/jetpack/sync/class.jetpack-sync-sender.php(154): set_current_screen('sync')
#6 /home/encyclov/grooveknocks.com/wp-content/plugins/jetpack/sync/class.jetpack-sync-s in /home/encyclov/grooveknocks.com/wp-content/themes/my-listing/includes/integrations/wp-job-manager/wp-job-manager.php on line 622

2019-02-17T17:51:47+00:00 CRITICAL Uncaught Error: Call to undefined function CASE27\Integrations\WPJM\add_settings_field() in /home/encyclov/grooveknocks.com/wp-content/themes/my-listing/includes/integrations/wp-job-manager/wp-job-manager.php:622
Stack trace:
#0 /home/encyclov/grooveknocks.com/wp-includes/class-wp-hook.php(286): CASE27\Integrations\WPJM\ListingManager->setup_permalink_settings(Object(WP_Screen))
#1 /home/encyclov/grooveknocks.com/wp-includes/class-wp-hook.php(310): WP_Hook->apply_filters(NULL, Array)
#2 /home/encyclov/grooveknocks.com/wp-includes/plugin.php(453): WP_Hook->do_action(Array)
#3 /home/encyclov/grooveknocks.com/wp-admin/includes/class-wp-screen.php(386): do_action('current_screen', Object(WP_Screen))
#4 /home/encyclov/grooveknocks.com/wp-admin/includes/screen.php(232): WP_Screen->set_current_screen()
#5 /home/encyclov/grooveknocks.com/wp-content/plugins/jetpack/sync/class.jetpack-sync-sender.php(154): set_current_screen('sync')
#6 /home/encyclov/grooveknocks.com/wp-content/plugins/jetpack/sync/class.jetpack-sync-s in /home/encyclov/grooveknocks.com/wp-content/themes/my-listing/includes/integrations/wp-job-manager/wp-job-manager.php on line 622

2019-02-17T17:56:17+00:00 CRITICAL Uncaught Error: Call to undefined function CASE27\Integrations\WPJM\add_settings_field() in /home/encyclov/grooveknocks.com/wp-content/themes/my-listing/includes/integrations/wp-job-manager/wp-job-manager.php:622
Stack trace:
#0 /home/encyclov/grooveknocks.com/wp-includes/class-wp-hook.php(286): CASE27\Integrations\WPJM\ListingManager->setup_permalink_settings(Object(WP_Screen))
#1 /home/encyclov/grooveknocks.com/wp-includes/class-wp-hook.php(310): WP_Hook->apply_filters(NULL, Array)
#2 /home/encyclov/grooveknocks.com/wp-includes/plugin.php(453): WP_Hook->do_action(Array)
#3 /home/encyclov/grooveknocks.com/wp-admin/includes/class-wp-screen.php(386): do_action('current_screen', Object(WP_Screen))
#4 /home/encyclov/grooveknocks.com/wp-admin/includes/screen.php(232): WP_Screen->set_current_screen()
#5 /home/encyclov/grooveknocks.com/wp-content/plugins/jetpack/sync/class.jetpack-sync-sender.php(154): set_current_screen('sync')
#6 /home/encyclov/grooveknocks.com/wp-content/plugins/jetpack/sync/class.jetpack-sync-s in /home/encyclov/grooveknocks.com/wp-content/themes/my-listing/includes/integrations/wp-job-manager/wp-job-manager.php on line 622

2019-02-17T18:04:15+00:00 CRITICAL Uncaught Error: Call to undefined function CASE27\Integrations\WPJM\add_settings_field() in /home/encyclov/grooveknocks.com/wp-content/themes/my-listing/includes/integrations/wp-job-manager/wp-job-manager.php:622
Stack trace:
#0 /home/encyclov/grooveknocks.com/wp-includes/class-wp-hook.php(286): CASE27\Integrations\WPJM\ListingManager->setup_permalink_settings(Object(WP_Screen))
#1 /home/encyclov/grooveknocks.com/wp-includes/class-wp-hook.php(310): WP_Hook->apply_filters(NULL, Array)
#2 /home/encyclov/grooveknocks.com/wp-includes/plugin.php(453): WP_Hook->do_action(Array)
#3 /home/encyclov/grooveknocks.com/wp-admin/includes/class-wp-screen.php(386): do_action('current_screen', Object(WP_Screen))
#4 /home/encyclov/grooveknocks.com/wp-admin/includes/screen.php(232): WP_Screen->set_current_screen()
#5 /home/encyclov/grooveknocks.com/wp-content/plugins/jetpack/sync/class.jetpack-sync-sender.php(154): set_current_screen('sync')
#6 /home/encyclov/grooveknocks.com/wp-content/plugins/jetpack/sync/class.jetpack-sync-s in /home/encyclov/grooveknocks.com/wp-content/themes/my-listing/includes/integrations/wp-job-manager/wp-job-manager.php on line 622

2019-02-17T18:10:36+00:00 CRITICAL Uncaught Error: Call to undefined function CASE27\Integrations\WPJM\add_settings_field() in /home/encyclov/grooveknocks.com/wp-content/themes/my-listing/includes/integrations/wp-job-manager/wp-job-manager.php:622
Stack trace:
#0 /home/encyclov/grooveknocks.com/wp-includes/class-wp-hook.php(286): CASE27\Integrations\WPJM\ListingManager->setup_permalink_settings(Object(WP_Screen))
#1 /home/encyclov/grooveknocks.com/wp-includes/class-wp-hook.php(310): WP_Hook->apply_filters(NULL, Array)
#2 /home/encyclov/grooveknocks.com/wp-includes/plugin.php(453): WP_Hook->do_action(Array)
#3 /home/encyclov/grooveknocks.com/wp-admin/includes/class-wp-screen.php(386): do_action('current_screen', Object(WP_Screen))
#4 /home/encyclov/grooveknocks.com/wp-admin/includes/screen.php(232): WP_Screen->set_current_screen()
#5 /home/encyclov/grooveknocks.com/wp-content/plugins/jetpack/sync/class.jetpack-sync-sender.php(154): set_current_screen('sync')
#6 /home/encyclov/grooveknocks.com/wp-content/plugins/jetpack/sync/class.jetpack-sync-s in /home/encyclov/grooveknocks.com/wp-content/themes/my-listing/includes/integrations/wp-job-manager/wp-job-manager.php on line 622

2019-02-17T18:18:35+00:00 CRITICAL Uncaught Error: Call to undefined function CASE27\Integrations\WPJM\add_settings_field() in /home/encyclov/grooveknocks.com/wp-content/themes/my-listing/includes/integrations/wp-job-manager/wp-job-manager.php:622
Stack trace:
#0 /home/encyclov/grooveknocks.com/wp-includes/class-wp-hook.php(286): CASE27\Integrations\WPJM\ListingManager->setup_permalink_settings(Object(WP_Screen))
#1 /home/encyclov/grooveknocks.com/wp-includes/class-wp-hook.php(310): WP_Hook->apply_filters(NULL, Array)
#2 /home/encyclov/grooveknocks.com/wp-includes/plugin.php(453): WP_Hook->do_action(Array)
#3 /home/encyclov/grooveknocks.com/wp-admin/includes/class-wp-screen.php(386): do_action('current_screen', Object(WP_Screen))
#4 /home/encyclov/grooveknocks.com/wp-admin/includes/screen.php(232): WP_Screen->set_current_screen()
#5 /home/encyclov/grooveknocks.com/wp-content/plugins/jetpack/sync/class.jetpack-sync-sender.php(154): set_current_screen('sync')
#6 /home/encyclov/grooveknocks.com/wp-content/plugins/jetpack/sync/class.jetpack-sync-s in /home/encyclov/grooveknocks.com/wp-content/themes/my-listing/includes/integrations/wp-job-manager/wp-job-manager.php on line 622

2019-02-17T18:25:37+00:00 CRITICAL Uncaught Error: Call to undefined function CASE27\Integrations\WPJM\add_settings_field() in /home/encyclov/grooveknocks.com/wp-content/themes/my-listing/includes/integrations/wp-job-manager/wp-job-manager.php:622
Stack trace:
#0 /home/encyclov/grooveknocks.com/wp-includes/class-wp-hook.php(286): CASE27\Integrations\WPJM\ListingManager->setup_permalink_settings(Object(WP_Screen))
#1 /home/encyclov/grooveknocks.com/wp-includes/class-wp-hook.php(310): WP_Hook->apply_filters(NULL, Array)
#2 /home/encyclov/grooveknocks.com/wp-includes/plugin.php(453): WP_Hook->do_action(Array)
#3 /home/encyclov/grooveknocks.com/wp-admin/includes/class-wp-screen.php(386): do_action('current_screen', Object(WP_Screen))
#4 /home/encyclov/grooveknocks.com/wp-admin/includes/screen.php(232): WP_Screen->set_current_screen()
#5 /home/encyclov/grooveknocks.com/wp-content/plugins/jetpack/sync/class.jetpack-sync-sender.php(154): set_current_screen('sync')
#6 /home/encyclov/grooveknocks.com/wp-content/plugins/jetpack/sync/class.jetpack-sync-s in /home/encyclov/grooveknocks.com/wp-content/themes/my-listing/includes/integrations/wp-job-manager/wp-job-manager.php on line 622

2019-02-17T18:38:31+00:00 CRITICAL Uncaught Error: Call to undefined function CASE27\Integrations\WPJM\add_settings_field() in /home/encyclov/grooveknocks.com/wp-content/themes/my-listing/includes/integrations/wp-job-manager/wp-job-manager.php:622
Stack trace:
#0 /home/encyclov/grooveknocks.com/wp-includes/class-wp-hook.php(286): CASE27\Integrations\WPJM\ListingManager->setup_permalink_settings(Object(WP_Screen))
#1 /home/encyclov/grooveknocks.com/wp-includes/class-wp-hook.php(310): WP_Hook->apply_filters(NULL, Array)
#2 /home/encyclov/grooveknocks.com/wp-includes/plugin.php(453): WP_Hook->do_action(Array)
#3 /home/encyclov/grooveknocks.com/wp-admin/includes/class-wp-screen.php(386): do_action('current_screen', Object(WP_Screen))
#4 /home/encyclov/grooveknocks.com/wp-admin/includes/screen.php(232): WP_Screen->set_current_screen()
#5 /home/encyclov/grooveknocks.com/wp-content/plugins/jetpack/sync/class.jetpack-sync-sender.php(154): set_current_screen('sync')
#6 /home/encyclov/grooveknocks.com/wp-content/plugins/jetpack/sync/class.jetpack-sync-s in /home/encyclov/grooveknocks.com/wp-content/themes/my-listing/includes/integrations/wp-job-manager/wp-job-manager.php on line 622

2019-02-17T18:45:22+00:00 CRITICAL Uncaught Error: Call to undefined function CASE27\Integrations\WPJM\add_settings_field() in /home/encyclov/grooveknocks.com/wp-content/themes/my-listing/includes/integrations/wp-job-manager/wp-job-manager.php:622
Stack trace:
#0 /home/encyclov/grooveknocks.com/wp-includes/class-wp-hook.php(286): CASE27\Integrations\WPJM\ListingManager->setup_permalink_settings(Object(WP_Screen))
#1 /home/encyclov/grooveknocks.com/wp-includes/class-wp-hook.php(310): WP_Hook->apply_filters(NULL, Array)
#2 /home/encyclov/grooveknocks.com/wp-includes/plugin.php(453): WP_Hook->do_action(Array)
#3 /home/encyclov/grooveknocks.com/wp-admin/includes/class-wp-screen.php(386): do_action('current_screen', Object(WP_Screen))
#4 /home/encyclov/grooveknocks.com/wp-admin/includes/screen.php(232): WP_Screen->set_current_screen()
#5 /home/encyclov/grooveknocks.com/wp-content/plugins/jetpack/sync/class.jetpack-sync-sender.php(154): set_current_screen('sync')
#6 /home/encyclov/grooveknocks.com/wp-content/plugins/jetpack/sync/class.jetpack-sync-s in /home/encyclov/grooveknocks.com/wp-content/themes/my-listing/includes/integrations/wp-job-manager/wp-job-manager.php on line 622

2019-02-17T18:54:33+00:00 CRITICAL Uncaught Error: Call to undefined function CASE27\Integrations\WPJM\add_settings_field() in /home/encyclov/grooveknocks.com/wp-content/themes/my-listing/includes/integrations/wp-job-manager/wp-job-manager.php:622
Stack trace:
#0 /home/encyclov/grooveknocks.com/wp-includes/class-wp-hook.php(286): CASE27\Integrations\WPJM\ListingManager->setup_permalink_settings(Object(WP_Screen))
#1 /home/encyclov/grooveknocks.com/wp-includes/class-wp-hook.php(310): WP_Hook->apply_filters(NULL, Array)
#2 /home/encyclov/grooveknocks.com/wp-includes/plugin.php(453): WP_Hook->do_action(Array)
#3 /home/encyclov/grooveknocks.com/wp-admin/includes/class-wp-screen.php(386): do_action('current_screen', Object(WP_Screen))
#4 /home/encyclov/grooveknocks.com/wp-admin/includes/screen.php(232): WP_Screen->set_current_screen()
#5 /home/encyclov/grooveknocks.com/wp-content/plugins/jetpack/sync/class.jetpack-sync-sender.php(154): set_current_screen('sync')
#6 /home/encyclov/grooveknocks.com/wp-content/plugins/jetpack/sync/class.jetpack-sync-s in /home/encyclov/grooveknocks.com/wp-content/themes/my-listing/includes/integrations/wp-job-manager/wp-job-manager.php on line 622

2019-02-17T18:59:42+00:00 CRITICAL Uncaught Error: Call to undefined function CASE27\Integrations\WPJM\add_settings_field() in /home/encyclov/grooveknocks.com/wp-content/themes/my-listing/includes/integrations/wp-job-manager/wp-job-manager.php:622
Stack trace:
#0 /home/encyclov/grooveknocks.com/wp-includes/class-wp-hook.php(286): CASE27\Integrations\WPJM\ListingManager->setup_permalink_settings(Object(WP_Screen))
#1 /home/encyclov/grooveknocks.com/wp-includes/class-wp-hook.php(310): WP_Hook->apply_filters(NULL, Array)
#2 /home/encyclov/grooveknocks.com/wp-includes/plugin.php(453): WP_Hook->do_action(Array)
#3 /home/encyclov/grooveknocks.com/wp-admin/includes/class-wp-screen.php(386): do_action('current_screen', Object(WP_Screen))
#4 /home/encyclov/grooveknocks.com/wp-admin/includes/screen.php(232): WP_Screen->set_current_screen()
#5 /home/encyclov/grooveknocks.com/wp-content/plugins/jetpack/sync/class.jetpack-sync-sender.php(154): set_current_screen('sync')
#6 /home/encyclov/grooveknocks.com/wp-content/plugins/jetpack/sync/class.jetpack-sync-s in /home/encyclov/grooveknocks.com/wp-content/themes/my-listing/includes/integrations/wp-job-manager/wp-job-manager.php on line 622

2019-02-17T19:07:34+00:00 CRITICAL Uncaught Error: Call to undefined function CASE27\Integrations\WPJM\add_settings_field() in /home/encyclov/grooveknocks.com/wp-content/themes/my-listing/includes/integrations/wp-job-manager/wp-job-manager.php:622
Stack trace:
#0 /home/encyclov/grooveknocks.com/wp-includes/class-wp-hook.php(286): CASE27\Integrations\WPJM\ListingManager->setup_permalink_settings(Object(WP_Screen))
#1 /home/encyclov/grooveknocks.com/wp-includes/class-wp-hook.php(310): WP_Hook->apply_filters(NULL, Array)
#2 /home/encyclov/grooveknocks.com/wp-includes/plugin.php(453): WP_Hook->do_action(Array)
#3 /home/encyclov/grooveknocks.com/wp-admin/includes/class-wp-screen.php(386): do_action('current_screen', Object(WP_Screen))
#4 /home/encyclov/grooveknocks.com/wp-admin/includes/screen.php(232): WP_Screen->set_current_screen()
#5 /home/encyclov/grooveknocks.com/wp-content/plugins/jetpack/sync/class.jetpack-sync-sender.php(154): set_current_screen('sync')
#6 /home/encyclov/grooveknocks.com/wp-content/plugins/jetpack/sync/class.jetpack-sync-s in /home/encyclov/grooveknocks.com/wp-content/themes/my-listing/includes/integrations/wp-job-manager/wp-job-manager.php on line 622

2019-02-17T19:10:06+00:00 CRITICAL Uncaught Error: Call to undefined function CASE27\Integrations\WPJM\add_settings_field() in /home/encyclov/grooveknocks.com/wp-content/themes/my-listing/includes/integrations/wp-job-manager/wp-job-manager.php:622
Stack trace:
#0 /home/encyclov/grooveknocks.com/wp-includes/class-wp-hook.php(286): CASE27\Integrations\WPJM\ListingManager->setup_permalink_settings(Object(WP_Screen))
#1 /home/encyclov/grooveknocks.com/wp-includes/class-wp-hook.php(310): WP_Hook->apply_filters(NULL, Array)
#2 /home/encyclov/grooveknocks.com/wp-includes/plugin.php(453): WP_Hook->do_action(Array)
#3 /home/encyclov/grooveknocks.com/wp-admin/includes/class-wp-screen.php(386): do_action('current_screen', Object(WP_Screen))
#4 /home/encyclov/grooveknocks.com/wp-admin/includes/screen.php(232): WP_Screen->set_current_screen()
#5 /home/encyclov/grooveknocks.com/wp-content/plugins/jetpack/sync/class.jetpack-sync-sender.php(154): set_current_screen('sync')
#6 /home/encyclov/grooveknocks.com/wp-content/plugins/jetpack/sync/class.jetpack-sync-s in /home/encyclov/grooveknocks.com/wp-content/themes/my-listing/includes/integrations/wp-job-manager/wp-job-manager.php on line 622

2019-02-17T19:15:26+00:00 CRITICAL Uncaught Error: Call to undefined function CASE27\Integrations\WPJM\add_settings_field() in /home/encyclov/grooveknocks.com/wp-content/themes/my-listing/includes/integrations/wp-job-manager/wp-job-manager.php:622
Stack trace:
#0 /home/encyclov/grooveknocks.com/wp-includes/class-wp-hook.php(286): CASE27\Integrations\WPJM\ListingManager->setup_permalink_settings(Object(WP_Screen))
#1 /home/encyclov/grooveknocks.com/wp-includes/class-wp-hook.php(310): WP_Hook->apply_filters(NULL, Array)
#2 /home/encyclov/grooveknocks.com/wp-includes/plugin.php(453): WP_Hook->do_action(Array)
#3 /home/encyclov/grooveknocks.com/wp-admin/includes/class-wp-screen.php(386): do_action('current_screen', Object(WP_Screen))
#4 /home/encyclov/grooveknocks.com/wp-admin/includes/screen.php(232): WP_Screen->set_current_screen()
#5 /home/encyclov/grooveknocks.com/wp-content/plugins/jetpack/sync/class.jetpack-sync-sender.php(154): set_current_screen('sync')
#6 /home/encyclov/grooveknocks.com/wp-content/plugins/jetpack/sync/class.jetpack-sync-s in /home/encyclov/grooveknocks.com/wp-content/themes/my-listing/includes/integrations/wp-job-manager/wp-job-manager.php on line 622

2019-02-17T19:20:37+00:00 CRITICAL Uncaught Error: Call to undefined function CASE27\Integrations\WPJM\add_settings_field() in /home/encyclov/grooveknocks.com/wp-content/themes/my-listing/includes/integrations/wp-job-manager/wp-job-manager.php:622
Stack trace:
#0 /home/encyclov/grooveknocks.com/wp-includes/class-wp-hook.php(286): CASE27\Integrations\WPJM\ListingManager->setup_permalink_settings(Object(WP_Screen))
#1 /home/encyclov/grooveknocks.com/wp-includes/class-wp-hook.php(310): WP_Hook->apply_filters(NULL, Array)
#2 /home/encyclov/grooveknocks.com/wp-includes/plugin.php(453): WP_Hook->do_action(Array)
#3 /home/encyclov/grooveknocks.com/wp-admin/includes/class-wp-screen.php(386): do_action('current_screen', Object(WP_Screen))
#4 /home/encyclov/grooveknocks.com/wp-admin/includes/screen.php(232): WP_Screen->set_current_screen()
#5 /home/encyclov/grooveknocks.com/wp-content/plugins/jetpack/sync/class.jetpack-sync-sender.php(154): set_current_screen('sync')
#6 /home/encyclov/grooveknocks.com/wp-content/plugins/jetpack/sync/class.jetpack-sync-s in /home/encyclov/grooveknocks.com/wp-content/themes/my-listing/includes/integrations/wp-job-manager/wp-job-manager.php on line 622

2019-02-17T19:26:10+00:00 CRITICAL Uncaught Error: Call to undefined function CASE27\Integrations\WPJM\add_settings_field() in /home/encyclov/grooveknocks.com/wp-content/themes/my-listing/includes/integrations/wp-job-manager/wp-job-manager.php:622
Stack trace:
#0 /home/encyclov/grooveknocks.com/wp-includes/class-wp-hook.php(286): CASE27\Integrations\WPJM\ListingManager->setup_permalink_settings(Object(WP_Screen))
#1 /home/encyclov/grooveknocks.com/wp-includes/class-wp-hook.php(310): WP_Hook->apply_filters(NULL, Array)
#2 /home/encyclov/grooveknocks.com/wp-includes/plugin.php(453): WP_Hook->do_action(Array)
#3 /home/encyclov/grooveknocks.com/wp-admin/includes/class-wp-screen.php(386): do_action('current_screen', Object(WP_Screen))
#4 /home/encyclov/grooveknocks.com/wp-admin/includes/screen.php(232): WP_Screen->set_current_screen()
#5 /home/encyclov/grooveknocks.com/wp-content/plugins/jetpack/sync/class.jetpack-sync-sender.php(154): set_current_screen('sync')
#6 /home/encyclov/grooveknocks.com/wp-content/plugins/jetpack/sync/class.jetpack-sync-s in /home/encyclov/grooveknocks.com/wp-content/themes/my-listing/includes/integrations/wp-job-manager/wp-job-manager.php on line 622

2019-02-17T19:35:06+00:00 CRITICAL Uncaught Error: Call to undefined function CASE27\Integrations\WPJM\add_settings_field() in /home/encyclov/grooveknocks.com/wp-content/themes/my-listing/includes/integrations/wp-job-manager/wp-job-manager.php:622
Stack trace:
#0 /home/encyclov/grooveknocks.com/wp-includes/class-wp-hook.php(286): CASE27\Integrations\WPJM\ListingManager->setup_permalink_settings(Object(WP_Screen))
#1 /home/encyclov/grooveknocks.com/wp-includes/class-wp-hook.php(310): WP_Hook->apply_filters(NULL, Array)
#2 /home/encyclov/grooveknocks.com/wp-includes/plugin.php(453): WP_Hook->do_action(Array)
#3 /home/encyclov/grooveknocks.com/wp-admin/includes/class-wp-screen.php(386): do_action('current_screen', Object(WP_Screen))
#4 /home/encyclov/grooveknocks.com/wp-admin/includes/screen.php(232): WP_Screen->set_current_screen()
#5 /home/encyclov/grooveknocks.com/wp-content/plugins/jetpack/sync/class.jetpack-sync-sender.php(154): set_current_screen('sync')
#6 /home/encyclov/grooveknocks.com/wp-content/plugins/jetpack/sync/class.jetpack-sync-s in /home/encyclov/grooveknocks.com/wp-content/themes/my-listing/includes/integrations/wp-job-manager/wp-job-manager.php on line 622

2019-02-17T19:41:41+00:00 CRITICAL Uncaught Error: Call to undefined function CASE27\Integrations\WPJM\add_settings_field() in /home/encyclov/grooveknocks.com/wp-content/themes/my-listing/includes/integrations/wp-job-manager/wp-job-manager.php:622
Stack trace:
#0 /home/encyclov/grooveknocks.com/wp-includes/class-wp-hook.php(286): CASE27\Integrations\WPJM\ListingManager->setup_permalink_settings(Object(WP_Screen))
#1 /home/encyclov/grooveknocks.com/wp-includes/class-wp-hook.php(310): WP_Hook->apply_filters(NULL, Array)
#2 /home/encyclov/grooveknocks.com/wp-includes/plugin.php(453): WP_Hook->do_action(Array)
#3 /home/encyclov/grooveknocks.com/wp-admin/includes/class-wp-screen.php(386): do_action('current_screen', Object(WP_Screen))
#4 /home/encyclov/grooveknocks.com/wp-admin/includes/screen.php(232): WP_Screen->set_current_screen()
#5 /home/encyclov/grooveknocks.com/wp-content/plugins/jetpack/sync/class.jetpack-sync-sender.php(154): set_current_screen('sync')
#6 /home/encyclov/grooveknocks.com/wp-content/plugins/jetpack/sync/class.jetpack-sync-s in /home/encyclov/grooveknocks.com/wp-content/themes/my-listing/includes/integrations/wp-job-manager/wp-job-manager.php on line 622

2019-02-17T19:51:17+00:00 CRITICAL Uncaught Error: Call to undefined function CASE27\Integrations\WPJM\add_settings_field() in /home/encyclov/grooveknocks.com/wp-content/themes/my-listing/includes/integrations/wp-job-manager/wp-job-manager.php:622
Stack trace:
#0 /home/encyclov/grooveknocks.com/wp-includes/class-wp-hook.php(286): CASE27\Integrations\WPJM\ListingManager->setup_permalink_settings(Object(WP_Screen))
#1 /home/encyclov/grooveknocks.com/wp-includes/class-wp-hook.php(310): WP_Hook->apply_filters(NULL, Array)
#2 /home/encyclov/grooveknocks.com/wp-includes/plugin.php(453): WP_Hook->do_action(Array)
#3 /home/encyclov/grooveknocks.com/wp-admin/includes/class-wp-screen.php(386): do_action('current_screen', Object(WP_Screen))
#4 /home/encyclov/grooveknocks.com/wp-admin/includes/screen.php(232): WP_Screen->set_current_screen()
#5 /home/encyclov/grooveknocks.com/wp-content/plugins/jetpack/sync/class.jetpack-sync-sender.php(154): set_current_screen('sync')
#6 /home/encyclov/grooveknocks.com/wp-content/plugins/jetpack/sync/class.jetpack-sync-s in /home/encyclov/grooveknocks.com/wp-content/themes/my-listing/includes/integrations/wp-job-manager/wp-job-manager.php on line 622

2019-02-17T19:57:17+00:00 CRITICAL Uncaught Error: Call to undefined function CASE27\Integrations\WPJM\add_settings_field() in /home/encyclov/grooveknocks.com/wp-content/themes/my-listing/includes/integrations/wp-job-manager/wp-job-manager.php:622
Stack trace:
#0 /home/encyclov/grooveknocks.com/wp-includes/class-wp-hook.php(286): CASE27\Integrations\WPJM\ListingManager->setup_permalink_settings(Object(WP_Screen))
#1 /home/encyclov/grooveknocks.com/wp-includes/class-wp-hook.php(310): WP_Hook->apply_filters(NULL, Array)
#2 /home/encyclov/grooveknocks.com/wp-includes/plugin.php(453): WP_Hook->do_action(Array)
#3 /home/encyclov/grooveknocks.com/wp-admin/includes/class-wp-screen.php(386): do_action('current_screen', Object(WP_Screen))
#4 /home/encyclov/grooveknocks.com/wp-admin/includes/screen.php(232): WP_Screen->set_current_screen()
#5 /home/encyclov/grooveknocks.com/wp-content/plugins/jetpack/sync/class.jetpack-sync-sender.php(154): set_current_screen('sync')
#6 /home/encyclov/grooveknocks.com/wp-content/plugins/jetpack/sync/class.jetpack-sync-s in /home/encyclov/grooveknocks.com/wp-content/themes/my-listing/includes/integrations/wp-job-manager/wp-job-manager.php on line 622

2019-02-17T20:11:22+00:00 CRITICAL Uncaught Error: Call to undefined function CASE27\Integrations\WPJM\add_settings_field() in /home/encyclov/grooveknocks.com/wp-content/themes/my-listing/includes/integrations/wp-job-manager/wp-job-manager.php:622
Stack trace:
#0 /home/encyclov/grooveknocks.com/wp-includes/class-wp-hook.php(286): CASE27\Integrations\WPJM\ListingManager->setup_permalink_settings(Object(WP_Screen))
#1 /home/encyclov/grooveknocks.com/wp-includes/class-wp-hook.php(310): WP_Hook->apply_filters(NULL, Array)
#2 /home/encyclov/grooveknocks.com/wp-includes/plugin.php(453): WP_Hook->do_action(Array)
#3 /home/encyclov/grooveknocks.com/wp-admin/includes/class-wp-screen.php(386): do_action('current_screen', Object(WP_Screen))
#4 /home/encyclov/grooveknocks.com/wp-admin/includes/screen.php(232): WP_Screen->set_current_screen()
#5 /home/encyclov/grooveknocks.com/wp-content/plugins/jetpack/sync/class.jetpack-sync-sender.php(154): set_current_screen('sync')
#6 /home/encyclov/grooveknocks.com/wp-content/plugins/jetpack/sync/class.jetpack-sync-s in /home/encyclov/grooveknocks.com/wp-content/themes/my-listing/includes/integrations/wp-job-manager/wp-job-manager.php on line 622

2019-02-17T20:18:59+00:00 CRITICAL Uncaught Error: Call to undefined function CASE27\Integrations\WPJM\add_settings_field() in /home/encyclov/grooveknocks.com/wp-content/themes/my-listing/includes/integrations/wp-job-manager/wp-job-manager.php:622
Stack trace:
#0 /home/encyclov/grooveknocks.com/wp-includes/class-wp-hook.php(286): CASE27\Integrations\WPJM\ListingManager->setup_permalink_settings(Object(WP_Screen))
#1 /home/encyclov/grooveknocks.com/wp-includes/class-wp-hook.php(310): WP_Hook->apply_filters(NULL, Array)
#2 /home/encyclov/grooveknocks.com/wp-includes/plugin.php(453): WP_Hook->do_action(Array)
#3 /home/encyclov/grooveknocks.com/wp-admin/includes/class-wp-screen.php(386): do_action('current_screen', Object(WP_Screen))
#4 /home/encyclov/grooveknocks.com/wp-admin/includes/screen.php(232): WP_Screen->set_current_screen()
#5 /home/encyclov/grooveknocks.com/wp-content/plugins/jetpack/sync/class.jetpack-sync-sender.php(154): set_current_screen('sync')
#6 /home/encyclov/grooveknocks.com/wp-content/plugins/jetpack/sync/class.jetpack-sync-s in /home/encyclov/grooveknocks.com/wp-content/themes/my-listing/includes/integrations/wp-job-manager/wp-job-manager.php on line 622

2019-02-17T20:25:04+00:00 CRITICAL Uncaught Error: Call to undefined function CASE27\Integrations\WPJM\add_settings_field() in /home/encyclov/grooveknocks.com/wp-content/themes/my-listing/includes/integrations/wp-job-manager/wp-job-manager.php:622
Stack trace:
#0 /home/encyclov/grooveknocks.com/wp-includes/class-wp-hook.php(286): CASE27\Integrations\WPJM\ListingManager->setup_permalink_settings(Object(WP_Screen))
#1 /home/encyclov/grooveknocks.com/wp-includes/class-wp-hook.php(310): WP_Hook->apply_filters(NULL, Array)
#2 /home/encyclov/grooveknocks.com/wp-includes/plugin.php(453): WP_Hook->do_action(Array)
#3 /home/encyclov/grooveknocks.com/wp-admin/includes/class-wp-screen.php(386): do_action('current_screen', Object(WP_Screen))
#4 /home/encyclov/grooveknocks.com/wp-admin/includes/screen.php(232): WP_Screen->set_current_screen()
#5 /home/encyclov/grooveknocks.com/wp-content/plugins/jetpack/sync/class.jetpack-sync-sender.php(154): set_current_screen('sync')
#6 /home/encyclov/grooveknocks.com/wp-content/plugins/jetpack/sync/class.jetpack-sync-s in /home/encyclov/grooveknocks.com/wp-content/themes/my-listing/includes/integrations/wp-job-manager/wp-job-manager.php on line 622

2019-02-17T20:32:24+00:00 CRITICAL Uncaught Error: Call to undefined function CASE27\Integrations\WPJM\add_settings_field() in /home/encyclov/grooveknocks.com/wp-content/themes/my-listing/includes/integrations/wp-job-manager/wp-job-manager.php:622
Stack trace:
#0 /home/encyclov/grooveknocks.com/wp-includes/class-wp-hook.php(286): CASE27\Integrations\WPJM\ListingManager->setup_permalink_settings(Object(WP_Screen))
#1 /home/encyclov/grooveknocks.com/wp-includes/class-wp-hook.php(310): WP_Hook->apply_filters(NULL, Array)
#2 /home/encyclov/grooveknocks.com/wp-includes/plugin.php(453): WP_Hook->do_action(Array)
#3 /home/encyclov/grooveknocks.com/wp-admin/includes/class-wp-screen.php(386): do_action('current_screen', Object(WP_Screen))
#4 /home/encyclov/grooveknocks.com/wp-admin/includes/screen.php(232): WP_Screen->set_current_screen()
#5 /home/encyclov/grooveknocks.com/wp-content/plugins/jetpack/sync/class.jetpack-sync-sender.php(154): set_current_screen('sync')
#6 /home/encyclov/grooveknocks.com/wp-content/plugins/jetpack/sync/class.jetpack-sync-s in /home/encyclov/grooveknocks.com/wp-content/themes/my-listing/includes/integrations/wp-job-manager/wp-job-manager.php on line 622

2019-02-17T20:46:57+00:00 CRITICAL Uncaught Error: Call to undefined function CASE27\Integrations\WPJM\add_settings_field() in /home/encyclov/grooveknocks.com/wp-content/themes/my-listing/includes/integrations/wp-job-manager/wp-job-manager.php:622
Stack trace:
#0 /home/encyclov/grooveknocks.com/wp-includes/class-wp-hook.php(286): CASE27\Integrations\WPJM\ListingManager->setup_permalink_settings(Object(WP_Screen))
#1 /home/encyclov/grooveknocks.com/wp-includes/class-wp-hook.php(310): WP_Hook->apply_filters(NULL, Array)
#2 /home/encyclov/grooveknocks.com/wp-includes/plugin.php(453): WP_Hook->do_action(Array)
#3 /home/encyclov/grooveknocks.com/wp-admin/includes/class-wp-screen.php(386): do_action('current_screen', Object(WP_Screen))
#4 /home/encyclov/grooveknocks.com/wp-admin/includes/screen.php(232): WP_Screen->set_current_screen()
#5 /home/encyclov/grooveknocks.com/wp-content/plugins/jetpack/sync/class.jetpack-sync-sender.php(154): set_current_screen('sync')
#6 /home/encyclov/grooveknocks.com/wp-content/plugins/jetpack/sync/class.jetpack-sync-s in /home/encyclov/grooveknocks.com/wp-content/themes/my-listing/includes/integrations/wp-job-manager/wp-job-manager.php on line 622

2019-02-17T20:53:14+00:00 CRITICAL Uncaught Error: Call to undefined function CASE27\Integrations\WPJM\add_settings_field() in /home/encyclov/grooveknocks.com/wp-content/themes/my-listing/includes/integrations/wp-job-manager/wp-job-manager.php:622
Stack trace:
#0 /home/encyclov/grooveknocks.com/wp-includes/class-wp-hook.php(286): CASE27\Integrations\WPJM\ListingManager->setup_permalink_settings(Object(WP_Screen))
#1 /home/encyclov/grooveknocks.com/wp-includes/class-wp-hook.php(310): WP_Hook->apply_filters(NULL, Array)
#2 /home/encyclov/grooveknocks.com/wp-includes/plugin.php(453): WP_Hook->do_action(Array)
#3 /home/encyclov/grooveknocks.com/wp-admin/includes/class-wp-screen.php(386): do_action('current_screen', Object(WP_Screen))
#4 /home/encyclov/grooveknocks.com/wp-admin/includes/screen.php(232): WP_Screen->set_current_screen()
#5 /home/encyclov/grooveknocks.com/wp-content/plugins/jetpack/sync/class.jetpack-sync-sender.php(154): set_current_screen('sync')
#6 /home/encyclov/grooveknocks.com/wp-content/plugins/jetpack/sync/class.jetpack-sync-s in /home/encyclov/grooveknocks.com/wp-content/themes/my-listing/includes/integrations/wp-job-manager/wp-job-manager.php on line 622

2019-02-17T21:00:08+00:00 CRITICAL Uncaught Error: Call to undefined function CASE27\Integrations\WPJM\add_settings_field() in /home/encyclov/grooveknocks.com/wp-content/themes/my-listing/includes/integrations/wp-job-manager/wp-job-manager.php:622
Stack trace:
#0 /home/encyclov/grooveknocks.com/wp-includes/class-wp-hook.php(286): CASE27\Integrations\WPJM\ListingManager->setup_permalink_settings(Object(WP_Screen))
#1 /home/encyclov/grooveknocks.com/wp-includes/class-wp-hook.php(310): WP_Hook->apply_filters(NULL, Array)
#2 /home/encyclov/grooveknocks.com/wp-includes/plugin.php(453): WP_Hook->do_action(Array)
#3 /home/encyclov/grooveknocks.com/wp-admin/includes/class-wp-screen.php(386): do_action('current_screen', Object(WP_Screen))
#4 /home/encyclov/grooveknocks.com/wp-admin/includes/screen.php(232): WP_Screen->set_current_screen()
#5 /home/encyclov/grooveknocks.com/wp-content/plugins/jetpack/sync/class.jetpack-sync-sender.php(154): set_current_screen('sync')
#6 /home/encyclov/grooveknocks.com/wp-content/plugins/jetpack/sync/class.jetpack-sync-s in /home/encyclov/grooveknocks.com/wp-content/themes/my-listing/includes/integrations/wp-job-manager/wp-job-manager.php on line 622

2019-02-17T21:13:17+00:00 CRITICAL Uncaught Error: Call to undefined function CASE27\Integrations\WPJM\add_settings_field() in /home/encyclov/grooveknocks.com/wp-content/themes/my-listing/includes/integrations/wp-job-manager/wp-job-manager.php:622
Stack trace:
#0 /home/encyclov/grooveknocks.com/wp-includes/class-wp-hook.php(286): CASE27\Integrations\WPJM\ListingManager->setup_permalink_settings(Object(WP_Screen))
#1 /home/encyclov/grooveknocks.com/wp-includes/class-wp-hook.php(310): WP_Hook->apply_filters(NULL, Array)
#2 /home/encyclov/grooveknocks.com/wp-includes/plugin.php(453): WP_Hook->do_action(Array)
#3 /home/encyclov/grooveknocks.com/wp-admin/includes/class-wp-screen.php(386): do_action('current_screen', Object(WP_Screen))
#4 /home/encyclov/grooveknocks.com/wp-admin/includes/screen.php(232): WP_Screen->set_current_screen()
#5 /home/encyclov/grooveknocks.com/wp-content/plugins/jetpack/sync/class.jetpack-sync-sender.php(154): set_current_screen('sync')
#6 /home/encyclov/grooveknocks.com/wp-content/plugins/jetpack/sync/class.jetpack-sync-s in /home/encyclov/grooveknocks.com/wp-content/themes/my-listing/includes/integrations/wp-job-manager/wp-job-manager.php on line 622

2019-02-17T21:20:46+00:00 CRITICAL Uncaught Error: Call to undefined function CASE27\Integrations\WPJM\add_settings_field() in /home/encyclov/grooveknocks.com/wp-content/themes/my-listing/includes/integrations/wp-job-manager/wp-job-manager.php:622
Stack trace:
#0 /home/encyclov/grooveknocks.com/wp-includes/class-wp-hook.php(286): CASE27\Integrations\WPJM\ListingManager->setup_permalink_settings(Object(WP_Screen))
#1 /home/encyclov/grooveknocks.com/wp-includes/class-wp-hook.php(310): WP_Hook->apply_filters(NULL, Array)
#2 /home/encyclov/grooveknocks.com/wp-includes/plugin.php(453): WP_Hook->do_action(Array)
#3 /home/encyclov/grooveknocks.com/wp-admin/includes/class-wp-screen.php(386): do_action('current_screen', Object(WP_Screen))
#4 /home/encyclov/grooveknocks.com/wp-admin/includes/screen.php(232): WP_Screen->set_current_screen()
#5 /home/encyclov/grooveknocks.com/wp-content/plugins/jetpack/sync/class.jetpack-sync-sender.php(154): set_current_screen('sync')
#6 /home/encyclov/grooveknocks.com/wp-content/plugins/jetpack/sync/class.jetpack-sync-s in /home/encyclov/grooveknocks.com/wp-content/themes/my-listing/includes/integrations/wp-job-manager/wp-job-manager.php on line 622

2019-02-17T21:27:54+00:00 CRITICAL Uncaught Error: Call to undefined function CASE27\Integrations\WPJM\add_settings_field() in /home/encyclov/grooveknocks.com/wp-content/themes/my-listing/includes/integrations/wp-job-manager/wp-job-manager.php:622
Stack trace:
#0 /home/encyclov/grooveknocks.com/wp-includes/class-wp-hook.php(286): CASE27\Integrations\WPJM\ListingManager->setup_permalink_settings(Object(WP_Screen))
#1 /home/encyclov/grooveknocks.com/wp-includes/class-wp-hook.php(310): WP_Hook->apply_filters(NULL, Array)
#2 /home/encyclov/grooveknocks.com/wp-includes/plugin.php(453): WP_Hook->do_action(Array)
#3 /home/encyclov/grooveknocks.com/wp-admin/includes/class-wp-screen.php(386): do_action('current_screen', Object(WP_Screen))
#4 /home/encyclov/grooveknocks.com/wp-admin/includes/screen.php(232): WP_Screen->set_current_screen()
#5 /home/encyclov/grooveknocks.com/wp-content/plugins/jetpack/sync/class.jetpack-sync-sender.php(154): set_current_screen('sync')
#6 /home/encyclov/grooveknocks.com/wp-content/plugins/jetpack/sync/class.jetpack-sync-s in /home/encyclov/grooveknocks.com/wp-content/themes/my-listing/includes/integrations/wp-job-manager/wp-job-manager.php on line 622

2019-02-17T21:36:14+00:00 CRITICAL Uncaught Error: Call to undefined function CASE27\Integrations\WPJM\add_settings_field() in /home/encyclov/grooveknocks.com/wp-content/themes/my-listing/includes/integrations/wp-job-manager/wp-job-manager.php:622
Stack trace:
#0 /home/encyclov/grooveknocks.com/wp-includes/class-wp-hook.php(286): CASE27\Integrations\WPJM\ListingManager->setup_permalink_settings(Object(WP_Screen))
#1 /home/encyclov/grooveknocks.com/wp-includes/class-wp-hook.php(310): WP_Hook->apply_filters(NULL, Array)
#2 /home/encyclov/grooveknocks.com/wp-includes/plugin.php(453): WP_Hook->do_action(Array)
#3 /home/encyclov/grooveknocks.com/wp-admin/includes/class-wp-screen.php(386): do_action('current_screen', Object(WP_Screen))
#4 /home/encyclov/grooveknocks.com/wp-admin/includes/screen.php(232): WP_Screen->set_current_screen()
#5 /home/encyclov/grooveknocks.com/wp-content/plugins/jetpack/sync/class.jetpack-sync-sender.php(154): set_current_screen('sync')
#6 /home/encyclov/grooveknocks.com/wp-content/plugins/jetpack/sync/class.jetpack-sync-s in /home/encyclov/grooveknocks.com/wp-content/themes/my-listing/includes/integrations/wp-job-manager/wp-job-manager.php on line 622

2019-02-17T21:42:10+00:00 CRITICAL Uncaught Error: Call to undefined function CASE27\Integrations\WPJM\add_settings_field() in /home/encyclov/grooveknocks.com/wp-content/themes/my-listing/includes/integrations/wp-job-manager/wp-job-manager.php:622
Stack trace:
#0 /home/encyclov/grooveknocks.com/wp-includes/class-wp-hook.php(286): CASE27\Integrations\WPJM\ListingManager->setup_permalink_settings(Object(WP_Screen))
#1 /home/encyclov/grooveknocks.com/wp-includes/class-wp-hook.php(310): WP_Hook->apply_filters(NULL, Array)
#2 /home/encyclov/grooveknocks.com/wp-includes/plugin.php(453): WP_Hook->do_action(Array)
#3 /home/encyclov/grooveknocks.com/wp-admin/includes/class-wp-screen.php(386): do_action('current_screen', Object(WP_Screen))
#4 /home/encyclov/grooveknocks.com/wp-admin/includes/screen.php(232): WP_Screen->set_current_screen()
#5 /home/encyclov/grooveknocks.com/wp-content/plugins/jetpack/sync/class.jetpack-sync-sender.php(154): set_current_screen('sync')
#6 /home/encyclov/grooveknocks.com/wp-content/plugins/jetpack/sync/class.jetpack-sync-s in /home/encyclov/grooveknocks.com/wp-content/themes/my-listing/includes/integrations/wp-job-manager/wp-job-manager.php on line 622

2019-02-17T21:49:43+00:00 CRITICAL Uncaught Error: Call to undefined function CASE27\Integrations\WPJM\add_settings_field() in /home/encyclov/grooveknocks.com/wp-content/themes/my-listing/includes/integrations/wp-job-manager/wp-job-manager.php:622
Stack trace:
#0 /home/encyclov/grooveknocks.com/wp-includes/class-wp-hook.php(286): CASE27\Integrations\WPJM\ListingManager->setup_permalink_settings(Object(WP_Screen))
#1 /home/encyclov/grooveknocks.com/wp-includes/class-wp-hook.php(310): WP_Hook->apply_filters(NULL, Array)
#2 /home/encyclov/grooveknocks.com/wp-includes/plugin.php(453): WP_Hook->do_action(Array)
#3 /home/encyclov/grooveknocks.com/wp-admin/includes/class-wp-screen.php(386): do_action('current_screen', Object(WP_Screen))
#4 /home/encyclov/grooveknocks.com/wp-admin/includes/screen.php(232): WP_Screen->set_current_screen()
#5 /home/encyclov/grooveknocks.com/wp-content/plugins/jetpack/sync/class.jetpack-sync-sender.php(154): set_current_screen('sync')
#6 /home/encyclov/grooveknocks.com/wp-content/plugins/jetpack/sync/class.jetpack-sync-s in /home/encyclov/grooveknocks.com/wp-content/themes/my-listing/includes/integrations/wp-job-manager/wp-job-manager.php on line 622

2019-02-17T21:52:30+00:00 CRITICAL Uncaught Error: Call to undefined function CASE27\Integrations\WPJM\add_settings_field() in /home/encyclov/grooveknocks.com/wp-content/themes/my-listing/includes/integrations/wp-job-manager/wp-job-manager.php:622
Stack trace:
#0 /home/encyclov/grooveknocks.com/wp-includes/class-wp-hook.php(286): CASE27\Integrations\WPJM\ListingManager->setup_permalink_settings(Object(WP_Screen))
#1 /home/encyclov/grooveknocks.com/wp-includes/class-wp-hook.php(310): WP_Hook->apply_filters(NULL, Array)
#2 /home/encyclov/grooveknocks.com/wp-includes/plugin.php(453): WP_Hook->do_action(Array)
#3 /home/encyclov/grooveknocks.com/wp-admin/includes/class-wp-screen.php(386): do_action('current_screen', Object(WP_Screen))
#4 /home/encyclov/grooveknocks.com/wp-admin/includes/screen.php(232): WP_Screen->set_current_screen()
#5 /home/encyclov/grooveknocks.com/wp-content/plugins/jetpack/sync/class.jetpack-sync-sender.php(154): set_current_screen('sync')
#6 /home/encyclov/grooveknocks.com/wp-content/plugins/jetpack/sync/class.jetpack-sync-s in /home/encyclov/grooveknocks.com/wp-content/themes/my-listing/includes/integrations/wp-job-manager/wp-job-manager.php on line 622

2019-02-17T21:56:11+00:00 CRITICAL Uncaught Error: Call to undefined function CASE27\Integrations\WPJM\add_settings_field() in /home/encyclov/grooveknocks.com/wp-content/themes/my-listing/includes/integrations/wp-job-manager/wp-job-manager.php:622
Stack trace:
#0 /home/encyclov/grooveknocks.com/wp-includes/class-wp-hook.php(286): CASE27\Integrations\WPJM\ListingManager->setup_permalink_settings(Object(WP_Screen))
#1 /home/encyclov/grooveknocks.com/wp-includes/class-wp-hook.php(310): WP_Hook->apply_filters(NULL, Array)
#2 /home/encyclov/grooveknocks.com/wp-includes/plugin.php(453): WP_Hook->do_action(Array)
#3 /home/encyclov/grooveknocks.com/wp-admin/includes/class-wp-screen.php(386): do_action('current_screen', Object(WP_Screen))
#4 /home/encyclov/grooveknocks.com/wp-admin/includes/screen.php(232): WP_Screen->set_current_screen()
#5 /home/encyclov/grooveknocks.com/wp-content/plugins/jetpack/sync/class.jetpack-sync-sender.php(154): set_current_screen('sync')
#6 /home/encyclov/grooveknocks.com/wp-content/plugins/jetpack/sync/class.jetpack-sync-s in /home/encyclov/grooveknocks.com/wp-content/themes/my-listing/includes/integrations/wp-job-manager/wp-job-manager.php on line 622

2019-02-17T22:04:13+00:00 CRITICAL Uncaught Error: Call to undefined function CASE27\Integrations\WPJM\add_settings_field() in /home/encyclov/grooveknocks.com/wp-content/themes/my-listing/includes/integrations/wp-job-manager/wp-job-manager.php:622
Stack trace:
#0 /home/encyclov/grooveknocks.com/wp-includes/class-wp-hook.php(286): CASE27\Integrations\WPJM\ListingManager->setup_permalink_settings(Object(WP_Screen))
#1 /home/encyclov/grooveknocks.com/wp-includes/class-wp-hook.php(310): WP_Hook->apply_filters(NULL, Array)
#2 /home/encyclov/grooveknocks.com/wp-includes/plugin.php(453): WP_Hook->do_action(Array)
#3 /home/encyclov/grooveknocks.com/wp-admin/includes/class-wp-screen.php(386): do_action('current_screen', Object(WP_Screen))
#4 /home/encyclov/grooveknocks.com/wp-admin/includes/screen.php(232): WP_Screen->set_current_screen()
#5 /home/encyclov/grooveknocks.com/wp-content/plugins/jetpack/sync/class.jetpack-sync-sender.php(154): set_current_screen('sync')
#6 /home/encyclov/grooveknocks.com/wp-content/plugins/jetpack/sync/class.jetpack-sync-s in /home/encyclov/grooveknocks.com/wp-content/themes/my-listing/includes/integrations/wp-job-manager/wp-job-manager.php on line 622

2019-02-17T22:09:48+00:00 CRITICAL Uncaught Error: Call to undefined function CASE27\Integrations\WPJM\add_settings_field() in /home/encyclov/grooveknocks.com/wp-content/themes/my-listing/includes/integrations/wp-job-manager/wp-job-manager.php:622
Stack trace:
#0 /home/encyclov/grooveknocks.com/wp-includes/class-wp-hook.php(286): CASE27\Integrations\WPJM\ListingManager->setup_permalink_settings(Object(WP_Screen))
#1 /home/encyclov/grooveknocks.com/wp-includes/class-wp-hook.php(310): WP_Hook->apply_filters(NULL, Array)
#2 /home/encyclov/grooveknocks.com/wp-includes/plugin.php(453): WP_Hook->do_action(Array)
#3 /home/encyclov/grooveknocks.com/wp-admin/includes/class-wp-screen.php(386): do_action('current_screen', Object(WP_Screen))
#4 /home/encyclov/grooveknocks.com/wp-admin/includes/screen.php(232): WP_Screen->set_current_screen()
#5 /home/encyclov/grooveknocks.com/wp-content/plugins/jetpack/sync/class.jetpack-sync-sender.php(154): set_current_screen('sync')
#6 /home/encyclov/grooveknocks.com/wp-content/plugins/jetpack/sync/class.jetpack-sync-s in /home/encyclov/grooveknocks.com/wp-content/themes/my-listing/includes/integrations/wp-job-manager/wp-job-manager.php on line 622

2019-02-17T22:17:18+00:00 CRITICAL Uncaught Error: Call to undefined function CASE27\Integrations\WPJM\add_settings_field() in /home/encyclov/grooveknocks.com/wp-content/themes/my-listing/includes/integrations/wp-job-manager/wp-job-manager.php:622
Stack trace:
#0 /home/encyclov/grooveknocks.com/wp-includes/class-wp-hook.php(286): CASE27\Integrations\WPJM\ListingManager->setup_permalink_settings(Object(WP_Screen))
#1 /home/encyclov/grooveknocks.com/wp-includes/class-wp-hook.php(310): WP_Hook->apply_filters(NULL, Array)
#2 /home/encyclov/grooveknocks.com/wp-includes/plugin.php(453): WP_Hook->do_action(Array)
#3 /home/encyclov/grooveknocks.com/wp-admin/includes/class-wp-screen.php(386): do_action('current_screen', Object(WP_Screen))
#4 /home/encyclov/grooveknocks.com/wp-admin/includes/screen.php(232): WP_Screen->set_current_screen()
#5 /home/encyclov/grooveknocks.com/wp-content/plugins/jetpack/sync/class.jetpack-sync-sender.php(154): set_current_screen('sync')
#6 /home/encyclov/grooveknocks.com/wp-content/plugins/jetpack/sync/class.jetpack-sync-s in /home/encyclov/grooveknocks.com/wp-content/themes/my-listing/includes/integrations/wp-job-manager/wp-job-manager.php on line 622

2019-02-17T22:25:16+00:00 CRITICAL Uncaught Error: Call to undefined function CASE27\Integrations\WPJM\add_settings_field() in /home/encyclov/grooveknocks.com/wp-content/themes/my-listing/includes/integrations/wp-job-manager/wp-job-manager.php:622
Stack trace:
#0 /home/encyclov/grooveknocks.com/wp-includes/class-wp-hook.php(286): CASE27\Integrations\WPJM\ListingManager->setup_permalink_settings(Object(WP_Screen))
#1 /home/encyclov/grooveknocks.com/wp-includes/class-wp-hook.php(310): WP_Hook->apply_filters(NULL, Array)
#2 /home/encyclov/grooveknocks.com/wp-includes/plugin.php(453): WP_Hook->do_action(Array)
#3 /home/encyclov/grooveknocks.com/wp-admin/includes/class-wp-screen.php(386): do_action('current_screen', Object(WP_Screen))
#4 /home/encyclov/grooveknocks.com/wp-admin/includes/screen.php(232): WP_Screen->set_current_screen()
#5 /home/encyclov/grooveknocks.com/wp-content/plugins/jetpack/sync/class.jetpack-sync-sender.php(154): set_current_screen('sync')
#6 /home/encyclov/grooveknocks.com/wp-content/plugins/jetpack/sync/class.jetpack-sync-s in /home/encyclov/grooveknocks.com/wp-content/themes/my-listing/includes/integrations/wp-job-manager/wp-job-manager.php on line 622

2019-02-17T22:30:55+00:00 CRITICAL Uncaught Error: Call to undefined function CASE27\Integrations\WPJM\add_settings_field() in /home/encyclov/grooveknocks.com/wp-content/themes/my-listing/includes/integrations/wp-job-manager/wp-job-manager.php:622
Stack trace:
#0 /home/encyclov/grooveknocks.com/wp-includes/class-wp-hook.php(286): CASE27\Integrations\WPJM\ListingManager->setup_permalink_settings(Object(WP_Screen))
#1 /home/encyclov/grooveknocks.com/wp-includes/class-wp-hook.php(310): WP_Hook->apply_filters(NULL, Array)
#2 /home/encyclov/grooveknocks.com/wp-includes/plugin.php(453): WP_Hook->do_action(Array)
#3 /home/encyclov/grooveknocks.com/wp-admin/includes/class-wp-screen.php(386): do_action('current_screen', Object(WP_Screen))
#4 /home/encyclov/grooveknocks.com/wp-admin/includes/screen.php(232): WP_Screen->set_current_screen()
#5 /home/encyclov/grooveknocks.com/wp-content/plugins/jetpack/sync/class.jetpack-sync-sender.php(154): set_current_screen('sync')
#6 /home/encyclov/grooveknocks.com/wp-content/plugins/jetpack/sync/class.jetpack-sync-s in /home/encyclov/grooveknocks.com/wp-content/themes/my-listing/includes/integrations/wp-job-manager/wp-job-manager.php on line 622

2019-02-17T22:39:18+00:00 CRITICAL Uncaught Error: Call to undefined function CASE27\Integrations\WPJM\add_settings_field() in /home/encyclov/grooveknocks.com/wp-content/themes/my-listing/includes/integrations/wp-job-manager/wp-job-manager.php:622
Stack trace:
#0 /home/encyclov/grooveknocks.com/wp-includes/class-wp-hook.php(286): CASE27\Integrations\WPJM\ListingManager->setup_permalink_settings(Object(WP_Screen))
#1 /home/encyclov/grooveknocks.com/wp-includes/class-wp-hook.php(310): WP_Hook->apply_filters(NULL, Array)
#2 /home/encyclov/grooveknocks.com/wp-includes/plugin.php(453): WP_Hook->do_action(Array)
#3 /home/encyclov/grooveknocks.com/wp-admin/includes/class-wp-screen.php(386): do_action('current_screen', Object(WP_Screen))
#4 /home/encyclov/grooveknocks.com/wp-admin/includes/screen.php(232): WP_Screen->set_current_screen()
#5 /home/encyclov/grooveknocks.com/wp-content/plugins/jetpack/sync/class.jetpack-sync-sender.php(154): set_current_screen('sync')
#6 /home/encyclov/grooveknocks.com/wp-content/plugins/jetpack/sync/class.jetpack-sync-s in /home/encyclov/grooveknocks.com/wp-content/themes/my-listing/includes/integrations/wp-job-manager/wp-job-manager.php on line 622

2019-02-17T22:45:14+00:00 CRITICAL Uncaught Error: Call to undefined function CASE27\Integrations\WPJM\add_settings_field() in /home/encyclov/grooveknocks.com/wp-content/themes/my-listing/includes/integrations/wp-job-manager/wp-job-manager.php:622
Stack trace:
#0 /home/encyclov/grooveknocks.com/wp-includes/class-wp-hook.php(286): CASE27\Integrations\WPJM\ListingManager->setup_permalink_settings(Object(WP_Screen))
#1 /home/encyclov/grooveknocks.com/wp-includes/class-wp-hook.php(310): WP_Hook->apply_filters(NULL, Array)
#2 /home/encyclov/grooveknocks.com/wp-includes/plugin.php(453): WP_Hook->do_action(Array)
#3 /home/encyclov/grooveknocks.com/wp-admin/includes/class-wp-screen.php(386): do_action('current_screen', Object(WP_Screen))
#4 /home/encyclov/grooveknocks.com/wp-admin/includes/screen.php(232): WP_Screen->set_current_screen()
#5 /home/encyclov/grooveknocks.com/wp-content/plugins/jetpack/sync/class.jetpack-sync-sender.php(154): set_current_screen('sync')
#6 /home/encyclov/grooveknocks.com/wp-content/plugins/jetpack/sync/class.jetpack-sync-s in /home/encyclov/grooveknocks.com/wp-content/themes/my-listing/includes/integrations/wp-job-manager/wp-job-manager.php on line 622

2019-02-17T22:48:48+00:00 CRITICAL Uncaught Error: Call to undefined function CASE27\Integrations\WPJM\add_settings_field() in /home/encyclov/grooveknocks.com/wp-content/themes/my-listing/includes/integrations/wp-job-manager/wp-job-manager.php:622
Stack trace:
#0 /home/encyclov/grooveknocks.com/wp-includes/class-wp-hook.php(286): CASE27\Integrations\WPJM\ListingManager->setup_permalink_settings(Object(WP_Screen))
#1 /home/encyclov/grooveknocks.com/wp-includes/class-wp-hook.php(310): WP_Hook->apply_filters(NULL, Array)
#2 /home/encyclov/grooveknocks.com/wp-includes/plugin.php(453): WP_Hook->do_action(Array)
#3 /home/encyclov/grooveknocks.com/wp-admin/includes/class-wp-screen.php(386): do_action('current_screen', Object(WP_Screen))
#4 /home/encyclov/grooveknocks.com/wp-admin/includes/screen.php(232): WP_Screen->set_current_screen()
#5 /home/encyclov/grooveknocks.com/wp-content/plugins/jetpack/sync/class.jetpack-sync-sender.php(154): set_current_screen('sync')
#6 /home/encyclov/grooveknocks.com/wp-content/plugins/jetpack/sync/class.jetpack-sync-s in /home/encyclov/grooveknocks.com/wp-content/themes/my-listing/includes/integrations/wp-job-manager/wp-job-manager.php on line 622

2019-02-17T22:52:07+00:00 CRITICAL Uncaught Error: Call to undefined function CASE27\Integrations\WPJM\add_settings_field() in /home/encyclov/grooveknocks.com/wp-content/themes/my-listing/includes/integrations/wp-job-manager/wp-job-manager.php:622
Stack trace:
#0 /home/encyclov/grooveknocks.com/wp-includes/class-wp-hook.php(286): CASE27\Integrations\WPJM\ListingManager->setup_permalink_settings(Object(WP_Screen))
#1 /home/encyclov/grooveknocks.com/wp-includes/class-wp-hook.php(310): WP_Hook->apply_filters(NULL, Array)
#2 /home/encyclov/grooveknocks.com/wp-includes/plugin.php(453): WP_Hook->do_action(Array)
#3 /home/encyclov/grooveknocks.com/wp-admin/includes/class-wp-screen.php(386): do_action('current_screen', Object(WP_Screen))
#4 /home/encyclov/grooveknocks.com/wp-admin/includes/screen.php(232): WP_Screen->set_current_screen()
#5 /home/encyclov/grooveknocks.com/wp-content/plugins/jetpack/sync/class.jetpack-sync-sender.php(154): set_current_screen('sync')
#6 /home/encyclov/grooveknocks.com/wp-content/plugins/jetpack/sync/class.jetpack-sync-s in /home/encyclov/grooveknocks.com/wp-content/themes/my-listing/includes/integrations/wp-job-manager/wp-job-manager.php on line 622

2019-02-17T22:59:13+00:00 CRITICAL Uncaught Error: Call to undefined function CASE27\Integrations\WPJM\add_settings_field() in /home/encyclov/grooveknocks.com/wp-content/themes/my-listing/includes/integrations/wp-job-manager/wp-job-manager.php:622
Stack trace:
#0 /home/encyclov/grooveknocks.com/wp-includes/class-wp-hook.php(286): CASE27\Integrations\WPJM\ListingManager->setup_permalink_settings(Object(WP_Screen))
#1 /home/encyclov/grooveknocks.com/wp-includes/class-wp-hook.php(310): WP_Hook->apply_filters(NULL, Array)
#2 /home/encyclov/grooveknocks.com/wp-includes/plugin.php(453): WP_Hook->do_action(Array)
#3 /home/encyclov/grooveknocks.com/wp-admin/includes/class-wp-screen.php(386): do_action('current_screen', Object(WP_Screen))
#4 /home/encyclov/grooveknocks.com/wp-admin/includes/screen.php(232): WP_Screen->set_current_screen()
#5 /home/encyclov/grooveknocks.com/wp-content/plugins/jetpack/sync/class.jetpack-sync-sender.php(154): set_current_screen('sync')
#6 /home/encyclov/grooveknocks.com/wp-content/plugins/jetpack/sync/class.jetpack-sync-s in /home/encyclov/grooveknocks.com/wp-content/themes/my-listing/includes/integrations/wp-job-manager/wp-job-manager.php on line 622

2019-02-17T23:07:13+00:00 CRITICAL Uncaught Error: Call to undefined function CASE27\Integrations\WPJM\add_settings_field() in /home/encyclov/grooveknocks.com/wp-content/themes/my-listing/includes/integrations/wp-job-manager/wp-job-manager.php:622
Stack trace:
#0 /home/encyclov/grooveknocks.com/wp-includes/class-wp-hook.php(286): CASE27\Integrations\WPJM\ListingManager->setup_permalink_settings(Object(WP_Screen))
#1 /home/encyclov/grooveknocks.com/wp-includes/class-wp-hook.php(310): WP_Hook->apply_filters(NULL, Array)
#2 /home/encyclov/grooveknocks.com/wp-includes/plugin.php(453): WP_Hook->do_action(Array)
#3 /home/encyclov/grooveknocks.com/wp-admin/includes/class-wp-screen.php(386): do_action('current_screen', Object(WP_Screen))
#4 /home/encyclov/grooveknocks.com/wp-admin/includes/screen.php(232): WP_Screen->set_current_screen()
#5 /home/encyclov/grooveknocks.com/wp-content/plugins/jetpack/sync/class.jetpack-sync-sender.php(154): set_current_screen('sync')
#6 /home/encyclov/grooveknocks.com/wp-content/plugins/jetpack/sync/class.jetpack-sync-s in /home/encyclov/grooveknocks.com/wp-content/themes/my-listing/includes/integrations/wp-job-manager/wp-job-manager.php on line 622

2019-02-17T23:12:31+00:00 CRITICAL Uncaught Error: Call to undefined function CASE27\Integrations\WPJM\add_settings_field() in /home/encyclov/grooveknocks.com/wp-content/themes/my-listing/includes/integrations/wp-job-manager/wp-job-manager.php:622
Stack trace:
#0 /home/encyclov/grooveknocks.com/wp-includes/class-wp-hook.php(286): CASE27\Integrations\WPJM\ListingManager->setup_permalink_settings(Object(WP_Screen))
#1 /home/encyclov/grooveknocks.com/wp-includes/class-wp-hook.php(310): WP_Hook->apply_filters(NULL, Array)
#2 /home/encyclov/grooveknocks.com/wp-includes/plugin.php(453): WP_Hook->do_action(Array)
#3 /home/encyclov/grooveknocks.com/wp-admin/includes/class-wp-screen.php(386): do_action('current_screen', Object(WP_Screen))
#4 /home/encyclov/grooveknocks.com/wp-admin/includes/screen.php(232): WP_Screen->set_current_screen()
#5 /home/encyclov/grooveknocks.com/wp-content/plugins/jetpack/sync/class.jetpack-sync-sender.php(154): set_current_screen('sync')
#6 /home/encyclov/grooveknocks.com/wp-content/plugins/jetpack/sync/class.jetpack-sync-s in /home/encyclov/grooveknocks.com/wp-content/themes/my-listing/includes/integrations/wp-job-manager/wp-job-manager.php on line 622

2019-02-17T23:21:19+00:00 CRITICAL Uncaught Error: Call to undefined function CASE27\Integrations\WPJM\add_settings_field() in /home/encyclov/grooveknocks.com/wp-content/themes/my-listing/includes/integrations/wp-job-manager/wp-job-manager.php:622
Stack trace:
#0 /home/encyclov/grooveknocks.com/wp-includes/class-wp-hook.php(286): CASE27\Integrations\WPJM\ListingManager->setup_permalink_settings(Object(WP_Screen))
#1 /home/encyclov/grooveknocks.com/wp-includes/class-wp-hook.php(310): WP_Hook->apply_filters(NULL, Array)
#2 /home/encyclov/grooveknocks.com/wp-includes/plugin.php(453): WP_Hook->do_action(Array)
#3 /home/encyclov/grooveknocks.com/wp-admin/includes/class-wp-screen.php(386): do_action('current_screen', Object(WP_Screen))
#4 /home/encyclov/grooveknocks.com/wp-admin/includes/screen.php(232): WP_Screen->set_current_screen()
#5 /home/encyclov/grooveknocks.com/wp-content/plugins/jetpack/sync/class.jetpack-sync-sender.php(154): set_current_screen('sync')
#6 /home/encyclov/grooveknocks.com/wp-content/plugins/jetpack/sync/class.jetpack-sync-s in /home/encyclov/grooveknocks.com/wp-content/themes/my-listing/includes/integrations/wp-job-manager/wp-job-manager.php on line 622

2019-02-17T23:27:06+00:00 CRITICAL Uncaught Error: Call to undefined function CASE27\Integrations\WPJM\add_settings_field() in /home/encyclov/grooveknocks.com/wp-content/themes/my-listing/includes/integrations/wp-job-manager/wp-job-manager.php:622
Stack trace:
#0 /home/encyclov/grooveknocks.com/wp-includes/class-wp-hook.php(286): CASE27\Integrations\WPJM\ListingManager->setup_permalink_settings(Object(WP_Screen))
#1 /home/encyclov/grooveknocks.com/wp-includes/class-wp-hook.php(310): WP_Hook->apply_filters(NULL, Array)
#2 /home/encyclov/grooveknocks.com/wp-includes/plugin.php(453): WP_Hook->do_action(Array)
#3 /home/encyclov/grooveknocks.com/wp-admin/includes/class-wp-screen.php(386): do_action('current_screen', Object(WP_Screen))
#4 /home/encyclov/grooveknocks.com/wp-admin/includes/screen.php(232): WP_Screen->set_current_screen()
#5 /home/encyclov/grooveknocks.com/wp-content/plugins/jetpack/sync/class.jetpack-sync-sender.php(154): set_current_screen('sync')
#6 /home/encyclov/grooveknocks.com/wp-content/plugins/jetpack/sync/class.jetpack-sync-s in /home/encyclov/grooveknocks.com/wp-content/themes/my-listing/includes/integrations/wp-job-manager/wp-job-manager.php on line 622

