2019-02-07T14:59:18+00:00 CRITICAL Uncaught Error: Call to undefined function CASE27\Integrations\WPJM\add_settings_field() in /home/encyclov/grooveknocks.com/wp-content/themes/my-listing/includes/integrations/wp-job-manager/wp-job-manager.php:622
Stack trace:
#0 /home/encyclov/grooveknocks.com/wp-includes/class-wp-hook.php(286): CASE27\Integrations\WPJM\ListingManager->setup_permalink_settings(Object(WP_Screen))
#1 /home/encyclov/grooveknocks.com/wp-includes/class-wp-hook.php(310): WP_Hook->apply_filters(NULL, Array)
#2 /home/encyclov/grooveknocks.com/wp-includes/plugin.php(453): WP_Hook->do_action(Array)
#3 /home/encyclov/grooveknocks.com/wp-admin/includes/class-wp-screen.php(386): do_action('current_screen', Object(WP_Screen))
#4 /home/encyclov/grooveknocks.com/wp-admin/includes/screen.php(232): WP_Screen->set_current_screen()
#5 /home/encyclov/grooveknocks.com/wp-content/plugins/jetpack/sync/class.jetpack-sync-sender.php(154): set_current_screen('sync')
#6 /home/encyclov/grooveknocks.com/wp-content/plugins/jetpack/sync/class.jetpack-sync-s in /home/encyclov/grooveknocks.com/wp-content/themes/my-listing/includes/integrations/wp-job-manager/wp-job-manager.php on line 622

2019-02-07T15:02:32+00:00 CRITICAL Uncaught Error: Call to undefined function CASE27\Integrations\WPJM\add_settings_field() in /home/encyclov/grooveknocks.com/wp-content/themes/my-listing/includes/integrations/wp-job-manager/wp-job-manager.php:622
Stack trace:
#0 /home/encyclov/grooveknocks.com/wp-includes/class-wp-hook.php(286): CASE27\Integrations\WPJM\ListingManager->setup_permalink_settings(Object(WP_Screen))
#1 /home/encyclov/grooveknocks.com/wp-includes/class-wp-hook.php(310): WP_Hook->apply_filters(NULL, Array)
#2 /home/encyclov/grooveknocks.com/wp-includes/plugin.php(453): WP_Hook->do_action(Array)
#3 /home/encyclov/grooveknocks.com/wp-admin/includes/class-wp-screen.php(386): do_action('current_screen', Object(WP_Screen))
#4 /home/encyclov/grooveknocks.com/wp-admin/includes/screen.php(232): WP_Screen->set_current_screen()
#5 /home/encyclov/grooveknocks.com/wp-content/plugins/jetpack/sync/class.jetpack-sync-sender.php(154): set_current_screen('sync')
#6 /home/encyclov/grooveknocks.com/wp-content/plugins/jetpack/sync/class.jetpack-sync-s in /home/encyclov/grooveknocks.com/wp-content/themes/my-listing/includes/integrations/wp-job-manager/wp-job-manager.php on line 622

2019-02-07T15:07:08+00:00 CRITICAL Uncaught Error: Call to undefined function CASE27\Integrations\WPJM\add_settings_field() in /home/encyclov/grooveknocks.com/wp-content/themes/my-listing/includes/integrations/wp-job-manager/wp-job-manager.php:622
Stack trace:
#0 /home/encyclov/grooveknocks.com/wp-includes/class-wp-hook.php(286): CASE27\Integrations\WPJM\ListingManager->setup_permalink_settings(Object(WP_Screen))
#1 /home/encyclov/grooveknocks.com/wp-includes/class-wp-hook.php(310): WP_Hook->apply_filters(NULL, Array)
#2 /home/encyclov/grooveknocks.com/wp-includes/plugin.php(453): WP_Hook->do_action(Array)
#3 /home/encyclov/grooveknocks.com/wp-admin/includes/class-wp-screen.php(386): do_action('current_screen', Object(WP_Screen))
#4 /home/encyclov/grooveknocks.com/wp-admin/includes/screen.php(232): WP_Screen->set_current_screen()
#5 /home/encyclov/grooveknocks.com/wp-content/plugins/jetpack/sync/class.jetpack-sync-sender.php(154): set_current_screen('sync')
#6 /home/encyclov/grooveknocks.com/wp-content/plugins/jetpack/sync/class.jetpack-sync-s in /home/encyclov/grooveknocks.com/wp-content/themes/my-listing/includes/integrations/wp-job-manager/wp-job-manager.php on line 622

2019-02-07T15:13:22+00:00 CRITICAL Uncaught Error: Call to undefined function CASE27\Integrations\WPJM\add_settings_field() in /home/encyclov/grooveknocks.com/wp-content/themes/my-listing/includes/integrations/wp-job-manager/wp-job-manager.php:622
Stack trace:
#0 /home/encyclov/grooveknocks.com/wp-includes/class-wp-hook.php(286): CASE27\Integrations\WPJM\ListingManager->setup_permalink_settings(Object(WP_Screen))
#1 /home/encyclov/grooveknocks.com/wp-includes/class-wp-hook.php(310): WP_Hook->apply_filters(NULL, Array)
#2 /home/encyclov/grooveknocks.com/wp-includes/plugin.php(453): WP_Hook->do_action(Array)
#3 /home/encyclov/grooveknocks.com/wp-admin/includes/class-wp-screen.php(386): do_action('current_screen', Object(WP_Screen))
#4 /home/encyclov/grooveknocks.com/wp-admin/includes/screen.php(232): WP_Screen->set_current_screen()
#5 /home/encyclov/grooveknocks.com/wp-content/plugins/jetpack/sync/class.jetpack-sync-sender.php(154): set_current_screen('sync')
#6 /home/encyclov/grooveknocks.com/wp-content/plugins/jetpack/sync/class.jetpack-sync-s in /home/encyclov/grooveknocks.com/wp-content/themes/my-listing/includes/integrations/wp-job-manager/wp-job-manager.php on line 622

2019-02-07T15:17:30+00:00 CRITICAL Uncaught Error: Call to undefined function CASE27\Integrations\WPJM\add_settings_field() in /home/encyclov/grooveknocks.com/wp-content/themes/my-listing/includes/integrations/wp-job-manager/wp-job-manager.php:622
Stack trace:
#0 /home/encyclov/grooveknocks.com/wp-includes/class-wp-hook.php(286): CASE27\Integrations\WPJM\ListingManager->setup_permalink_settings(Object(WP_Screen))
#1 /home/encyclov/grooveknocks.com/wp-includes/class-wp-hook.php(310): WP_Hook->apply_filters(NULL, Array)
#2 /home/encyclov/grooveknocks.com/wp-includes/plugin.php(453): WP_Hook->do_action(Array)
#3 /home/encyclov/grooveknocks.com/wp-admin/includes/class-wp-screen.php(386): do_action('current_screen', Object(WP_Screen))
#4 /home/encyclov/grooveknocks.com/wp-admin/includes/screen.php(232): WP_Screen->set_current_screen()
#5 /home/encyclov/grooveknocks.com/wp-content/plugins/jetpack/sync/class.jetpack-sync-sender.php(154): set_current_screen('sync')
#6 /home/encyclov/grooveknocks.com/wp-content/plugins/jetpack/sync/class.jetpack-sync-s in /home/encyclov/grooveknocks.com/wp-content/themes/my-listing/includes/integrations/wp-job-manager/wp-job-manager.php on line 622

2019-02-07T15:21:21+00:00 CRITICAL Uncaught Error: Call to undefined function CASE27\Integrations\WPJM\add_settings_field() in /home/encyclov/grooveknocks.com/wp-content/themes/my-listing/includes/integrations/wp-job-manager/wp-job-manager.php:622
Stack trace:
#0 /home/encyclov/grooveknocks.com/wp-includes/class-wp-hook.php(286): CASE27\Integrations\WPJM\ListingManager->setup_permalink_settings(Object(WP_Screen))
#1 /home/encyclov/grooveknocks.com/wp-includes/class-wp-hook.php(310): WP_Hook->apply_filters(NULL, Array)
#2 /home/encyclov/grooveknocks.com/wp-includes/plugin.php(453): WP_Hook->do_action(Array)
#3 /home/encyclov/grooveknocks.com/wp-admin/includes/class-wp-screen.php(386): do_action('current_screen', Object(WP_Screen))
#4 /home/encyclov/grooveknocks.com/wp-admin/includes/screen.php(232): WP_Screen->set_current_screen()
#5 /home/encyclov/grooveknocks.com/wp-content/plugins/jetpack/sync/class.jetpack-sync-sender.php(154): set_current_screen('sync')
#6 /home/encyclov/grooveknocks.com/wp-content/plugins/jetpack/sync/class.jetpack-sync-s in /home/encyclov/grooveknocks.com/wp-content/themes/my-listing/includes/integrations/wp-job-manager/wp-job-manager.php on line 622

2019-02-07T15:28:03+00:00 CRITICAL Uncaught Error: Call to undefined function CASE27\Integrations\WPJM\add_settings_field() in /home/encyclov/grooveknocks.com/wp-content/themes/my-listing/includes/integrations/wp-job-manager/wp-job-manager.php:622
Stack trace:
#0 /home/encyclov/grooveknocks.com/wp-includes/class-wp-hook.php(286): CASE27\Integrations\WPJM\ListingManager->setup_permalink_settings(Object(WP_Screen))
#1 /home/encyclov/grooveknocks.com/wp-includes/class-wp-hook.php(310): WP_Hook->apply_filters(NULL, Array)
#2 /home/encyclov/grooveknocks.com/wp-includes/plugin.php(453): WP_Hook->do_action(Array)
#3 /home/encyclov/grooveknocks.com/wp-admin/includes/class-wp-screen.php(386): do_action('current_screen', Object(WP_Screen))
#4 /home/encyclov/grooveknocks.com/wp-admin/includes/screen.php(232): WP_Screen->set_current_screen()
#5 /home/encyclov/grooveknocks.com/wp-content/plugins/jetpack/sync/class.jetpack-sync-sender.php(154): set_current_screen('sync')
#6 /home/encyclov/grooveknocks.com/wp-content/plugins/jetpack/sync/class.jetpack-sync-s in /home/encyclov/grooveknocks.com/wp-content/themes/my-listing/includes/integrations/wp-job-manager/wp-job-manager.php on line 622

2019-02-07T15:35:08+00:00 CRITICAL Uncaught Error: Call to undefined function CASE27\Integrations\WPJM\add_settings_field() in /home/encyclov/grooveknocks.com/wp-content/themes/my-listing/includes/integrations/wp-job-manager/wp-job-manager.php:622
Stack trace:
#0 /home/encyclov/grooveknocks.com/wp-includes/class-wp-hook.php(286): CASE27\Integrations\WPJM\ListingManager->setup_permalink_settings(Object(WP_Screen))
#1 /home/encyclov/grooveknocks.com/wp-includes/class-wp-hook.php(310): WP_Hook->apply_filters(NULL, Array)
#2 /home/encyclov/grooveknocks.com/wp-includes/plugin.php(453): WP_Hook->do_action(Array)
#3 /home/encyclov/grooveknocks.com/wp-admin/includes/class-wp-screen.php(386): do_action('current_screen', Object(WP_Screen))
#4 /home/encyclov/grooveknocks.com/wp-admin/includes/screen.php(232): WP_Screen->set_current_screen()
#5 /home/encyclov/grooveknocks.com/wp-content/plugins/jetpack/sync/class.jetpack-sync-sender.php(154): set_current_screen('sync')
#6 /home/encyclov/grooveknocks.com/wp-content/plugins/jetpack/sync/class.jetpack-sync-s in /home/encyclov/grooveknocks.com/wp-content/themes/my-listing/includes/integrations/wp-job-manager/wp-job-manager.php on line 622

2019-02-07T15:41:45+00:00 CRITICAL Uncaught Error: Call to undefined function CASE27\Integrations\WPJM\add_settings_field() in /home/encyclov/grooveknocks.com/wp-content/themes/my-listing/includes/integrations/wp-job-manager/wp-job-manager.php:622
Stack trace:
#0 /home/encyclov/grooveknocks.com/wp-includes/class-wp-hook.php(286): CASE27\Integrations\WPJM\ListingManager->setup_permalink_settings(Object(WP_Screen))
#1 /home/encyclov/grooveknocks.com/wp-includes/class-wp-hook.php(310): WP_Hook->apply_filters(NULL, Array)
#2 /home/encyclov/grooveknocks.com/wp-includes/plugin.php(453): WP_Hook->do_action(Array)
#3 /home/encyclov/grooveknocks.com/wp-admin/includes/class-wp-screen.php(386): do_action('current_screen', Object(WP_Screen))
#4 /home/encyclov/grooveknocks.com/wp-admin/includes/screen.php(232): WP_Screen->set_current_screen()
#5 /home/encyclov/grooveknocks.com/wp-content/plugins/jetpack/sync/class.jetpack-sync-sender.php(154): set_current_screen('sync')
#6 /home/encyclov/grooveknocks.com/wp-content/plugins/jetpack/sync/class.jetpack-sync-s in /home/encyclov/grooveknocks.com/wp-content/themes/my-listing/includes/integrations/wp-job-manager/wp-job-manager.php on line 622

2019-02-07T15:56:29+00:00 CRITICAL Uncaught Error: Call to undefined function CASE27\Integrations\WPJM\add_settings_field() in /home/encyclov/grooveknocks.com/wp-content/themes/my-listing/includes/integrations/wp-job-manager/wp-job-manager.php:622
Stack trace:
#0 /home/encyclov/grooveknocks.com/wp-includes/class-wp-hook.php(286): CASE27\Integrations\WPJM\ListingManager->setup_permalink_settings(Object(WP_Screen))
#1 /home/encyclov/grooveknocks.com/wp-includes/class-wp-hook.php(310): WP_Hook->apply_filters(NULL, Array)
#2 /home/encyclov/grooveknocks.com/wp-includes/plugin.php(453): WP_Hook->do_action(Array)
#3 /home/encyclov/grooveknocks.com/wp-admin/includes/class-wp-screen.php(386): do_action('current_screen', Object(WP_Screen))
#4 /home/encyclov/grooveknocks.com/wp-admin/includes/screen.php(232): WP_Screen->set_current_screen()
#5 /home/encyclov/grooveknocks.com/wp-content/plugins/jetpack/sync/class.jetpack-sync-sender.php(154): set_current_screen('sync')
#6 /home/encyclov/grooveknocks.com/wp-content/plugins/jetpack/sync/class.jetpack-sync-s in /home/encyclov/grooveknocks.com/wp-content/themes/my-listing/includes/integrations/wp-job-manager/wp-job-manager.php on line 622

2019-02-07T16:03:12+00:00 CRITICAL Uncaught Error: Call to undefined function CASE27\Integrations\WPJM\add_settings_field() in /home/encyclov/grooveknocks.com/wp-content/themes/my-listing/includes/integrations/wp-job-manager/wp-job-manager.php:622
Stack trace:
#0 /home/encyclov/grooveknocks.com/wp-includes/class-wp-hook.php(286): CASE27\Integrations\WPJM\ListingManager->setup_permalink_settings(Object(WP_Screen))
#1 /home/encyclov/grooveknocks.com/wp-includes/class-wp-hook.php(310): WP_Hook->apply_filters(NULL, Array)
#2 /home/encyclov/grooveknocks.com/wp-includes/plugin.php(453): WP_Hook->do_action(Array)
#3 /home/encyclov/grooveknocks.com/wp-admin/includes/class-wp-screen.php(386): do_action('current_screen', Object(WP_Screen))
#4 /home/encyclov/grooveknocks.com/wp-admin/includes/screen.php(232): WP_Screen->set_current_screen()
#5 /home/encyclov/grooveknocks.com/wp-content/plugins/jetpack/sync/class.jetpack-sync-sender.php(154): set_current_screen('sync')
#6 /home/encyclov/grooveknocks.com/wp-content/plugins/jetpack/sync/class.jetpack-sync-s in /home/encyclov/grooveknocks.com/wp-content/themes/my-listing/includes/integrations/wp-job-manager/wp-job-manager.php on line 622

2019-02-07T16:08:04+00:00 CRITICAL Uncaught Error: Call to undefined function CASE27\Integrations\WPJM\add_settings_field() in /home/encyclov/grooveknocks.com/wp-content/themes/my-listing/includes/integrations/wp-job-manager/wp-job-manager.php:622
Stack trace:
#0 /home/encyclov/grooveknocks.com/wp-includes/class-wp-hook.php(286): CASE27\Integrations\WPJM\ListingManager->setup_permalink_settings(Object(WP_Screen))
#1 /home/encyclov/grooveknocks.com/wp-includes/class-wp-hook.php(310): WP_Hook->apply_filters(NULL, Array)
#2 /home/encyclov/grooveknocks.com/wp-includes/plugin.php(453): WP_Hook->do_action(Array)
#3 /home/encyclov/grooveknocks.com/wp-admin/includes/class-wp-screen.php(386): do_action('current_screen', Object(WP_Screen))
#4 /home/encyclov/grooveknocks.com/wp-admin/includes/screen.php(232): WP_Screen->set_current_screen()
#5 /home/encyclov/grooveknocks.com/wp-content/plugins/jetpack/sync/class.jetpack-sync-sender.php(154): set_current_screen('sync')
#6 /home/encyclov/grooveknocks.com/wp-content/plugins/jetpack/sync/class.jetpack-sync-s in /home/encyclov/grooveknocks.com/wp-content/themes/my-listing/includes/integrations/wp-job-manager/wp-job-manager.php on line 622

2019-02-07T16:16:32+00:00 CRITICAL Uncaught Error: Call to undefined function CASE27\Integrations\WPJM\add_settings_field() in /home/encyclov/grooveknocks.com/wp-content/themes/my-listing/includes/integrations/wp-job-manager/wp-job-manager.php:622
Stack trace:
#0 /home/encyclov/grooveknocks.com/wp-includes/class-wp-hook.php(286): CASE27\Integrations\WPJM\ListingManager->setup_permalink_settings(Object(WP_Screen))
#1 /home/encyclov/grooveknocks.com/wp-includes/class-wp-hook.php(310): WP_Hook->apply_filters(NULL, Array)
#2 /home/encyclov/grooveknocks.com/wp-includes/plugin.php(453): WP_Hook->do_action(Array)
#3 /home/encyclov/grooveknocks.com/wp-admin/includes/class-wp-screen.php(386): do_action('current_screen', Object(WP_Screen))
#4 /home/encyclov/grooveknocks.com/wp-admin/includes/screen.php(232): WP_Screen->set_current_screen()
#5 /home/encyclov/grooveknocks.com/wp-content/plugins/jetpack/sync/class.jetpack-sync-sender.php(154): set_current_screen('sync')
#6 /home/encyclov/grooveknocks.com/wp-content/plugins/jetpack/sync/class.jetpack-sync-s in /home/encyclov/grooveknocks.com/wp-content/themes/my-listing/includes/integrations/wp-job-manager/wp-job-manager.php on line 622

2019-02-07T16:24:10+00:00 CRITICAL Uncaught Error: Call to undefined function CASE27\Integrations\WPJM\add_settings_field() in /home/encyclov/grooveknocks.com/wp-content/themes/my-listing/includes/integrations/wp-job-manager/wp-job-manager.php:622
Stack trace:
#0 /home/encyclov/grooveknocks.com/wp-includes/class-wp-hook.php(286): CASE27\Integrations\WPJM\ListingManager->setup_permalink_settings(Object(WP_Screen))
#1 /home/encyclov/grooveknocks.com/wp-includes/class-wp-hook.php(310): WP_Hook->apply_filters(NULL, Array)
#2 /home/encyclov/grooveknocks.com/wp-includes/plugin.php(453): WP_Hook->do_action(Array)
#3 /home/encyclov/grooveknocks.com/wp-admin/includes/class-wp-screen.php(386): do_action('current_screen', Object(WP_Screen))
#4 /home/encyclov/grooveknocks.com/wp-admin/includes/screen.php(232): WP_Screen->set_current_screen()
#5 /home/encyclov/grooveknocks.com/wp-content/plugins/jetpack/sync/class.jetpack-sync-sender.php(154): set_current_screen('sync')
#6 /home/encyclov/grooveknocks.com/wp-content/plugins/jetpack/sync/class.jetpack-sync-s in /home/encyclov/grooveknocks.com/wp-content/themes/my-listing/includes/integrations/wp-job-manager/wp-job-manager.php on line 622

2019-02-07T16:31:12+00:00 CRITICAL Uncaught Error: Call to undefined function CASE27\Integrations\WPJM\add_settings_field() in /home/encyclov/grooveknocks.com/wp-content/themes/my-listing/includes/integrations/wp-job-manager/wp-job-manager.php:622
Stack trace:
#0 /home/encyclov/grooveknocks.com/wp-includes/class-wp-hook.php(286): CASE27\Integrations\WPJM\ListingManager->setup_permalink_settings(Object(WP_Screen))
#1 /home/encyclov/grooveknocks.com/wp-includes/class-wp-hook.php(310): WP_Hook->apply_filters(NULL, Array)
#2 /home/encyclov/grooveknocks.com/wp-includes/plugin.php(453): WP_Hook->do_action(Array)
#3 /home/encyclov/grooveknocks.com/wp-admin/includes/class-wp-screen.php(386): do_action('current_screen', Object(WP_Screen))
#4 /home/encyclov/grooveknocks.com/wp-admin/includes/screen.php(232): WP_Screen->set_current_screen()
#5 /home/encyclov/grooveknocks.com/wp-content/plugins/jetpack/sync/class.jetpack-sync-sender.php(154): set_current_screen('sync')
#6 /home/encyclov/grooveknocks.com/wp-content/plugins/jetpack/sync/class.jetpack-sync-s in /home/encyclov/grooveknocks.com/wp-content/themes/my-listing/includes/integrations/wp-job-manager/wp-job-manager.php on line 622

2019-02-07T16:37:00+00:00 CRITICAL Uncaught Error: Call to undefined function CASE27\Integrations\WPJM\add_settings_field() in /home/encyclov/grooveknocks.com/wp-content/themes/my-listing/includes/integrations/wp-job-manager/wp-job-manager.php:622
Stack trace:
#0 /home/encyclov/grooveknocks.com/wp-includes/class-wp-hook.php(286): CASE27\Integrations\WPJM\ListingManager->setup_permalink_settings(Object(WP_Screen))
#1 /home/encyclov/grooveknocks.com/wp-includes/class-wp-hook.php(310): WP_Hook->apply_filters(NULL, Array)
#2 /home/encyclov/grooveknocks.com/wp-includes/plugin.php(453): WP_Hook->do_action(Array)
#3 /home/encyclov/grooveknocks.com/wp-admin/includes/class-wp-screen.php(386): do_action('current_screen', Object(WP_Screen))
#4 /home/encyclov/grooveknocks.com/wp-admin/includes/screen.php(232): WP_Screen->set_current_screen()
#5 /home/encyclov/grooveknocks.com/wp-content/plugins/jetpack/sync/class.jetpack-sync-sender.php(154): set_current_screen('sync')
#6 /home/encyclov/grooveknocks.com/wp-content/plugins/jetpack/sync/class.jetpack-sync-s in /home/encyclov/grooveknocks.com/wp-content/themes/my-listing/includes/integrations/wp-job-manager/wp-job-manager.php on line 622

2019-02-07T16:44:28+00:00 CRITICAL Uncaught Error: Call to undefined function CASE27\Integrations\WPJM\add_settings_field() in /home/encyclov/grooveknocks.com/wp-content/themes/my-listing/includes/integrations/wp-job-manager/wp-job-manager.php:622
Stack trace:
#0 /home/encyclov/grooveknocks.com/wp-includes/class-wp-hook.php(286): CASE27\Integrations\WPJM\ListingManager->setup_permalink_settings(Object(WP_Screen))
#1 /home/encyclov/grooveknocks.com/wp-includes/class-wp-hook.php(310): WP_Hook->apply_filters(NULL, Array)
#2 /home/encyclov/grooveknocks.com/wp-includes/plugin.php(453): WP_Hook->do_action(Array)
#3 /home/encyclov/grooveknocks.com/wp-admin/includes/class-wp-screen.php(386): do_action('current_screen', Object(WP_Screen))
#4 /home/encyclov/grooveknocks.com/wp-admin/includes/screen.php(232): WP_Screen->set_current_screen()
#5 /home/encyclov/grooveknocks.com/wp-content/plugins/jetpack/sync/class.jetpack-sync-sender.php(154): set_current_screen('sync')
#6 /home/encyclov/grooveknocks.com/wp-content/plugins/jetpack/sync/class.jetpack-sync-s in /home/encyclov/grooveknocks.com/wp-content/themes/my-listing/includes/integrations/wp-job-manager/wp-job-manager.php on line 622

2019-02-07T16:53:03+00:00 CRITICAL Uncaught Error: Call to undefined function CASE27\Integrations\WPJM\add_settings_field() in /home/encyclov/grooveknocks.com/wp-content/themes/my-listing/includes/integrations/wp-job-manager/wp-job-manager.php:622
Stack trace:
#0 /home/encyclov/grooveknocks.com/wp-includes/class-wp-hook.php(286): CASE27\Integrations\WPJM\ListingManager->setup_permalink_settings(Object(WP_Screen))
#1 /home/encyclov/grooveknocks.com/wp-includes/class-wp-hook.php(310): WP_Hook->apply_filters(NULL, Array)
#2 /home/encyclov/grooveknocks.com/wp-includes/plugin.php(453): WP_Hook->do_action(Array)
#3 /home/encyclov/grooveknocks.com/wp-admin/includes/class-wp-screen.php(386): do_action('current_screen', Object(WP_Screen))
#4 /home/encyclov/grooveknocks.com/wp-admin/includes/screen.php(232): WP_Screen->set_current_screen()
#5 /home/encyclov/grooveknocks.com/wp-content/plugins/jetpack/sync/class.jetpack-sync-sender.php(154): set_current_screen('sync')
#6 /home/encyclov/grooveknocks.com/wp-content/plugins/jetpack/sync/class.jetpack-sync-s in /home/encyclov/grooveknocks.com/wp-content/themes/my-listing/includes/integrations/wp-job-manager/wp-job-manager.php on line 622

2019-02-07T16:58:48+00:00 CRITICAL Uncaught Error: Call to undefined function CASE27\Integrations\WPJM\add_settings_field() in /home/encyclov/grooveknocks.com/wp-content/themes/my-listing/includes/integrations/wp-job-manager/wp-job-manager.php:622
Stack trace:
#0 /home/encyclov/grooveknocks.com/wp-includes/class-wp-hook.php(286): CASE27\Integrations\WPJM\ListingManager->setup_permalink_settings(Object(WP_Screen))
#1 /home/encyclov/grooveknocks.com/wp-includes/class-wp-hook.php(310): WP_Hook->apply_filters(NULL, Array)
#2 /home/encyclov/grooveknocks.com/wp-includes/plugin.php(453): WP_Hook->do_action(Array)
#3 /home/encyclov/grooveknocks.com/wp-admin/includes/class-wp-screen.php(386): do_action('current_screen', Object(WP_Screen))
#4 /home/encyclov/grooveknocks.com/wp-admin/includes/screen.php(232): WP_Screen->set_current_screen()
#5 /home/encyclov/grooveknocks.com/wp-content/plugins/jetpack/sync/class.jetpack-sync-sender.php(154): set_current_screen('sync')
#6 /home/encyclov/grooveknocks.com/wp-content/plugins/jetpack/sync/class.jetpack-sync-s in /home/encyclov/grooveknocks.com/wp-content/themes/my-listing/includes/integrations/wp-job-manager/wp-job-manager.php on line 622

2019-02-07T17:06:22+00:00 CRITICAL Uncaught Error: Call to undefined function CASE27\Integrations\WPJM\add_settings_field() in /home/encyclov/grooveknocks.com/wp-content/themes/my-listing/includes/integrations/wp-job-manager/wp-job-manager.php:622
Stack trace:
#0 /home/encyclov/grooveknocks.com/wp-includes/class-wp-hook.php(286): CASE27\Integrations\WPJM\ListingManager->setup_permalink_settings(Object(WP_Screen))
#1 /home/encyclov/grooveknocks.com/wp-includes/class-wp-hook.php(310): WP_Hook->apply_filters(NULL, Array)
#2 /home/encyclov/grooveknocks.com/wp-includes/plugin.php(453): WP_Hook->do_action(Array)
#3 /home/encyclov/grooveknocks.com/wp-admin/includes/class-wp-screen.php(386): do_action('current_screen', Object(WP_Screen))
#4 /home/encyclov/grooveknocks.com/wp-admin/includes/screen.php(232): WP_Screen->set_current_screen()
#5 /home/encyclov/grooveknocks.com/wp-content/plugins/jetpack/sync/class.jetpack-sync-sender.php(154): set_current_screen('sync')
#6 /home/encyclov/grooveknocks.com/wp-content/plugins/jetpack/sync/class.jetpack-sync-s in /home/encyclov/grooveknocks.com/wp-content/themes/my-listing/includes/integrations/wp-job-manager/wp-job-manager.php on line 622

2019-02-07T17:13:02+00:00 CRITICAL Uncaught Error: Call to undefined function CASE27\Integrations\WPJM\add_settings_field() in /home/encyclov/grooveknocks.com/wp-content/themes/my-listing/includes/integrations/wp-job-manager/wp-job-manager.php:622
Stack trace:
#0 /home/encyclov/grooveknocks.com/wp-includes/class-wp-hook.php(286): CASE27\Integrations\WPJM\ListingManager->setup_permalink_settings(Object(WP_Screen))
#1 /home/encyclov/grooveknocks.com/wp-includes/class-wp-hook.php(310): WP_Hook->apply_filters(NULL, Array)
#2 /home/encyclov/grooveknocks.com/wp-includes/plugin.php(453): WP_Hook->do_action(Array)
#3 /home/encyclov/grooveknocks.com/wp-admin/includes/class-wp-screen.php(386): do_action('current_screen', Object(WP_Screen))
#4 /home/encyclov/grooveknocks.com/wp-admin/includes/screen.php(232): WP_Screen->set_current_screen()
#5 /home/encyclov/grooveknocks.com/wp-content/plugins/jetpack/sync/class.jetpack-sync-sender.php(154): set_current_screen('sync')
#6 /home/encyclov/grooveknocks.com/wp-content/plugins/jetpack/sync/class.jetpack-sync-s in /home/encyclov/grooveknocks.com/wp-content/themes/my-listing/includes/integrations/wp-job-manager/wp-job-manager.php on line 622

2019-02-07T17:20:29+00:00 CRITICAL Uncaught Error: Call to undefined function CASE27\Integrations\WPJM\add_settings_field() in /home/encyclov/grooveknocks.com/wp-content/themes/my-listing/includes/integrations/wp-job-manager/wp-job-manager.php:622
Stack trace:
#0 /home/encyclov/grooveknocks.com/wp-includes/class-wp-hook.php(286): CASE27\Integrations\WPJM\ListingManager->setup_permalink_settings(Object(WP_Screen))
#1 /home/encyclov/grooveknocks.com/wp-includes/class-wp-hook.php(310): WP_Hook->apply_filters(NULL, Array)
#2 /home/encyclov/grooveknocks.com/wp-includes/plugin.php(453): WP_Hook->do_action(Array)
#3 /home/encyclov/grooveknocks.com/wp-admin/includes/class-wp-screen.php(386): do_action('current_screen', Object(WP_Screen))
#4 /home/encyclov/grooveknocks.com/wp-admin/includes/screen.php(232): WP_Screen->set_current_screen()
#5 /home/encyclov/grooveknocks.com/wp-content/plugins/jetpack/sync/class.jetpack-sync-sender.php(154): set_current_screen('sync')
#6 /home/encyclov/grooveknocks.com/wp-content/plugins/jetpack/sync/class.jetpack-sync-s in /home/encyclov/grooveknocks.com/wp-content/themes/my-listing/includes/integrations/wp-job-manager/wp-job-manager.php on line 622

2019-02-07T17:25:47+00:00 CRITICAL Uncaught Error: Call to undefined function CASE27\Integrations\WPJM\add_settings_field() in /home/encyclov/grooveknocks.com/wp-content/themes/my-listing/includes/integrations/wp-job-manager/wp-job-manager.php:622
Stack trace:
#0 /home/encyclov/grooveknocks.com/wp-includes/class-wp-hook.php(286): CASE27\Integrations\WPJM\ListingManager->setup_permalink_settings(Object(WP_Screen))
#1 /home/encyclov/grooveknocks.com/wp-includes/class-wp-hook.php(310): WP_Hook->apply_filters(NULL, Array)
#2 /home/encyclov/grooveknocks.com/wp-includes/plugin.php(453): WP_Hook->do_action(Array)
#3 /home/encyclov/grooveknocks.com/wp-admin/includes/class-wp-screen.php(386): do_action('current_screen', Object(WP_Screen))
#4 /home/encyclov/grooveknocks.com/wp-admin/includes/screen.php(232): WP_Screen->set_current_screen()
#5 /home/encyclov/grooveknocks.com/wp-content/plugins/jetpack/sync/class.jetpack-sync-sender.php(154): set_current_screen('sync')
#6 /home/encyclov/grooveknocks.com/wp-content/plugins/jetpack/sync/class.jetpack-sync-s in /home/encyclov/grooveknocks.com/wp-content/themes/my-listing/includes/integrations/wp-job-manager/wp-job-manager.php on line 622

2019-02-07T17:35:14+00:00 CRITICAL Uncaught Error: Call to undefined function CASE27\Integrations\WPJM\add_settings_field() in /home/encyclov/grooveknocks.com/wp-content/themes/my-listing/includes/integrations/wp-job-manager/wp-job-manager.php:622
Stack trace:
#0 /home/encyclov/grooveknocks.com/wp-includes/class-wp-hook.php(286): CASE27\Integrations\WPJM\ListingManager->setup_permalink_settings(Object(WP_Screen))
#1 /home/encyclov/grooveknocks.com/wp-includes/class-wp-hook.php(310): WP_Hook->apply_filters(NULL, Array)
#2 /home/encyclov/grooveknocks.com/wp-includes/plugin.php(453): WP_Hook->do_action(Array)
#3 /home/encyclov/grooveknocks.com/wp-admin/includes/class-wp-screen.php(386): do_action('current_screen', Object(WP_Screen))
#4 /home/encyclov/grooveknocks.com/wp-admin/includes/screen.php(232): WP_Screen->set_current_screen()
#5 /home/encyclov/grooveknocks.com/wp-content/plugins/jetpack/sync/class.jetpack-sync-sender.php(154): set_current_screen('sync')
#6 /home/encyclov/grooveknocks.com/wp-content/plugins/jetpack/sync/class.jetpack-sync-s in /home/encyclov/grooveknocks.com/wp-content/themes/my-listing/includes/integrations/wp-job-manager/wp-job-manager.php on line 622

2019-02-07T17:41:06+00:00 CRITICAL Uncaught Error: Call to undefined function CASE27\Integrations\WPJM\add_settings_field() in /home/encyclov/grooveknocks.com/wp-content/themes/my-listing/includes/integrations/wp-job-manager/wp-job-manager.php:622
Stack trace:
#0 /home/encyclov/grooveknocks.com/wp-includes/class-wp-hook.php(286): CASE27\Integrations\WPJM\ListingManager->setup_permalink_settings(Object(WP_Screen))
#1 /home/encyclov/grooveknocks.com/wp-includes/class-wp-hook.php(310): WP_Hook->apply_filters(NULL, Array)
#2 /home/encyclov/grooveknocks.com/wp-includes/plugin.php(453): WP_Hook->do_action(Array)
#3 /home/encyclov/grooveknocks.com/wp-admin/includes/class-wp-screen.php(386): do_action('current_screen', Object(WP_Screen))
#4 /home/encyclov/grooveknocks.com/wp-admin/includes/screen.php(232): WP_Screen->set_current_screen()
#5 /home/encyclov/grooveknocks.com/wp-content/plugins/jetpack/sync/class.jetpack-sync-sender.php(154): set_current_screen('sync')
#6 /home/encyclov/grooveknocks.com/wp-content/plugins/jetpack/sync/class.jetpack-sync-s in /home/encyclov/grooveknocks.com/wp-content/themes/my-listing/includes/integrations/wp-job-manager/wp-job-manager.php on line 622

2019-02-07T17:48:02+00:00 CRITICAL Uncaught Error: Call to undefined function CASE27\Integrations\WPJM\add_settings_field() in /home/encyclov/grooveknocks.com/wp-content/themes/my-listing/includes/integrations/wp-job-manager/wp-job-manager.php:622
Stack trace:
#0 /home/encyclov/grooveknocks.com/wp-includes/class-wp-hook.php(286): CASE27\Integrations\WPJM\ListingManager->setup_permalink_settings(Object(WP_Screen))
#1 /home/encyclov/grooveknocks.com/wp-includes/class-wp-hook.php(310): WP_Hook->apply_filters(NULL, Array)
#2 /home/encyclov/grooveknocks.com/wp-includes/plugin.php(453): WP_Hook->do_action(Array)
#3 /home/encyclov/grooveknocks.com/wp-admin/includes/class-wp-screen.php(386): do_action('current_screen', Object(WP_Screen))
#4 /home/encyclov/grooveknocks.com/wp-admin/includes/screen.php(232): WP_Screen->set_current_screen()
#5 /home/encyclov/grooveknocks.com/wp-content/plugins/jetpack/sync/class.jetpack-sync-sender.php(154): set_current_screen('sync')
#6 /home/encyclov/grooveknocks.com/wp-content/plugins/jetpack/sync/class.jetpack-sync-s in /home/encyclov/grooveknocks.com/wp-content/themes/my-listing/includes/integrations/wp-job-manager/wp-job-manager.php on line 622

2019-02-07T17:55:00+00:00 CRITICAL Uncaught Error: Call to undefined function CASE27\Integrations\WPJM\add_settings_field() in /home/encyclov/grooveknocks.com/wp-content/themes/my-listing/includes/integrations/wp-job-manager/wp-job-manager.php:622
Stack trace:
#0 /home/encyclov/grooveknocks.com/wp-includes/class-wp-hook.php(286): CASE27\Integrations\WPJM\ListingManager->setup_permalink_settings(Object(WP_Screen))
#1 /home/encyclov/grooveknocks.com/wp-includes/class-wp-hook.php(310): WP_Hook->apply_filters(NULL, Array)
#2 /home/encyclov/grooveknocks.com/wp-includes/plugin.php(453): WP_Hook->do_action(Array)
#3 /home/encyclov/grooveknocks.com/wp-admin/includes/class-wp-screen.php(386): do_action('current_screen', Object(WP_Screen))
#4 /home/encyclov/grooveknocks.com/wp-admin/includes/screen.php(232): WP_Screen->set_current_screen()
#5 /home/encyclov/grooveknocks.com/wp-content/plugins/jetpack/sync/class.jetpack-sync-sender.php(154): set_current_screen('sync')
#6 /home/encyclov/grooveknocks.com/wp-content/plugins/jetpack/sync/class.jetpack-sync-s in /home/encyclov/grooveknocks.com/wp-content/themes/my-listing/includes/integrations/wp-job-manager/wp-job-manager.php on line 622

2019-02-07T18:02:32+00:00 CRITICAL Uncaught Error: Call to undefined function CASE27\Integrations\WPJM\add_settings_field() in /home/encyclov/grooveknocks.com/wp-content/themes/my-listing/includes/integrations/wp-job-manager/wp-job-manager.php:622
Stack trace:
#0 /home/encyclov/grooveknocks.com/wp-includes/class-wp-hook.php(286): CASE27\Integrations\WPJM\ListingManager->setup_permalink_settings(Object(WP_Screen))
#1 /home/encyclov/grooveknocks.com/wp-includes/class-wp-hook.php(310): WP_Hook->apply_filters(NULL, Array)
#2 /home/encyclov/grooveknocks.com/wp-includes/plugin.php(453): WP_Hook->do_action(Array)
#3 /home/encyclov/grooveknocks.com/wp-admin/includes/class-wp-screen.php(386): do_action('current_screen', Object(WP_Screen))
#4 /home/encyclov/grooveknocks.com/wp-admin/includes/screen.php(232): WP_Screen->set_current_screen()
#5 /home/encyclov/grooveknocks.com/wp-content/plugins/jetpack/sync/class.jetpack-sync-sender.php(154): set_current_screen('sync')
#6 /home/encyclov/grooveknocks.com/wp-content/plugins/jetpack/sync/class.jetpack-sync-s in /home/encyclov/grooveknocks.com/wp-content/themes/my-listing/includes/integrations/wp-job-manager/wp-job-manager.php on line 622

2019-02-07T18:08:28+00:00 CRITICAL Uncaught Error: Call to undefined function CASE27\Integrations\WPJM\add_settings_field() in /home/encyclov/grooveknocks.com/wp-content/themes/my-listing/includes/integrations/wp-job-manager/wp-job-manager.php:622
Stack trace:
#0 /home/encyclov/grooveknocks.com/wp-includes/class-wp-hook.php(286): CASE27\Integrations\WPJM\ListingManager->setup_permalink_settings(Object(WP_Screen))
#1 /home/encyclov/grooveknocks.com/wp-includes/class-wp-hook.php(310): WP_Hook->apply_filters(NULL, Array)
#2 /home/encyclov/grooveknocks.com/wp-includes/plugin.php(453): WP_Hook->do_action(Array)
#3 /home/encyclov/grooveknocks.com/wp-admin/includes/class-wp-screen.php(386): do_action('current_screen', Object(WP_Screen))
#4 /home/encyclov/grooveknocks.com/wp-admin/includes/screen.php(232): WP_Screen->set_current_screen()
#5 /home/encyclov/grooveknocks.com/wp-content/plugins/jetpack/sync/class.jetpack-sync-sender.php(154): set_current_screen('sync')
#6 /home/encyclov/grooveknocks.com/wp-content/plugins/jetpack/sync/class.jetpack-sync-s in /home/encyclov/grooveknocks.com/wp-content/themes/my-listing/includes/integrations/wp-job-manager/wp-job-manager.php on line 622

2019-02-07T18:16:07+00:00 CRITICAL Uncaught Error: Call to undefined function CASE27\Integrations\WPJM\add_settings_field() in /home/encyclov/grooveknocks.com/wp-content/themes/my-listing/includes/integrations/wp-job-manager/wp-job-manager.php:622
Stack trace:
#0 /home/encyclov/grooveknocks.com/wp-includes/class-wp-hook.php(286): CASE27\Integrations\WPJM\ListingManager->setup_permalink_settings(Object(WP_Screen))
#1 /home/encyclov/grooveknocks.com/wp-includes/class-wp-hook.php(310): WP_Hook->apply_filters(NULL, Array)
#2 /home/encyclov/grooveknocks.com/wp-includes/plugin.php(453): WP_Hook->do_action(Array)
#3 /home/encyclov/grooveknocks.com/wp-admin/includes/class-wp-screen.php(386): do_action('current_screen', Object(WP_Screen))
#4 /home/encyclov/grooveknocks.com/wp-admin/includes/screen.php(232): WP_Screen->set_current_screen()
#5 /home/encyclov/grooveknocks.com/wp-content/plugins/jetpack/sync/class.jetpack-sync-sender.php(154): set_current_screen('sync')
#6 /home/encyclov/grooveknocks.com/wp-content/plugins/jetpack/sync/class.jetpack-sync-s in /home/encyclov/grooveknocks.com/wp-content/themes/my-listing/includes/integrations/wp-job-manager/wp-job-manager.php on line 622

2019-02-07T18:23:48+00:00 CRITICAL Uncaught Error: Call to undefined function CASE27\Integrations\WPJM\add_settings_field() in /home/encyclov/grooveknocks.com/wp-content/themes/my-listing/includes/integrations/wp-job-manager/wp-job-manager.php:622
Stack trace:
#0 /home/encyclov/grooveknocks.com/wp-includes/class-wp-hook.php(286): CASE27\Integrations\WPJM\ListingManager->setup_permalink_settings(Object(WP_Screen))
#1 /home/encyclov/grooveknocks.com/wp-includes/class-wp-hook.php(310): WP_Hook->apply_filters(NULL, Array)
#2 /home/encyclov/grooveknocks.com/wp-includes/plugin.php(453): WP_Hook->do_action(Array)
#3 /home/encyclov/grooveknocks.com/wp-admin/includes/class-wp-screen.php(386): do_action('current_screen', Object(WP_Screen))
#4 /home/encyclov/grooveknocks.com/wp-admin/includes/screen.php(232): WP_Screen->set_current_screen()
#5 /home/encyclov/grooveknocks.com/wp-content/plugins/jetpack/sync/class.jetpack-sync-sender.php(154): set_current_screen('sync')
#6 /home/encyclov/grooveknocks.com/wp-content/plugins/jetpack/sync/class.jetpack-sync-s in /home/encyclov/grooveknocks.com/wp-content/themes/my-listing/includes/integrations/wp-job-manager/wp-job-manager.php on line 622

2019-02-07T18:28:13+00:00 CRITICAL Uncaught Error: Call to undefined function CASE27\Integrations\WPJM\add_settings_field() in /home/encyclov/grooveknocks.com/wp-content/themes/my-listing/includes/integrations/wp-job-manager/wp-job-manager.php:622
Stack trace:
#0 /home/encyclov/grooveknocks.com/wp-includes/class-wp-hook.php(286): CASE27\Integrations\WPJM\ListingManager->setup_permalink_settings(Object(WP_Screen))
#1 /home/encyclov/grooveknocks.com/wp-includes/class-wp-hook.php(310): WP_Hook->apply_filters(NULL, Array)
#2 /home/encyclov/grooveknocks.com/wp-includes/plugin.php(453): WP_Hook->do_action(Array)
#3 /home/encyclov/grooveknocks.com/wp-admin/includes/class-wp-screen.php(386): do_action('current_screen', Object(WP_Screen))
#4 /home/encyclov/grooveknocks.com/wp-admin/includes/screen.php(232): WP_Screen->set_current_screen()
#5 /home/encyclov/grooveknocks.com/wp-content/plugins/jetpack/sync/class.jetpack-sync-sender.php(154): set_current_screen('sync')
#6 /home/encyclov/grooveknocks.com/wp-content/plugins/jetpack/sync/class.jetpack-sync-s in /home/encyclov/grooveknocks.com/wp-content/themes/my-listing/includes/integrations/wp-job-manager/wp-job-manager.php on line 622

2019-02-07T18:36:29+00:00 CRITICAL Uncaught Error: Call to undefined function CASE27\Integrations\WPJM\add_settings_field() in /home/encyclov/grooveknocks.com/wp-content/themes/my-listing/includes/integrations/wp-job-manager/wp-job-manager.php:622
Stack trace:
#0 /home/encyclov/grooveknocks.com/wp-includes/class-wp-hook.php(286): CASE27\Integrations\WPJM\ListingManager->setup_permalink_settings(Object(WP_Screen))
#1 /home/encyclov/grooveknocks.com/wp-includes/class-wp-hook.php(310): WP_Hook->apply_filters(NULL, Array)
#2 /home/encyclov/grooveknocks.com/wp-includes/plugin.php(453): WP_Hook->do_action(Array)
#3 /home/encyclov/grooveknocks.com/wp-admin/includes/class-wp-screen.php(386): do_action('current_screen', Object(WP_Screen))
#4 /home/encyclov/grooveknocks.com/wp-admin/includes/screen.php(232): WP_Screen->set_current_screen()
#5 /home/encyclov/grooveknocks.com/wp-content/plugins/jetpack/sync/class.jetpack-sync-sender.php(154): set_current_screen('sync')
#6 /home/encyclov/grooveknocks.com/wp-content/plugins/jetpack/sync/class.jetpack-sync-s in /home/encyclov/grooveknocks.com/wp-content/themes/my-listing/includes/integrations/wp-job-manager/wp-job-manager.php on line 622

2019-02-07T18:38:35+00:00 CRITICAL Uncaught Error: Call to undefined function CASE27\Integrations\WPJM\add_settings_field() in /home/encyclov/grooveknocks.com/wp-content/themes/my-listing/includes/integrations/wp-job-manager/wp-job-manager.php:622
Stack trace:
#0 /home/encyclov/grooveknocks.com/wp-includes/class-wp-hook.php(286): CASE27\Integrations\WPJM\ListingManager->setup_permalink_settings(Object(WP_Screen))
#1 /home/encyclov/grooveknocks.com/wp-includes/class-wp-hook.php(310): WP_Hook->apply_filters(NULL, Array)
#2 /home/encyclov/grooveknocks.com/wp-includes/plugin.php(453): WP_Hook->do_action(Array)
#3 /home/encyclov/grooveknocks.com/wp-admin/includes/class-wp-screen.php(386): do_action('current_screen', Object(WP_Screen))
#4 /home/encyclov/grooveknocks.com/wp-admin/includes/screen.php(232): WP_Screen->set_current_screen()
#5 /home/encyclov/grooveknocks.com/wp-content/plugins/jetpack/sync/class.jetpack-sync-sender.php(154): set_current_screen('sync')
#6 /home/encyclov/grooveknocks.com/wp-content/plugins/jetpack/sync/class.jetpack-sync-s in /home/encyclov/grooveknocks.com/wp-content/themes/my-listing/includes/integrations/wp-job-manager/wp-job-manager.php on line 622

2019-02-07T18:43:44+00:00 CRITICAL Uncaught Error: Call to undefined function CASE27\Integrations\WPJM\add_settings_field() in /home/encyclov/grooveknocks.com/wp-content/themes/my-listing/includes/integrations/wp-job-manager/wp-job-manager.php:622
Stack trace:
#0 /home/encyclov/grooveknocks.com/wp-includes/class-wp-hook.php(286): CASE27\Integrations\WPJM\ListingManager->setup_permalink_settings(Object(WP_Screen))
#1 /home/encyclov/grooveknocks.com/wp-includes/class-wp-hook.php(310): WP_Hook->apply_filters(NULL, Array)
#2 /home/encyclov/grooveknocks.com/wp-includes/plugin.php(453): WP_Hook->do_action(Array)
#3 /home/encyclov/grooveknocks.com/wp-admin/includes/class-wp-screen.php(386): do_action('current_screen', Object(WP_Screen))
#4 /home/encyclov/grooveknocks.com/wp-admin/includes/screen.php(232): WP_Screen->set_current_screen()
#5 /home/encyclov/grooveknocks.com/wp-content/plugins/jetpack/sync/class.jetpack-sync-sender.php(154): set_current_screen('sync')
#6 /home/encyclov/grooveknocks.com/wp-content/plugins/jetpack/sync/class.jetpack-sync-s in /home/encyclov/grooveknocks.com/wp-content/themes/my-listing/includes/integrations/wp-job-manager/wp-job-manager.php on line 622

2019-02-07T18:51:26+00:00 CRITICAL Uncaught Error: Call to undefined function CASE27\Integrations\WPJM\add_settings_field() in /home/encyclov/grooveknocks.com/wp-content/themes/my-listing/includes/integrations/wp-job-manager/wp-job-manager.php:622
Stack trace:
#0 /home/encyclov/grooveknocks.com/wp-includes/class-wp-hook.php(286): CASE27\Integrations\WPJM\ListingManager->setup_permalink_settings(Object(WP_Screen))
#1 /home/encyclov/grooveknocks.com/wp-includes/class-wp-hook.php(310): WP_Hook->apply_filters(NULL, Array)
#2 /home/encyclov/grooveknocks.com/wp-includes/plugin.php(453): WP_Hook->do_action(Array)
#3 /home/encyclov/grooveknocks.com/wp-admin/includes/class-wp-screen.php(386): do_action('current_screen', Object(WP_Screen))
#4 /home/encyclov/grooveknocks.com/wp-admin/includes/screen.php(232): WP_Screen->set_current_screen()
#5 /home/encyclov/grooveknocks.com/wp-content/plugins/jetpack/sync/class.jetpack-sync-sender.php(154): set_current_screen('sync')
#6 /home/encyclov/grooveknocks.com/wp-content/plugins/jetpack/sync/class.jetpack-sync-s in /home/encyclov/grooveknocks.com/wp-content/themes/my-listing/includes/integrations/wp-job-manager/wp-job-manager.php on line 622

2019-02-07T18:58:04+00:00 CRITICAL Uncaught Error: Call to undefined function CASE27\Integrations\WPJM\add_settings_field() in /home/encyclov/grooveknocks.com/wp-content/themes/my-listing/includes/integrations/wp-job-manager/wp-job-manager.php:622
Stack trace:
#0 /home/encyclov/grooveknocks.com/wp-includes/class-wp-hook.php(286): CASE27\Integrations\WPJM\ListingManager->setup_permalink_settings(Object(WP_Screen))
#1 /home/encyclov/grooveknocks.com/wp-includes/class-wp-hook.php(310): WP_Hook->apply_filters(NULL, Array)
#2 /home/encyclov/grooveknocks.com/wp-includes/plugin.php(453): WP_Hook->do_action(Array)
#3 /home/encyclov/grooveknocks.com/wp-admin/includes/class-wp-screen.php(386): do_action('current_screen', Object(WP_Screen))
#4 /home/encyclov/grooveknocks.com/wp-admin/includes/screen.php(232): WP_Screen->set_current_screen()
#5 /home/encyclov/grooveknocks.com/wp-content/plugins/jetpack/sync/class.jetpack-sync-sender.php(154): set_current_screen('sync')
#6 /home/encyclov/grooveknocks.com/wp-content/plugins/jetpack/sync/class.jetpack-sync-s in /home/encyclov/grooveknocks.com/wp-content/themes/my-listing/includes/integrations/wp-job-manager/wp-job-manager.php on line 622

2019-02-07T19:05:30+00:00 CRITICAL Uncaught Error: Call to undefined function CASE27\Integrations\WPJM\add_settings_field() in /home/encyclov/grooveknocks.com/wp-content/themes/my-listing/includes/integrations/wp-job-manager/wp-job-manager.php:622
Stack trace:
#0 /home/encyclov/grooveknocks.com/wp-includes/class-wp-hook.php(286): CASE27\Integrations\WPJM\ListingManager->setup_permalink_settings(Object(WP_Screen))
#1 /home/encyclov/grooveknocks.com/wp-includes/class-wp-hook.php(310): WP_Hook->apply_filters(NULL, Array)
#2 /home/encyclov/grooveknocks.com/wp-includes/plugin.php(453): WP_Hook->do_action(Array)
#3 /home/encyclov/grooveknocks.com/wp-admin/includes/class-wp-screen.php(386): do_action('current_screen', Object(WP_Screen))
#4 /home/encyclov/grooveknocks.com/wp-admin/includes/screen.php(232): WP_Screen->set_current_screen()
#5 /home/encyclov/grooveknocks.com/wp-content/plugins/jetpack/sync/class.jetpack-sync-sender.php(154): set_current_screen('sync')
#6 /home/encyclov/grooveknocks.com/wp-content/plugins/jetpack/sync/class.jetpack-sync-s in /home/encyclov/grooveknocks.com/wp-content/themes/my-listing/includes/integrations/wp-job-manager/wp-job-manager.php on line 622

2019-02-07T19:11:15+00:00 CRITICAL Uncaught Error: Call to undefined function CASE27\Integrations\WPJM\add_settings_field() in /home/encyclov/grooveknocks.com/wp-content/themes/my-listing/includes/integrations/wp-job-manager/wp-job-manager.php:622
Stack trace:
#0 /home/encyclov/grooveknocks.com/wp-includes/class-wp-hook.php(286): CASE27\Integrations\WPJM\ListingManager->setup_permalink_settings(Object(WP_Screen))
#1 /home/encyclov/grooveknocks.com/wp-includes/class-wp-hook.php(310): WP_Hook->apply_filters(NULL, Array)
#2 /home/encyclov/grooveknocks.com/wp-includes/plugin.php(453): WP_Hook->do_action(Array)
#3 /home/encyclov/grooveknocks.com/wp-admin/includes/class-wp-screen.php(386): do_action('current_screen', Object(WP_Screen))
#4 /home/encyclov/grooveknocks.com/wp-admin/includes/screen.php(232): WP_Screen->set_current_screen()
#5 /home/encyclov/grooveknocks.com/wp-content/plugins/jetpack/sync/class.jetpack-sync-sender.php(154): set_current_screen('sync')
#6 /home/encyclov/grooveknocks.com/wp-content/plugins/jetpack/sync/class.jetpack-sync-s in /home/encyclov/grooveknocks.com/wp-content/themes/my-listing/includes/integrations/wp-job-manager/wp-job-manager.php on line 622

2019-02-07T19:20:06+00:00 CRITICAL Uncaught Error: Call to undefined function CASE27\Integrations\WPJM\add_settings_field() in /home/encyclov/grooveknocks.com/wp-content/themes/my-listing/includes/integrations/wp-job-manager/wp-job-manager.php:622
Stack trace:
#0 /home/encyclov/grooveknocks.com/wp-includes/class-wp-hook.php(286): CASE27\Integrations\WPJM\ListingManager->setup_permalink_settings(Object(WP_Screen))
#1 /home/encyclov/grooveknocks.com/wp-includes/class-wp-hook.php(310): WP_Hook->apply_filters(NULL, Array)
#2 /home/encyclov/grooveknocks.com/wp-includes/plugin.php(453): WP_Hook->do_action(Array)
#3 /home/encyclov/grooveknocks.com/wp-admin/includes/class-wp-screen.php(386): do_action('current_screen', Object(WP_Screen))
#4 /home/encyclov/grooveknocks.com/wp-admin/includes/screen.php(232): WP_Screen->set_current_screen()
#5 /home/encyclov/grooveknocks.com/wp-content/plugins/jetpack/sync/class.jetpack-sync-sender.php(154): set_current_screen('sync')
#6 /home/encyclov/grooveknocks.com/wp-content/plugins/jetpack/sync/class.jetpack-sync-s in /home/encyclov/grooveknocks.com/wp-content/themes/my-listing/includes/integrations/wp-job-manager/wp-job-manager.php on line 622

2019-02-07T19:25:32+00:00 CRITICAL Uncaught Error: Call to undefined function CASE27\Integrations\WPJM\add_settings_field() in /home/encyclov/grooveknocks.com/wp-content/themes/my-listing/includes/integrations/wp-job-manager/wp-job-manager.php:622
Stack trace:
#0 /home/encyclov/grooveknocks.com/wp-includes/class-wp-hook.php(286): CASE27\Integrations\WPJM\ListingManager->setup_permalink_settings(Object(WP_Screen))
#1 /home/encyclov/grooveknocks.com/wp-includes/class-wp-hook.php(310): WP_Hook->apply_filters(NULL, Array)
#2 /home/encyclov/grooveknocks.com/wp-includes/plugin.php(453): WP_Hook->do_action(Array)
#3 /home/encyclov/grooveknocks.com/wp-admin/includes/class-wp-screen.php(386): do_action('current_screen', Object(WP_Screen))
#4 /home/encyclov/grooveknocks.com/wp-admin/includes/screen.php(232): WP_Screen->set_current_screen()
#5 /home/encyclov/grooveknocks.com/wp-content/plugins/jetpack/sync/class.jetpack-sync-sender.php(154): set_current_screen('sync')
#6 /home/encyclov/grooveknocks.com/wp-content/plugins/jetpack/sync/class.jetpack-sync-s in /home/encyclov/grooveknocks.com/wp-content/themes/my-listing/includes/integrations/wp-job-manager/wp-job-manager.php on line 622

2019-02-07T19:33:25+00:00 CRITICAL Uncaught Error: Call to undefined function CASE27\Integrations\WPJM\add_settings_field() in /home/encyclov/grooveknocks.com/wp-content/themes/my-listing/includes/integrations/wp-job-manager/wp-job-manager.php:622
Stack trace:
#0 /home/encyclov/grooveknocks.com/wp-includes/class-wp-hook.php(286): CASE27\Integrations\WPJM\ListingManager->setup_permalink_settings(Object(WP_Screen))
#1 /home/encyclov/grooveknocks.com/wp-includes/class-wp-hook.php(310): WP_Hook->apply_filters(NULL, Array)
#2 /home/encyclov/grooveknocks.com/wp-includes/plugin.php(453): WP_Hook->do_action(Array)
#3 /home/encyclov/grooveknocks.com/wp-admin/includes/class-wp-screen.php(386): do_action('current_screen', Object(WP_Screen))
#4 /home/encyclov/grooveknocks.com/wp-admin/includes/screen.php(232): WP_Screen->set_current_screen()
#5 /home/encyclov/grooveknocks.com/wp-content/plugins/jetpack/sync/class.jetpack-sync-sender.php(154): set_current_screen('sync')
#6 /home/encyclov/grooveknocks.com/wp-content/plugins/jetpack/sync/class.jetpack-sync-s in /home/encyclov/grooveknocks.com/wp-content/themes/my-listing/includes/integrations/wp-job-manager/wp-job-manager.php on line 622

2019-02-07T19:40:04+00:00 CRITICAL Uncaught Error: Call to undefined function CASE27\Integrations\WPJM\add_settings_field() in /home/encyclov/grooveknocks.com/wp-content/themes/my-listing/includes/integrations/wp-job-manager/wp-job-manager.php:622
Stack trace:
#0 /home/encyclov/grooveknocks.com/wp-includes/class-wp-hook.php(286): CASE27\Integrations\WPJM\ListingManager->setup_permalink_settings(Object(WP_Screen))
#1 /home/encyclov/grooveknocks.com/wp-includes/class-wp-hook.php(310): WP_Hook->apply_filters(NULL, Array)
#2 /home/encyclov/grooveknocks.com/wp-includes/plugin.php(453): WP_Hook->do_action(Array)
#3 /home/encyclov/grooveknocks.com/wp-admin/includes/class-wp-screen.php(386): do_action('current_screen', Object(WP_Screen))
#4 /home/encyclov/grooveknocks.com/wp-admin/includes/screen.php(232): WP_Screen->set_current_screen()
#5 /home/encyclov/grooveknocks.com/wp-content/plugins/jetpack/sync/class.jetpack-sync-sender.php(154): set_current_screen('sync')
#6 /home/encyclov/grooveknocks.com/wp-content/plugins/jetpack/sync/class.jetpack-sync-s in /home/encyclov/grooveknocks.com/wp-content/themes/my-listing/includes/integrations/wp-job-manager/wp-job-manager.php on line 622

2019-02-07T19:46:45+00:00 CRITICAL Uncaught Error: Call to undefined function CASE27\Integrations\WPJM\add_settings_field() in /home/encyclov/grooveknocks.com/wp-content/themes/my-listing/includes/integrations/wp-job-manager/wp-job-manager.php:622
Stack trace:
#0 /home/encyclov/grooveknocks.com/wp-includes/class-wp-hook.php(286): CASE27\Integrations\WPJM\ListingManager->setup_permalink_settings(Object(WP_Screen))
#1 /home/encyclov/grooveknocks.com/wp-includes/class-wp-hook.php(310): WP_Hook->apply_filters(NULL, Array)
#2 /home/encyclov/grooveknocks.com/wp-includes/plugin.php(453): WP_Hook->do_action(Array)
#3 /home/encyclov/grooveknocks.com/wp-admin/includes/class-wp-screen.php(386): do_action('current_screen', Object(WP_Screen))
#4 /home/encyclov/grooveknocks.com/wp-admin/includes/screen.php(232): WP_Screen->set_current_screen()
#5 /home/encyclov/grooveknocks.com/wp-content/plugins/jetpack/sync/class.jetpack-sync-sender.php(154): set_current_screen('sync')
#6 /home/encyclov/grooveknocks.com/wp-content/plugins/jetpack/sync/class.jetpack-sync-s in /home/encyclov/grooveknocks.com/wp-content/themes/my-listing/includes/integrations/wp-job-manager/wp-job-manager.php on line 622

2019-02-07T19:54:11+00:00 CRITICAL Uncaught Error: Call to undefined function CASE27\Integrations\WPJM\add_settings_field() in /home/encyclov/grooveknocks.com/wp-content/themes/my-listing/includes/integrations/wp-job-manager/wp-job-manager.php:622
Stack trace:
#0 /home/encyclov/grooveknocks.com/wp-includes/class-wp-hook.php(286): CASE27\Integrations\WPJM\ListingManager->setup_permalink_settings(Object(WP_Screen))
#1 /home/encyclov/grooveknocks.com/wp-includes/class-wp-hook.php(310): WP_Hook->apply_filters(NULL, Array)
#2 /home/encyclov/grooveknocks.com/wp-includes/plugin.php(453): WP_Hook->do_action(Array)
#3 /home/encyclov/grooveknocks.com/wp-admin/includes/class-wp-screen.php(386): do_action('current_screen', Object(WP_Screen))
#4 /home/encyclov/grooveknocks.com/wp-admin/includes/screen.php(232): WP_Screen->set_current_screen()
#5 /home/encyclov/grooveknocks.com/wp-content/plugins/jetpack/sync/class.jetpack-sync-sender.php(154): set_current_screen('sync')
#6 /home/encyclov/grooveknocks.com/wp-content/plugins/jetpack/sync/class.jetpack-sync-s in /home/encyclov/grooveknocks.com/wp-content/themes/my-listing/includes/integrations/wp-job-manager/wp-job-manager.php on line 622

2019-02-07T20:01:11+00:00 CRITICAL Uncaught Error: Call to undefined function CASE27\Integrations\WPJM\add_settings_field() in /home/encyclov/grooveknocks.com/wp-content/themes/my-listing/includes/integrations/wp-job-manager/wp-job-manager.php:622
Stack trace:
#0 /home/encyclov/grooveknocks.com/wp-includes/class-wp-hook.php(286): CASE27\Integrations\WPJM\ListingManager->setup_permalink_settings(Object(WP_Screen))
#1 /home/encyclov/grooveknocks.com/wp-includes/class-wp-hook.php(310): WP_Hook->apply_filters(NULL, Array)
#2 /home/encyclov/grooveknocks.com/wp-includes/plugin.php(453): WP_Hook->do_action(Array)
#3 /home/encyclov/grooveknocks.com/wp-admin/includes/class-wp-screen.php(386): do_action('current_screen', Object(WP_Screen))
#4 /home/encyclov/grooveknocks.com/wp-admin/includes/screen.php(232): WP_Screen->set_current_screen()
#5 /home/encyclov/grooveknocks.com/wp-content/plugins/jetpack/sync/class.jetpack-sync-sender.php(154): set_current_screen('sync')
#6 /home/encyclov/grooveknocks.com/wp-content/plugins/jetpack/sync/class.jetpack-sync-s in /home/encyclov/grooveknocks.com/wp-content/themes/my-listing/includes/integrations/wp-job-manager/wp-job-manager.php on line 622

2019-02-07T20:08:42+00:00 CRITICAL Uncaught Error: Call to undefined function CASE27\Integrations\WPJM\add_settings_field() in /home/encyclov/grooveknocks.com/wp-content/themes/my-listing/includes/integrations/wp-job-manager/wp-job-manager.php:622
Stack trace:
#0 /home/encyclov/grooveknocks.com/wp-includes/class-wp-hook.php(286): CASE27\Integrations\WPJM\ListingManager->setup_permalink_settings(Object(WP_Screen))
#1 /home/encyclov/grooveknocks.com/wp-includes/class-wp-hook.php(310): WP_Hook->apply_filters(NULL, Array)
#2 /home/encyclov/grooveknocks.com/wp-includes/plugin.php(453): WP_Hook->do_action(Array)
#3 /home/encyclov/grooveknocks.com/wp-admin/includes/class-wp-screen.php(386): do_action('current_screen', Object(WP_Screen))
#4 /home/encyclov/grooveknocks.com/wp-admin/includes/screen.php(232): WP_Screen->set_current_screen()
#5 /home/encyclov/grooveknocks.com/wp-content/plugins/jetpack/sync/class.jetpack-sync-sender.php(154): set_current_screen('sync')
#6 /home/encyclov/grooveknocks.com/wp-content/plugins/jetpack/sync/class.jetpack-sync-s in /home/encyclov/grooveknocks.com/wp-content/themes/my-listing/includes/integrations/wp-job-manager/wp-job-manager.php on line 622

2019-02-07T20:14:32+00:00 CRITICAL Uncaught Error: Call to undefined function CASE27\Integrations\WPJM\add_settings_field() in /home/encyclov/grooveknocks.com/wp-content/themes/my-listing/includes/integrations/wp-job-manager/wp-job-manager.php:622
Stack trace:
#0 /home/encyclov/grooveknocks.com/wp-includes/class-wp-hook.php(286): CASE27\Integrations\WPJM\ListingManager->setup_permalink_settings(Object(WP_Screen))
#1 /home/encyclov/grooveknocks.com/wp-includes/class-wp-hook.php(310): WP_Hook->apply_filters(NULL, Array)
#2 /home/encyclov/grooveknocks.com/wp-includes/plugin.php(453): WP_Hook->do_action(Array)
#3 /home/encyclov/grooveknocks.com/wp-admin/includes/class-wp-screen.php(386): do_action('current_screen', Object(WP_Screen))
#4 /home/encyclov/grooveknocks.com/wp-admin/includes/screen.php(232): WP_Screen->set_current_screen()
#5 /home/encyclov/grooveknocks.com/wp-content/plugins/jetpack/sync/class.jetpack-sync-sender.php(154): set_current_screen('sync')
#6 /home/encyclov/grooveknocks.com/wp-content/plugins/jetpack/sync/class.jetpack-sync-s in /home/encyclov/grooveknocks.com/wp-content/themes/my-listing/includes/integrations/wp-job-manager/wp-job-manager.php on line 622

2019-02-07T20:23:10+00:00 CRITICAL Uncaught Error: Call to undefined function CASE27\Integrations\WPJM\add_settings_field() in /home/encyclov/grooveknocks.com/wp-content/themes/my-listing/includes/integrations/wp-job-manager/wp-job-manager.php:622
Stack trace:
#0 /home/encyclov/grooveknocks.com/wp-includes/class-wp-hook.php(286): CASE27\Integrations\WPJM\ListingManager->setup_permalink_settings(Object(WP_Screen))
#1 /home/encyclov/grooveknocks.com/wp-includes/class-wp-hook.php(310): WP_Hook->apply_filters(NULL, Array)
#2 /home/encyclov/grooveknocks.com/wp-includes/plugin.php(453): WP_Hook->do_action(Array)
#3 /home/encyclov/grooveknocks.com/wp-admin/includes/class-wp-screen.php(386): do_action('current_screen', Object(WP_Screen))
#4 /home/encyclov/grooveknocks.com/wp-admin/includes/screen.php(232): WP_Screen->set_current_screen()
#5 /home/encyclov/grooveknocks.com/wp-content/plugins/jetpack/sync/class.jetpack-sync-sender.php(154): set_current_screen('sync')
#6 /home/encyclov/grooveknocks.com/wp-content/plugins/jetpack/sync/class.jetpack-sync-s in /home/encyclov/grooveknocks.com/wp-content/themes/my-listing/includes/integrations/wp-job-manager/wp-job-manager.php on line 622

2019-02-07T20:28:43+00:00 CRITICAL Uncaught Error: Call to undefined function CASE27\Integrations\WPJM\add_settings_field() in /home/encyclov/grooveknocks.com/wp-content/themes/my-listing/includes/integrations/wp-job-manager/wp-job-manager.php:622
Stack trace:
#0 /home/encyclov/grooveknocks.com/wp-includes/class-wp-hook.php(286): CASE27\Integrations\WPJM\ListingManager->setup_permalink_settings(Object(WP_Screen))
#1 /home/encyclov/grooveknocks.com/wp-includes/class-wp-hook.php(310): WP_Hook->apply_filters(NULL, Array)
#2 /home/encyclov/grooveknocks.com/wp-includes/plugin.php(453): WP_Hook->do_action(Array)
#3 /home/encyclov/grooveknocks.com/wp-admin/includes/class-wp-screen.php(386): do_action('current_screen', Object(WP_Screen))
#4 /home/encyclov/grooveknocks.com/wp-admin/includes/screen.php(232): WP_Screen->set_current_screen()
#5 /home/encyclov/grooveknocks.com/wp-content/plugins/jetpack/sync/class.jetpack-sync-sender.php(154): set_current_screen('sync')
#6 /home/encyclov/grooveknocks.com/wp-content/plugins/jetpack/sync/class.jetpack-sync-s in /home/encyclov/grooveknocks.com/wp-content/themes/my-listing/includes/integrations/wp-job-manager/wp-job-manager.php on line 622

2019-02-07T20:36:12+00:00 CRITICAL Uncaught Error: Call to undefined function CASE27\Integrations\WPJM\add_settings_field() in /home/encyclov/grooveknocks.com/wp-content/themes/my-listing/includes/integrations/wp-job-manager/wp-job-manager.php:622
Stack trace:
#0 /home/encyclov/grooveknocks.com/wp-includes/class-wp-hook.php(286): CASE27\Integrations\WPJM\ListingManager->setup_permalink_settings(Object(WP_Screen))
#1 /home/encyclov/grooveknocks.com/wp-includes/class-wp-hook.php(310): WP_Hook->apply_filters(NULL, Array)
#2 /home/encyclov/grooveknocks.com/wp-includes/plugin.php(453): WP_Hook->do_action(Array)
#3 /home/encyclov/grooveknocks.com/wp-admin/includes/class-wp-screen.php(386): do_action('current_screen', Object(WP_Screen))
#4 /home/encyclov/grooveknocks.com/wp-admin/includes/screen.php(232): WP_Screen->set_current_screen()
#5 /home/encyclov/grooveknocks.com/wp-content/plugins/jetpack/sync/class.jetpack-sync-sender.php(154): set_current_screen('sync')
#6 /home/encyclov/grooveknocks.com/wp-content/plugins/jetpack/sync/class.jetpack-sync-s in /home/encyclov/grooveknocks.com/wp-content/themes/my-listing/includes/integrations/wp-job-manager/wp-job-manager.php on line 622

2019-02-07T20:43:08+00:00 CRITICAL Uncaught Error: Call to undefined function CASE27\Integrations\WPJM\add_settings_field() in /home/encyclov/grooveknocks.com/wp-content/themes/my-listing/includes/integrations/wp-job-manager/wp-job-manager.php:622
Stack trace:
#0 /home/encyclov/grooveknocks.com/wp-includes/class-wp-hook.php(286): CASE27\Integrations\WPJM\ListingManager->setup_permalink_settings(Object(WP_Screen))
#1 /home/encyclov/grooveknocks.com/wp-includes/class-wp-hook.php(310): WP_Hook->apply_filters(NULL, Array)
#2 /home/encyclov/grooveknocks.com/wp-includes/plugin.php(453): WP_Hook->do_action(Array)
#3 /home/encyclov/grooveknocks.com/wp-admin/includes/class-wp-screen.php(386): do_action('current_screen', Object(WP_Screen))
#4 /home/encyclov/grooveknocks.com/wp-admin/includes/screen.php(232): WP_Screen->set_current_screen()
#5 /home/encyclov/grooveknocks.com/wp-content/plugins/jetpack/sync/class.jetpack-sync-sender.php(154): set_current_screen('sync')
#6 /home/encyclov/grooveknocks.com/wp-content/plugins/jetpack/sync/class.jetpack-sync-s in /home/encyclov/grooveknocks.com/wp-content/themes/my-listing/includes/integrations/wp-job-manager/wp-job-manager.php on line 622

2019-02-07T20:50:38+00:00 CRITICAL Uncaught Error: Call to undefined function CASE27\Integrations\WPJM\add_settings_field() in /home/encyclov/grooveknocks.com/wp-content/themes/my-listing/includes/integrations/wp-job-manager/wp-job-manager.php:622
Stack trace:
#0 /home/encyclov/grooveknocks.com/wp-includes/class-wp-hook.php(286): CASE27\Integrations\WPJM\ListingManager->setup_permalink_settings(Object(WP_Screen))
#1 /home/encyclov/grooveknocks.com/wp-includes/class-wp-hook.php(310): WP_Hook->apply_filters(NULL, Array)
#2 /home/encyclov/grooveknocks.com/wp-includes/plugin.php(453): WP_Hook->do_action(Array)
#3 /home/encyclov/grooveknocks.com/wp-admin/includes/class-wp-screen.php(386): do_action('current_screen', Object(WP_Screen))
#4 /home/encyclov/grooveknocks.com/wp-admin/includes/screen.php(232): WP_Screen->set_current_screen()
#5 /home/encyclov/grooveknocks.com/wp-content/plugins/jetpack/sync/class.jetpack-sync-sender.php(154): set_current_screen('sync')
#6 /home/encyclov/grooveknocks.com/wp-content/plugins/jetpack/sync/class.jetpack-sync-s in /home/encyclov/grooveknocks.com/wp-content/themes/my-listing/includes/integrations/wp-job-manager/wp-job-manager.php on line 622

2019-02-07T20:56:09+00:00 CRITICAL Uncaught Error: Call to undefined function CASE27\Integrations\WPJM\add_settings_field() in /home/encyclov/grooveknocks.com/wp-content/themes/my-listing/includes/integrations/wp-job-manager/wp-job-manager.php:622
Stack trace:
#0 /home/encyclov/grooveknocks.com/wp-includes/class-wp-hook.php(286): CASE27\Integrations\WPJM\ListingManager->setup_permalink_settings(Object(WP_Screen))
#1 /home/encyclov/grooveknocks.com/wp-includes/class-wp-hook.php(310): WP_Hook->apply_filters(NULL, Array)
#2 /home/encyclov/grooveknocks.com/wp-includes/plugin.php(453): WP_Hook->do_action(Array)
#3 /home/encyclov/grooveknocks.com/wp-admin/includes/class-wp-screen.php(386): do_action('current_screen', Object(WP_Screen))
#4 /home/encyclov/grooveknocks.com/wp-admin/includes/screen.php(232): WP_Screen->set_current_screen()
#5 /home/encyclov/grooveknocks.com/wp-content/plugins/jetpack/sync/class.jetpack-sync-sender.php(154): set_current_screen('sync')
#6 /home/encyclov/grooveknocks.com/wp-content/plugins/jetpack/sync/class.jetpack-sync-s in /home/encyclov/grooveknocks.com/wp-content/themes/my-listing/includes/integrations/wp-job-manager/wp-job-manager.php on line 622

2019-02-07T21:05:14+00:00 CRITICAL Uncaught Error: Call to undefined function CASE27\Integrations\WPJM\add_settings_field() in /home/encyclov/grooveknocks.com/wp-content/themes/my-listing/includes/integrations/wp-job-manager/wp-job-manager.php:622
Stack trace:
#0 /home/encyclov/grooveknocks.com/wp-includes/class-wp-hook.php(286): CASE27\Integrations\WPJM\ListingManager->setup_permalink_settings(Object(WP_Screen))
#1 /home/encyclov/grooveknocks.com/wp-includes/class-wp-hook.php(310): WP_Hook->apply_filters(NULL, Array)
#2 /home/encyclov/grooveknocks.com/wp-includes/plugin.php(453): WP_Hook->do_action(Array)
#3 /home/encyclov/grooveknocks.com/wp-admin/includes/class-wp-screen.php(386): do_action('current_screen', Object(WP_Screen))
#4 /home/encyclov/grooveknocks.com/wp-admin/includes/screen.php(232): WP_Screen->set_current_screen()
#5 /home/encyclov/grooveknocks.com/wp-content/plugins/jetpack/sync/class.jetpack-sync-sender.php(154): set_current_screen('sync')
#6 /home/encyclov/grooveknocks.com/wp-content/plugins/jetpack/sync/class.jetpack-sync-s in /home/encyclov/grooveknocks.com/wp-content/themes/my-listing/includes/integrations/wp-job-manager/wp-job-manager.php on line 622

2019-02-07T21:10:40+00:00 CRITICAL Uncaught Error: Call to undefined function CASE27\Integrations\WPJM\add_settings_field() in /home/encyclov/grooveknocks.com/wp-content/themes/my-listing/includes/integrations/wp-job-manager/wp-job-manager.php:622
Stack trace:
#0 /home/encyclov/grooveknocks.com/wp-includes/class-wp-hook.php(286): CASE27\Integrations\WPJM\ListingManager->setup_permalink_settings(Object(WP_Screen))
#1 /home/encyclov/grooveknocks.com/wp-includes/class-wp-hook.php(310): WP_Hook->apply_filters(NULL, Array)
#2 /home/encyclov/grooveknocks.com/wp-includes/plugin.php(453): WP_Hook->do_action(Array)
#3 /home/encyclov/grooveknocks.com/wp-admin/includes/class-wp-screen.php(386): do_action('current_screen', Object(WP_Screen))
#4 /home/encyclov/grooveknocks.com/wp-admin/includes/screen.php(232): WP_Screen->set_current_screen()
#5 /home/encyclov/grooveknocks.com/wp-content/plugins/jetpack/sync/class.jetpack-sync-sender.php(154): set_current_screen('sync')
#6 /home/encyclov/grooveknocks.com/wp-content/plugins/jetpack/sync/class.jetpack-sync-s in /home/encyclov/grooveknocks.com/wp-content/themes/my-listing/includes/integrations/wp-job-manager/wp-job-manager.php on line 622

2019-02-07T21:18:00+00:00 CRITICAL Uncaught Error: Call to undefined function CASE27\Integrations\WPJM\add_settings_field() in /home/encyclov/grooveknocks.com/wp-content/themes/my-listing/includes/integrations/wp-job-manager/wp-job-manager.php:622
Stack trace:
#0 /home/encyclov/grooveknocks.com/wp-includes/class-wp-hook.php(286): CASE27\Integrations\WPJM\ListingManager->setup_permalink_settings(Object(WP_Screen))
#1 /home/encyclov/grooveknocks.com/wp-includes/class-wp-hook.php(310): WP_Hook->apply_filters(NULL, Array)
#2 /home/encyclov/grooveknocks.com/wp-includes/plugin.php(453): WP_Hook->do_action(Array)
#3 /home/encyclov/grooveknocks.com/wp-admin/includes/class-wp-screen.php(386): do_action('current_screen', Object(WP_Screen))
#4 /home/encyclov/grooveknocks.com/wp-admin/includes/screen.php(232): WP_Screen->set_current_screen()
#5 /home/encyclov/grooveknocks.com/wp-content/plugins/jetpack/sync/class.jetpack-sync-sender.php(154): set_current_screen('sync')
#6 /home/encyclov/grooveknocks.com/wp-content/plugins/jetpack/sync/class.jetpack-sync-s in /home/encyclov/grooveknocks.com/wp-content/themes/my-listing/includes/integrations/wp-job-manager/wp-job-manager.php on line 622

2019-02-07T21:25:05+00:00 CRITICAL Uncaught Error: Call to undefined function CASE27\Integrations\WPJM\add_settings_field() in /home/encyclov/grooveknocks.com/wp-content/themes/my-listing/includes/integrations/wp-job-manager/wp-job-manager.php:622
Stack trace:
#0 /home/encyclov/grooveknocks.com/wp-includes/class-wp-hook.php(286): CASE27\Integrations\WPJM\ListingManager->setup_permalink_settings(Object(WP_Screen))
#1 /home/encyclov/grooveknocks.com/wp-includes/class-wp-hook.php(310): WP_Hook->apply_filters(NULL, Array)
#2 /home/encyclov/grooveknocks.com/wp-includes/plugin.php(453): WP_Hook->do_action(Array)
#3 /home/encyclov/grooveknocks.com/wp-admin/includes/class-wp-screen.php(386): do_action('current_screen', Object(WP_Screen))
#4 /home/encyclov/grooveknocks.com/wp-admin/includes/screen.php(232): WP_Screen->set_current_screen()
#5 /home/encyclov/grooveknocks.com/wp-content/plugins/jetpack/sync/class.jetpack-sync-sender.php(154): set_current_screen('sync')
#6 /home/encyclov/grooveknocks.com/wp-content/plugins/jetpack/sync/class.jetpack-sync-s in /home/encyclov/grooveknocks.com/wp-content/themes/my-listing/includes/integrations/wp-job-manager/wp-job-manager.php on line 622

2019-02-07T21:36:49+00:00 CRITICAL Uncaught Error: Call to undefined function CASE27\Integrations\WPJM\add_settings_field() in /home/encyclov/grooveknocks.com/wp-content/themes/my-listing/includes/integrations/wp-job-manager/wp-job-manager.php:622
Stack trace:
#0 /home/encyclov/grooveknocks.com/wp-includes/class-wp-hook.php(286): CASE27\Integrations\WPJM\ListingManager->setup_permalink_settings(Object(WP_Screen))
#1 /home/encyclov/grooveknocks.com/wp-includes/class-wp-hook.php(310): WP_Hook->apply_filters(NULL, Array)
#2 /home/encyclov/grooveknocks.com/wp-includes/plugin.php(453): WP_Hook->do_action(Array)
#3 /home/encyclov/grooveknocks.com/wp-admin/includes/class-wp-screen.php(386): do_action('current_screen', Object(WP_Screen))
#4 /home/encyclov/grooveknocks.com/wp-admin/includes/screen.php(232): WP_Screen->set_current_screen()
#5 /home/encyclov/grooveknocks.com/wp-content/plugins/jetpack/sync/class.jetpack-sync-sender.php(154): set_current_screen('sync')
#6 /home/encyclov/grooveknocks.com/wp-content/plugins/jetpack/sync/class.jetpack-sync-s in /home/encyclov/grooveknocks.com/wp-content/themes/my-listing/includes/integrations/wp-job-manager/wp-job-manager.php on line 622

2019-02-07T21:46:14+00:00 CRITICAL Uncaught Error: Call to undefined function CASE27\Integrations\WPJM\add_settings_field() in /home/encyclov/grooveknocks.com/wp-content/themes/my-listing/includes/integrations/wp-job-manager/wp-job-manager.php:622
Stack trace:
#0 /home/encyclov/grooveknocks.com/wp-includes/class-wp-hook.php(286): CASE27\Integrations\WPJM\ListingManager->setup_permalink_settings(Object(WP_Screen))
#1 /home/encyclov/grooveknocks.com/wp-includes/class-wp-hook.php(310): WP_Hook->apply_filters(NULL, Array)
#2 /home/encyclov/grooveknocks.com/wp-includes/plugin.php(453): WP_Hook->do_action(Array)
#3 /home/encyclov/grooveknocks.com/wp-admin/includes/class-wp-screen.php(386): do_action('current_screen', Object(WP_Screen))
#4 /home/encyclov/grooveknocks.com/wp-admin/includes/screen.php(232): WP_Screen->set_current_screen()
#5 /home/encyclov/grooveknocks.com/wp-content/plugins/jetpack/sync/class.jetpack-sync-sender.php(154): set_current_screen('sync')
#6 /home/encyclov/grooveknocks.com/wp-content/plugins/jetpack/sync/class.jetpack-sync-s in /home/encyclov/grooveknocks.com/wp-content/themes/my-listing/includes/integrations/wp-job-manager/wp-job-manager.php on line 622

2019-02-07T21:53:35+00:00 CRITICAL Uncaught Error: Call to undefined function CASE27\Integrations\WPJM\add_settings_field() in /home/encyclov/grooveknocks.com/wp-content/themes/my-listing/includes/integrations/wp-job-manager/wp-job-manager.php:622
Stack trace:
#0 /home/encyclov/grooveknocks.com/wp-includes/class-wp-hook.php(286): CASE27\Integrations\WPJM\ListingManager->setup_permalink_settings(Object(WP_Screen))
#1 /home/encyclov/grooveknocks.com/wp-includes/class-wp-hook.php(310): WP_Hook->apply_filters(NULL, Array)
#2 /home/encyclov/grooveknocks.com/wp-includes/plugin.php(453): WP_Hook->do_action(Array)
#3 /home/encyclov/grooveknocks.com/wp-admin/includes/class-wp-screen.php(386): do_action('current_screen', Object(WP_Screen))
#4 /home/encyclov/grooveknocks.com/wp-admin/includes/screen.php(232): WP_Screen->set_current_screen()
#5 /home/encyclov/grooveknocks.com/wp-content/plugins/jetpack/sync/class.jetpack-sync-sender.php(154): set_current_screen('sync')
#6 /home/encyclov/grooveknocks.com/wp-content/plugins/jetpack/sync/class.jetpack-sync-s in /home/encyclov/grooveknocks.com/wp-content/themes/my-listing/includes/integrations/wp-job-manager/wp-job-manager.php on line 622

2019-02-07T21:59:02+00:00 CRITICAL Uncaught Error: Call to undefined function CASE27\Integrations\WPJM\add_settings_field() in /home/encyclov/grooveknocks.com/wp-content/themes/my-listing/includes/integrations/wp-job-manager/wp-job-manager.php:622
Stack trace:
#0 /home/encyclov/grooveknocks.com/wp-includes/class-wp-hook.php(286): CASE27\Integrations\WPJM\ListingManager->setup_permalink_settings(Object(WP_Screen))
#1 /home/encyclov/grooveknocks.com/wp-includes/class-wp-hook.php(310): WP_Hook->apply_filters(NULL, Array)
#2 /home/encyclov/grooveknocks.com/wp-includes/plugin.php(453): WP_Hook->do_action(Array)
#3 /home/encyclov/grooveknocks.com/wp-admin/includes/class-wp-screen.php(386): do_action('current_screen', Object(WP_Screen))
#4 /home/encyclov/grooveknocks.com/wp-admin/includes/screen.php(232): WP_Screen->set_current_screen()
#5 /home/encyclov/grooveknocks.com/wp-content/plugins/jetpack/sync/class.jetpack-sync-sender.php(154): set_current_screen('sync')
#6 /home/encyclov/grooveknocks.com/wp-content/plugins/jetpack/sync/class.jetpack-sync-s in /home/encyclov/grooveknocks.com/wp-content/themes/my-listing/includes/integrations/wp-job-manager/wp-job-manager.php on line 622

2019-02-07T22:08:17+00:00 CRITICAL Uncaught Error: Call to undefined function CASE27\Integrations\WPJM\add_settings_field() in /home/encyclov/grooveknocks.com/wp-content/themes/my-listing/includes/integrations/wp-job-manager/wp-job-manager.php:622
Stack trace:
#0 /home/encyclov/grooveknocks.com/wp-includes/class-wp-hook.php(286): CASE27\Integrations\WPJM\ListingManager->setup_permalink_settings(Object(WP_Screen))
#1 /home/encyclov/grooveknocks.com/wp-includes/class-wp-hook.php(310): WP_Hook->apply_filters(NULL, Array)
#2 /home/encyclov/grooveknocks.com/wp-includes/plugin.php(453): WP_Hook->do_action(Array)
#3 /home/encyclov/grooveknocks.com/wp-admin/includes/class-wp-screen.php(386): do_action('current_screen', Object(WP_Screen))
#4 /home/encyclov/grooveknocks.com/wp-admin/includes/screen.php(232): WP_Screen->set_current_screen()
#5 /home/encyclov/grooveknocks.com/wp-content/plugins/jetpack/sync/class.jetpack-sync-sender.php(154): set_current_screen('sync')
#6 /home/encyclov/grooveknocks.com/wp-content/plugins/jetpack/sync/class.jetpack-sync-s in /home/encyclov/grooveknocks.com/wp-content/themes/my-listing/includes/integrations/wp-job-manager/wp-job-manager.php on line 622

2019-02-07T22:13:31+00:00 CRITICAL Uncaught Error: Call to undefined function CASE27\Integrations\WPJM\add_settings_field() in /home/encyclov/grooveknocks.com/wp-content/themes/my-listing/includes/integrations/wp-job-manager/wp-job-manager.php:622
Stack trace:
#0 /home/encyclov/grooveknocks.com/wp-includes/class-wp-hook.php(286): CASE27\Integrations\WPJM\ListingManager->setup_permalink_settings(Object(WP_Screen))
#1 /home/encyclov/grooveknocks.com/wp-includes/class-wp-hook.php(310): WP_Hook->apply_filters(NULL, Array)
#2 /home/encyclov/grooveknocks.com/wp-includes/plugin.php(453): WP_Hook->do_action(Array)
#3 /home/encyclov/grooveknocks.com/wp-admin/includes/class-wp-screen.php(386): do_action('current_screen', Object(WP_Screen))
#4 /home/encyclov/grooveknocks.com/wp-admin/includes/screen.php(232): WP_Screen->set_current_screen()
#5 /home/encyclov/grooveknocks.com/wp-content/plugins/jetpack/sync/class.jetpack-sync-sender.php(154): set_current_screen('sync')
#6 /home/encyclov/grooveknocks.com/wp-content/plugins/jetpack/sync/class.jetpack-sync-s in /home/encyclov/grooveknocks.com/wp-content/themes/my-listing/includes/integrations/wp-job-manager/wp-job-manager.php on line 622

2019-02-07T22:21:54+00:00 CRITICAL Uncaught Error: Call to undefined function CASE27\Integrations\WPJM\add_settings_field() in /home/encyclov/grooveknocks.com/wp-content/themes/my-listing/includes/integrations/wp-job-manager/wp-job-manager.php:622
Stack trace:
#0 /home/encyclov/grooveknocks.com/wp-includes/class-wp-hook.php(286): CASE27\Integrations\WPJM\ListingManager->setup_permalink_settings(Object(WP_Screen))
#1 /home/encyclov/grooveknocks.com/wp-includes/class-wp-hook.php(310): WP_Hook->apply_filters(NULL, Array)
#2 /home/encyclov/grooveknocks.com/wp-includes/plugin.php(453): WP_Hook->do_action(Array)
#3 /home/encyclov/grooveknocks.com/wp-admin/includes/class-wp-screen.php(386): do_action('current_screen', Object(WP_Screen))
#4 /home/encyclov/grooveknocks.com/wp-admin/includes/screen.php(232): WP_Screen->set_current_screen()
#5 /home/encyclov/grooveknocks.com/wp-content/plugins/jetpack/sync/class.jetpack-sync-sender.php(154): set_current_screen('sync')
#6 /home/encyclov/grooveknocks.com/wp-content/plugins/jetpack/sync/class.jetpack-sync-s in /home/encyclov/grooveknocks.com/wp-content/themes/my-listing/includes/integrations/wp-job-manager/wp-job-manager.php on line 622

2019-02-07T22:28:17+00:00 CRITICAL Uncaught Error: Call to undefined function CASE27\Integrations\WPJM\add_settings_field() in /home/encyclov/grooveknocks.com/wp-content/themes/my-listing/includes/integrations/wp-job-manager/wp-job-manager.php:622
Stack trace:
#0 /home/encyclov/grooveknocks.com/wp-includes/class-wp-hook.php(286): CASE27\Integrations\WPJM\ListingManager->setup_permalink_settings(Object(WP_Screen))
#1 /home/encyclov/grooveknocks.com/wp-includes/class-wp-hook.php(310): WP_Hook->apply_filters(NULL, Array)
#2 /home/encyclov/grooveknocks.com/wp-includes/plugin.php(453): WP_Hook->do_action(Array)
#3 /home/encyclov/grooveknocks.com/wp-admin/includes/class-wp-screen.php(386): do_action('current_screen', Object(WP_Screen))
#4 /home/encyclov/grooveknocks.com/wp-admin/includes/screen.php(232): WP_Screen->set_current_screen()
#5 /home/encyclov/grooveknocks.com/wp-content/plugins/jetpack/sync/class.jetpack-sync-sender.php(154): set_current_screen('sync')
#6 /home/encyclov/grooveknocks.com/wp-content/plugins/jetpack/sync/class.jetpack-sync-s in /home/encyclov/grooveknocks.com/wp-content/themes/my-listing/includes/integrations/wp-job-manager/wp-job-manager.php on line 622

2019-02-07T22:33:08+00:00 CRITICAL Uncaught Error: Call to undefined function CASE27\Integrations\WPJM\add_settings_field() in /home/encyclov/grooveknocks.com/wp-content/themes/my-listing/includes/integrations/wp-job-manager/wp-job-manager.php:622
Stack trace:
#0 /home/encyclov/grooveknocks.com/wp-includes/class-wp-hook.php(286): CASE27\Integrations\WPJM\ListingManager->setup_permalink_settings(Object(WP_Screen))
#1 /home/encyclov/grooveknocks.com/wp-includes/class-wp-hook.php(310): WP_Hook->apply_filters(NULL, Array)
#2 /home/encyclov/grooveknocks.com/wp-includes/plugin.php(453): WP_Hook->do_action(Array)
#3 /home/encyclov/grooveknocks.com/wp-admin/includes/class-wp-screen.php(386): do_action('current_screen', Object(WP_Screen))
#4 /home/encyclov/grooveknocks.com/wp-admin/includes/screen.php(232): WP_Screen->set_current_screen()
#5 /home/encyclov/grooveknocks.com/wp-content/plugins/jetpack/sync/class.jetpack-sync-sender.php(154): set_current_screen('sync')
#6 /home/encyclov/grooveknocks.com/wp-content/plugins/jetpack/sync/class.jetpack-sync-s in /home/encyclov/grooveknocks.com/wp-content/themes/my-listing/includes/integrations/wp-job-manager/wp-job-manager.php on line 622

2019-02-07T22:40:46+00:00 CRITICAL Uncaught Error: Call to undefined function CASE27\Integrations\WPJM\add_settings_field() in /home/encyclov/grooveknocks.com/wp-content/themes/my-listing/includes/integrations/wp-job-manager/wp-job-manager.php:622
Stack trace:
#0 /home/encyclov/grooveknocks.com/wp-includes/class-wp-hook.php(286): CASE27\Integrations\WPJM\ListingManager->setup_permalink_settings(Object(WP_Screen))
#1 /home/encyclov/grooveknocks.com/wp-includes/class-wp-hook.php(310): WP_Hook->apply_filters(NULL, Array)
#2 /home/encyclov/grooveknocks.com/wp-includes/plugin.php(453): WP_Hook->do_action(Array)
#3 /home/encyclov/grooveknocks.com/wp-admin/includes/class-wp-screen.php(386): do_action('current_screen', Object(WP_Screen))
#4 /home/encyclov/grooveknocks.com/wp-admin/includes/screen.php(232): WP_Screen->set_current_screen()
#5 /home/encyclov/grooveknocks.com/wp-content/plugins/jetpack/sync/class.jetpack-sync-sender.php(154): set_current_screen('sync')
#6 /home/encyclov/grooveknocks.com/wp-content/plugins/jetpack/sync/class.jetpack-sync-s in /home/encyclov/grooveknocks.com/wp-content/themes/my-listing/includes/integrations/wp-job-manager/wp-job-manager.php on line 622

2019-02-07T22:50:12+00:00 CRITICAL Uncaught Error: Call to undefined function CASE27\Integrations\WPJM\add_settings_field() in /home/encyclov/grooveknocks.com/wp-content/themes/my-listing/includes/integrations/wp-job-manager/wp-job-manager.php:622
Stack trace:
#0 /home/encyclov/grooveknocks.com/wp-includes/class-wp-hook.php(286): CASE27\Integrations\WPJM\ListingManager->setup_permalink_settings(Object(WP_Screen))
#1 /home/encyclov/grooveknocks.com/wp-includes/class-wp-hook.php(310): WP_Hook->apply_filters(NULL, Array)
#2 /home/encyclov/grooveknocks.com/wp-includes/plugin.php(453): WP_Hook->do_action(Array)
#3 /home/encyclov/grooveknocks.com/wp-admin/includes/class-wp-screen.php(386): do_action('current_screen', Object(WP_Screen))
#4 /home/encyclov/grooveknocks.com/wp-admin/includes/screen.php(232): WP_Screen->set_current_screen()
#5 /home/encyclov/grooveknocks.com/wp-content/plugins/jetpack/sync/class.jetpack-sync-sender.php(154): set_current_screen('sync')
#6 /home/encyclov/grooveknocks.com/wp-content/plugins/jetpack/sync/class.jetpack-sync-s in /home/encyclov/grooveknocks.com/wp-content/themes/my-listing/includes/integrations/wp-job-manager/wp-job-manager.php on line 622

2019-02-07T22:55:40+00:00 CRITICAL Uncaught Error: Call to undefined function CASE27\Integrations\WPJM\add_settings_field() in /home/encyclov/grooveknocks.com/wp-content/themes/my-listing/includes/integrations/wp-job-manager/wp-job-manager.php:622
Stack trace:
#0 /home/encyclov/grooveknocks.com/wp-includes/class-wp-hook.php(286): CASE27\Integrations\WPJM\ListingManager->setup_permalink_settings(Object(WP_Screen))
#1 /home/encyclov/grooveknocks.com/wp-includes/class-wp-hook.php(310): WP_Hook->apply_filters(NULL, Array)
#2 /home/encyclov/grooveknocks.com/wp-includes/plugin.php(453): WP_Hook->do_action(Array)
#3 /home/encyclov/grooveknocks.com/wp-admin/includes/class-wp-screen.php(386): do_action('current_screen', Object(WP_Screen))
#4 /home/encyclov/grooveknocks.com/wp-admin/includes/screen.php(232): WP_Screen->set_current_screen()
#5 /home/encyclov/grooveknocks.com/wp-content/plugins/jetpack/sync/class.jetpack-sync-sender.php(154): set_current_screen('sync')
#6 /home/encyclov/grooveknocks.com/wp-content/plugins/jetpack/sync/class.jetpack-sync-s in /home/encyclov/grooveknocks.com/wp-content/themes/my-listing/includes/integrations/wp-job-manager/wp-job-manager.php on line 622

2019-02-07T23:02:58+00:00 CRITICAL Uncaught Error: Call to undefined function CASE27\Integrations\WPJM\add_settings_field() in /home/encyclov/grooveknocks.com/wp-content/themes/my-listing/includes/integrations/wp-job-manager/wp-job-manager.php:622
Stack trace:
#0 /home/encyclov/grooveknocks.com/wp-includes/class-wp-hook.php(286): CASE27\Integrations\WPJM\ListingManager->setup_permalink_settings(Object(WP_Screen))
#1 /home/encyclov/grooveknocks.com/wp-includes/class-wp-hook.php(310): WP_Hook->apply_filters(NULL, Array)
#2 /home/encyclov/grooveknocks.com/wp-includes/plugin.php(453): WP_Hook->do_action(Array)
#3 /home/encyclov/grooveknocks.com/wp-admin/includes/class-wp-screen.php(386): do_action('current_screen', Object(WP_Screen))
#4 /home/encyclov/grooveknocks.com/wp-admin/includes/screen.php(232): WP_Screen->set_current_screen()
#5 /home/encyclov/grooveknocks.com/wp-content/plugins/jetpack/sync/class.jetpack-sync-sender.php(154): set_current_screen('sync')
#6 /home/encyclov/grooveknocks.com/wp-content/plugins/jetpack/sync/class.jetpack-sync-s in /home/encyclov/grooveknocks.com/wp-content/themes/my-listing/includes/integrations/wp-job-manager/wp-job-manager.php on line 622

2019-02-07T23:10:08+00:00 CRITICAL Uncaught Error: Call to undefined function CASE27\Integrations\WPJM\add_settings_field() in /home/encyclov/grooveknocks.com/wp-content/themes/my-listing/includes/integrations/wp-job-manager/wp-job-manager.php:622
Stack trace:
#0 /home/encyclov/grooveknocks.com/wp-includes/class-wp-hook.php(286): CASE27\Integrations\WPJM\ListingManager->setup_permalink_settings(Object(WP_Screen))
#1 /home/encyclov/grooveknocks.com/wp-includes/class-wp-hook.php(310): WP_Hook->apply_filters(NULL, Array)
#2 /home/encyclov/grooveknocks.com/wp-includes/plugin.php(453): WP_Hook->do_action(Array)
#3 /home/encyclov/grooveknocks.com/wp-admin/includes/class-wp-screen.php(386): do_action('current_screen', Object(WP_Screen))
#4 /home/encyclov/grooveknocks.com/wp-admin/includes/screen.php(232): WP_Screen->set_current_screen()
#5 /home/encyclov/grooveknocks.com/wp-content/plugins/jetpack/sync/class.jetpack-sync-sender.php(154): set_current_screen('sync')
#6 /home/encyclov/grooveknocks.com/wp-content/plugins/jetpack/sync/class.jetpack-sync-s in /home/encyclov/grooveknocks.com/wp-content/themes/my-listing/includes/integrations/wp-job-manager/wp-job-manager.php on line 622

2019-02-07T23:16:41+00:00 CRITICAL Uncaught Error: Call to undefined function CASE27\Integrations\WPJM\add_settings_field() in /home/encyclov/grooveknocks.com/wp-content/themes/my-listing/includes/integrations/wp-job-manager/wp-job-manager.php:622
Stack trace:
#0 /home/encyclov/grooveknocks.com/wp-includes/class-wp-hook.php(286): CASE27\Integrations\WPJM\ListingManager->setup_permalink_settings(Object(WP_Screen))
#1 /home/encyclov/grooveknocks.com/wp-includes/class-wp-hook.php(310): WP_Hook->apply_filters(NULL, Array)
#2 /home/encyclov/grooveknocks.com/wp-includes/plugin.php(453): WP_Hook->do_action(Array)
#3 /home/encyclov/grooveknocks.com/wp-admin/includes/class-wp-screen.php(386): do_action('current_screen', Object(WP_Screen))
#4 /home/encyclov/grooveknocks.com/wp-admin/includes/screen.php(232): WP_Screen->set_current_screen()
#5 /home/encyclov/grooveknocks.com/wp-content/plugins/jetpack/sync/class.jetpack-sync-sender.php(154): set_current_screen('sync')
#6 /home/encyclov/grooveknocks.com/wp-content/plugins/jetpack/sync/class.jetpack-sync-s in /home/encyclov/grooveknocks.com/wp-content/themes/my-listing/includes/integrations/wp-job-manager/wp-job-manager.php on line 622

2019-02-07T23:24:20+00:00 CRITICAL Uncaught Error: Call to undefined function CASE27\Integrations\WPJM\add_settings_field() in /home/encyclov/grooveknocks.com/wp-content/themes/my-listing/includes/integrations/wp-job-manager/wp-job-manager.php:622
Stack trace:
#0 /home/encyclov/grooveknocks.com/wp-includes/class-wp-hook.php(286): CASE27\Integrations\WPJM\ListingManager->setup_permalink_settings(Object(WP_Screen))
#1 /home/encyclov/grooveknocks.com/wp-includes/class-wp-hook.php(310): WP_Hook->apply_filters(NULL, Array)
#2 /home/encyclov/grooveknocks.com/wp-includes/plugin.php(453): WP_Hook->do_action(Array)
#3 /home/encyclov/grooveknocks.com/wp-admin/includes/class-wp-screen.php(386): do_action('current_screen', Object(WP_Screen))
#4 /home/encyclov/grooveknocks.com/wp-admin/includes/screen.php(232): WP_Screen->set_current_screen()
#5 /home/encyclov/grooveknocks.com/wp-content/plugins/jetpack/sync/class.jetpack-sync-sender.php(154): set_current_screen('sync')
#6 /home/encyclov/grooveknocks.com/wp-content/plugins/jetpack/sync/class.jetpack-sync-s in /home/encyclov/grooveknocks.com/wp-content/themes/my-listing/includes/integrations/wp-job-manager/wp-job-manager.php on line 622

2019-02-07T23:31:14+00:00 CRITICAL Uncaught Error: Call to undefined function CASE27\Integrations\WPJM\add_settings_field() in /home/encyclov/grooveknocks.com/wp-content/themes/my-listing/includes/integrations/wp-job-manager/wp-job-manager.php:622
Stack trace:
#0 /home/encyclov/grooveknocks.com/wp-includes/class-wp-hook.php(286): CASE27\Integrations\WPJM\ListingManager->setup_permalink_settings(Object(WP_Screen))
#1 /home/encyclov/grooveknocks.com/wp-includes/class-wp-hook.php(310): WP_Hook->apply_filters(NULL, Array)
#2 /home/encyclov/grooveknocks.com/wp-includes/plugin.php(453): WP_Hook->do_action(Array)
#3 /home/encyclov/grooveknocks.com/wp-admin/includes/class-wp-screen.php(386): do_action('current_screen', Object(WP_Screen))
#4 /home/encyclov/grooveknocks.com/wp-admin/includes/screen.php(232): WP_Screen->set_current_screen()
#5 /home/encyclov/grooveknocks.com/wp-content/plugins/jetpack/sync/class.jetpack-sync-sender.php(154): set_current_screen('sync')
#6 /home/encyclov/grooveknocks.com/wp-content/plugins/jetpack/sync/class.jetpack-sync-s in /home/encyclov/grooveknocks.com/wp-content/themes/my-listing/includes/integrations/wp-job-manager/wp-job-manager.php on line 622

