2019-03-23T11:52:21+00:00 CRITICAL Uncaught Error: Call to undefined function CASE27\Integrations\WPJM\add_settings_field() in /home/encyclov/grooveknocks.com/wp-content/themes/my-listing/includes/integrations/wp-job-manager/wp-job-manager.php:622
Stack trace:
#0 /home/encyclov/grooveknocks.com/wp-includes/class-wp-hook.php(286): CASE27\Integrations\WPJM\ListingManager->setup_permalink_settings(Object(WP_Screen))
#1 /home/encyclov/grooveknocks.com/wp-includes/class-wp-hook.php(310): WP_Hook->apply_filters(NULL, Array)
#2 /home/encyclov/grooveknocks.com/wp-includes/plugin.php(453): WP_Hook->do_action(Array)
#3 /home/encyclov/grooveknocks.com/wp-admin/includes/class-wp-screen.php(386): do_action('current_screen', Object(WP_Screen))
#4 /home/encyclov/grooveknocks.com/wp-admin/includes/screen.php(232): WP_Screen->set_current_screen()
#5 /home/encyclov/grooveknocks.com/wp-content/plugins/jetpack/sync/class.jetpack-sync-sender.php(154): set_current_screen('sync')
#6 /home/encyclov/grooveknocks.com/wp-content/plugins/jetpack/sync/class.jetpack-sync-s in /home/encyclov/grooveknocks.com/wp-content/themes/my-listing/includes/integrations/wp-job-manager/wp-job-manager.php on line 622

2019-03-23T11:58:59+00:00 CRITICAL Uncaught Error: Call to undefined function CASE27\Integrations\WPJM\add_settings_field() in /home/encyclov/grooveknocks.com/wp-content/themes/my-listing/includes/integrations/wp-job-manager/wp-job-manager.php:622
Stack trace:
#0 /home/encyclov/grooveknocks.com/wp-includes/class-wp-hook.php(286): CASE27\Integrations\WPJM\ListingManager->setup_permalink_settings(Object(WP_Screen))
#1 /home/encyclov/grooveknocks.com/wp-includes/class-wp-hook.php(310): WP_Hook->apply_filters(NULL, Array)
#2 /home/encyclov/grooveknocks.com/wp-includes/plugin.php(453): WP_Hook->do_action(Array)
#3 /home/encyclov/grooveknocks.com/wp-admin/includes/class-wp-screen.php(386): do_action('current_screen', Object(WP_Screen))
#4 /home/encyclov/grooveknocks.com/wp-admin/includes/screen.php(232): WP_Screen->set_current_screen()
#5 /home/encyclov/grooveknocks.com/wp-content/plugins/jetpack/sync/class.jetpack-sync-sender.php(154): set_current_screen('sync')
#6 /home/encyclov/grooveknocks.com/wp-content/plugins/jetpack/sync/class.jetpack-sync-s in /home/encyclov/grooveknocks.com/wp-content/themes/my-listing/includes/integrations/wp-job-manager/wp-job-manager.php on line 622

2019-03-23T12:05:50+00:00 CRITICAL Uncaught Error: Call to undefined function CASE27\Integrations\WPJM\add_settings_field() in /home/encyclov/grooveknocks.com/wp-content/themes/my-listing/includes/integrations/wp-job-manager/wp-job-manager.php:622
Stack trace:
#0 /home/encyclov/grooveknocks.com/wp-includes/class-wp-hook.php(286): CASE27\Integrations\WPJM\ListingManager->setup_permalink_settings(Object(WP_Screen))
#1 /home/encyclov/grooveknocks.com/wp-includes/class-wp-hook.php(310): WP_Hook->apply_filters(NULL, Array)
#2 /home/encyclov/grooveknocks.com/wp-includes/plugin.php(453): WP_Hook->do_action(Array)
#3 /home/encyclov/grooveknocks.com/wp-admin/includes/class-wp-screen.php(386): do_action('current_screen', Object(WP_Screen))
#4 /home/encyclov/grooveknocks.com/wp-admin/includes/screen.php(232): WP_Screen->set_current_screen()
#5 /home/encyclov/grooveknocks.com/wp-content/plugins/jetpack/sync/class.jetpack-sync-sender.php(154): set_current_screen('sync')
#6 /home/encyclov/grooveknocks.com/wp-content/plugins/jetpack/sync/class.jetpack-sync-s in /home/encyclov/grooveknocks.com/wp-content/themes/my-listing/includes/integrations/wp-job-manager/wp-job-manager.php on line 622

2019-03-23T12:13:26+00:00 CRITICAL Uncaught Error: Call to undefined function CASE27\Integrations\WPJM\add_settings_field() in /home/encyclov/grooveknocks.com/wp-content/themes/my-listing/includes/integrations/wp-job-manager/wp-job-manager.php:622
Stack trace:
#0 /home/encyclov/grooveknocks.com/wp-includes/class-wp-hook.php(286): CASE27\Integrations\WPJM\ListingManager->setup_permalink_settings(Object(WP_Screen))
#1 /home/encyclov/grooveknocks.com/wp-includes/class-wp-hook.php(310): WP_Hook->apply_filters(NULL, Array)
#2 /home/encyclov/grooveknocks.com/wp-includes/plugin.php(453): WP_Hook->do_action(Array)
#3 /home/encyclov/grooveknocks.com/wp-admin/includes/class-wp-screen.php(386): do_action('current_screen', Object(WP_Screen))
#4 /home/encyclov/grooveknocks.com/wp-admin/includes/screen.php(232): WP_Screen->set_current_screen()
#5 /home/encyclov/grooveknocks.com/wp-content/plugins/jetpack/sync/class.jetpack-sync-sender.php(154): set_current_screen('sync')
#6 /home/encyclov/grooveknocks.com/wp-content/plugins/jetpack/sync/class.jetpack-sync-s in /home/encyclov/grooveknocks.com/wp-content/themes/my-listing/includes/integrations/wp-job-manager/wp-job-manager.php on line 622

2019-03-23T12:20:17+00:00 CRITICAL Uncaught Error: Call to undefined function CASE27\Integrations\WPJM\add_settings_field() in /home/encyclov/grooveknocks.com/wp-content/themes/my-listing/includes/integrations/wp-job-manager/wp-job-manager.php:622
Stack trace:
#0 /home/encyclov/grooveknocks.com/wp-includes/class-wp-hook.php(286): CASE27\Integrations\WPJM\ListingManager->setup_permalink_settings(Object(WP_Screen))
#1 /home/encyclov/grooveknocks.com/wp-includes/class-wp-hook.php(310): WP_Hook->apply_filters(NULL, Array)
#2 /home/encyclov/grooveknocks.com/wp-includes/plugin.php(453): WP_Hook->do_action(Array)
#3 /home/encyclov/grooveknocks.com/wp-admin/includes/class-wp-screen.php(386): do_action('current_screen', Object(WP_Screen))
#4 /home/encyclov/grooveknocks.com/wp-admin/includes/screen.php(232): WP_Screen->set_current_screen()
#5 /home/encyclov/grooveknocks.com/wp-content/plugins/jetpack/sync/class.jetpack-sync-sender.php(154): set_current_screen('sync')
#6 /home/encyclov/grooveknocks.com/wp-content/plugins/jetpack/sync/class.jetpack-sync-s in /home/encyclov/grooveknocks.com/wp-content/themes/my-listing/includes/integrations/wp-job-manager/wp-job-manager.php on line 622

2019-03-23T12:26:37+00:00 CRITICAL Uncaught Error: Call to undefined function CASE27\Integrations\WPJM\add_settings_field() in /home/encyclov/grooveknocks.com/wp-content/themes/my-listing/includes/integrations/wp-job-manager/wp-job-manager.php:622
Stack trace:
#0 /home/encyclov/grooveknocks.com/wp-includes/class-wp-hook.php(286): CASE27\Integrations\WPJM\ListingManager->setup_permalink_settings(Object(WP_Screen))
#1 /home/encyclov/grooveknocks.com/wp-includes/class-wp-hook.php(310): WP_Hook->apply_filters(NULL, Array)
#2 /home/encyclov/grooveknocks.com/wp-includes/plugin.php(453): WP_Hook->do_action(Array)
#3 /home/encyclov/grooveknocks.com/wp-admin/includes/class-wp-screen.php(386): do_action('current_screen', Object(WP_Screen))
#4 /home/encyclov/grooveknocks.com/wp-admin/includes/screen.php(232): WP_Screen->set_current_screen()
#5 /home/encyclov/grooveknocks.com/wp-content/plugins/jetpack/sync/class.jetpack-sync-sender.php(154): set_current_screen('sync')
#6 /home/encyclov/grooveknocks.com/wp-content/plugins/jetpack/sync/class.jetpack-sync-s in /home/encyclov/grooveknocks.com/wp-content/themes/my-listing/includes/integrations/wp-job-manager/wp-job-manager.php on line 622

2019-03-23T12:32:21+00:00 CRITICAL Uncaught Error: Call to undefined function CASE27\Integrations\WPJM\add_settings_field() in /home/encyclov/grooveknocks.com/wp-content/themes/my-listing/includes/integrations/wp-job-manager/wp-job-manager.php:622
Stack trace:
#0 /home/encyclov/grooveknocks.com/wp-includes/class-wp-hook.php(286): CASE27\Integrations\WPJM\ListingManager->setup_permalink_settings(Object(WP_Screen))
#1 /home/encyclov/grooveknocks.com/wp-includes/class-wp-hook.php(310): WP_Hook->apply_filters(NULL, Array)
#2 /home/encyclov/grooveknocks.com/wp-includes/plugin.php(453): WP_Hook->do_action(Array)
#3 /home/encyclov/grooveknocks.com/wp-admin/includes/class-wp-screen.php(386): do_action('current_screen', Object(WP_Screen))
#4 /home/encyclov/grooveknocks.com/wp-admin/includes/screen.php(232): WP_Screen->set_current_screen()
#5 /home/encyclov/grooveknocks.com/wp-content/plugins/jetpack/sync/class.jetpack-sync-sender.php(154): set_current_screen('sync')
#6 /home/encyclov/grooveknocks.com/wp-content/plugins/jetpack/sync/class.jetpack-sync-s in /home/encyclov/grooveknocks.com/wp-content/themes/my-listing/includes/integrations/wp-job-manager/wp-job-manager.php on line 622

2019-03-23T12:41:04+00:00 CRITICAL Uncaught Error: Call to undefined function CASE27\Integrations\WPJM\add_settings_field() in /home/encyclov/grooveknocks.com/wp-content/themes/my-listing/includes/integrations/wp-job-manager/wp-job-manager.php:622
Stack trace:
#0 /home/encyclov/grooveknocks.com/wp-includes/class-wp-hook.php(286): CASE27\Integrations\WPJM\ListingManager->setup_permalink_settings(Object(WP_Screen))
#1 /home/encyclov/grooveknocks.com/wp-includes/class-wp-hook.php(310): WP_Hook->apply_filters(NULL, Array)
#2 /home/encyclov/grooveknocks.com/wp-includes/plugin.php(453): WP_Hook->do_action(Array)
#3 /home/encyclov/grooveknocks.com/wp-admin/includes/class-wp-screen.php(386): do_action('current_screen', Object(WP_Screen))
#4 /home/encyclov/grooveknocks.com/wp-admin/includes/screen.php(232): WP_Screen->set_current_screen()
#5 /home/encyclov/grooveknocks.com/wp-content/plugins/jetpack/sync/class.jetpack-sync-sender.php(154): set_current_screen('sync')
#6 /home/encyclov/grooveknocks.com/wp-content/plugins/jetpack/sync/class.jetpack-sync-s in /home/encyclov/grooveknocks.com/wp-content/themes/my-listing/includes/integrations/wp-job-manager/wp-job-manager.php on line 622

2019-03-23T12:47:39+00:00 CRITICAL Uncaught Error: Call to undefined function CASE27\Integrations\WPJM\add_settings_field() in /home/encyclov/grooveknocks.com/wp-content/themes/my-listing/includes/integrations/wp-job-manager/wp-job-manager.php:622
Stack trace:
#0 /home/encyclov/grooveknocks.com/wp-includes/class-wp-hook.php(286): CASE27\Integrations\WPJM\ListingManager->setup_permalink_settings(Object(WP_Screen))
#1 /home/encyclov/grooveknocks.com/wp-includes/class-wp-hook.php(310): WP_Hook->apply_filters(NULL, Array)
#2 /home/encyclov/grooveknocks.com/wp-includes/plugin.php(453): WP_Hook->do_action(Array)
#3 /home/encyclov/grooveknocks.com/wp-admin/includes/class-wp-screen.php(386): do_action('current_screen', Object(WP_Screen))
#4 /home/encyclov/grooveknocks.com/wp-admin/includes/screen.php(232): WP_Screen->set_current_screen()
#5 /home/encyclov/grooveknocks.com/wp-content/plugins/jetpack/sync/class.jetpack-sync-sender.php(154): set_current_screen('sync')
#6 /home/encyclov/grooveknocks.com/wp-content/plugins/jetpack/sync/class.jetpack-sync-s in /home/encyclov/grooveknocks.com/wp-content/themes/my-listing/includes/integrations/wp-job-manager/wp-job-manager.php on line 622

2019-03-23T12:54:19+00:00 CRITICAL Uncaught Error: Call to undefined function CASE27\Integrations\WPJM\add_settings_field() in /home/encyclov/grooveknocks.com/wp-content/themes/my-listing/includes/integrations/wp-job-manager/wp-job-manager.php:622
Stack trace:
#0 /home/encyclov/grooveknocks.com/wp-includes/class-wp-hook.php(286): CASE27\Integrations\WPJM\ListingManager->setup_permalink_settings(Object(WP_Screen))
#1 /home/encyclov/grooveknocks.com/wp-includes/class-wp-hook.php(310): WP_Hook->apply_filters(NULL, Array)
#2 /home/encyclov/grooveknocks.com/wp-includes/plugin.php(453): WP_Hook->do_action(Array)
#3 /home/encyclov/grooveknocks.com/wp-admin/includes/class-wp-screen.php(386): do_action('current_screen', Object(WP_Screen))
#4 /home/encyclov/grooveknocks.com/wp-admin/includes/screen.php(232): WP_Screen->set_current_screen()
#5 /home/encyclov/grooveknocks.com/wp-content/plugins/jetpack/sync/class.jetpack-sync-sender.php(154): set_current_screen('sync')
#6 /home/encyclov/grooveknocks.com/wp-content/plugins/jetpack/sync/class.jetpack-sync-s in /home/encyclov/grooveknocks.com/wp-content/themes/my-listing/includes/integrations/wp-job-manager/wp-job-manager.php on line 622

2019-03-23T13:02:18+00:00 CRITICAL Uncaught Error: Call to undefined function CASE27\Integrations\WPJM\add_settings_field() in /home/encyclov/grooveknocks.com/wp-content/themes/my-listing/includes/integrations/wp-job-manager/wp-job-manager.php:622
Stack trace:
#0 /home/encyclov/grooveknocks.com/wp-includes/class-wp-hook.php(286): CASE27\Integrations\WPJM\ListingManager->setup_permalink_settings(Object(WP_Screen))
#1 /home/encyclov/grooveknocks.com/wp-includes/class-wp-hook.php(310): WP_Hook->apply_filters(NULL, Array)
#2 /home/encyclov/grooveknocks.com/wp-includes/plugin.php(453): WP_Hook->do_action(Array)
#3 /home/encyclov/grooveknocks.com/wp-admin/includes/class-wp-screen.php(386): do_action('current_screen', Object(WP_Screen))
#4 /home/encyclov/grooveknocks.com/wp-admin/includes/screen.php(232): WP_Screen->set_current_screen()
#5 /home/encyclov/grooveknocks.com/wp-content/plugins/jetpack/sync/class.jetpack-sync-sender.php(154): set_current_screen('sync')
#6 /home/encyclov/grooveknocks.com/wp-content/plugins/jetpack/sync/class.jetpack-sync-s in /home/encyclov/grooveknocks.com/wp-content/themes/my-listing/includes/integrations/wp-job-manager/wp-job-manager.php on line 622

2019-03-23T13:08:24+00:00 CRITICAL Uncaught Error: Call to undefined function CASE27\Integrations\WPJM\add_settings_field() in /home/encyclov/grooveknocks.com/wp-content/themes/my-listing/includes/integrations/wp-job-manager/wp-job-manager.php:622
Stack trace:
#0 /home/encyclov/grooveknocks.com/wp-includes/class-wp-hook.php(286): CASE27\Integrations\WPJM\ListingManager->setup_permalink_settings(Object(WP_Screen))
#1 /home/encyclov/grooveknocks.com/wp-includes/class-wp-hook.php(310): WP_Hook->apply_filters(NULL, Array)
#2 /home/encyclov/grooveknocks.com/wp-includes/plugin.php(453): WP_Hook->do_action(Array)
#3 /home/encyclov/grooveknocks.com/wp-admin/includes/class-wp-screen.php(386): do_action('current_screen', Object(WP_Screen))
#4 /home/encyclov/grooveknocks.com/wp-admin/includes/screen.php(232): WP_Screen->set_current_screen()
#5 /home/encyclov/grooveknocks.com/wp-content/plugins/jetpack/sync/class.jetpack-sync-sender.php(154): set_current_screen('sync')
#6 /home/encyclov/grooveknocks.com/wp-content/plugins/jetpack/sync/class.jetpack-sync-s in /home/encyclov/grooveknocks.com/wp-content/themes/my-listing/includes/integrations/wp-job-manager/wp-job-manager.php on line 622

2019-03-23T13:16:28+00:00 CRITICAL Uncaught Error: Call to undefined function CASE27\Integrations\WPJM\add_settings_field() in /home/encyclov/grooveknocks.com/wp-content/themes/my-listing/includes/integrations/wp-job-manager/wp-job-manager.php:622
Stack trace:
#0 /home/encyclov/grooveknocks.com/wp-includes/class-wp-hook.php(286): CASE27\Integrations\WPJM\ListingManager->setup_permalink_settings(Object(WP_Screen))
#1 /home/encyclov/grooveknocks.com/wp-includes/class-wp-hook.php(310): WP_Hook->apply_filters(NULL, Array)
#2 /home/encyclov/grooveknocks.com/wp-includes/plugin.php(453): WP_Hook->do_action(Array)
#3 /home/encyclov/grooveknocks.com/wp-admin/includes/class-wp-screen.php(386): do_action('current_screen', Object(WP_Screen))
#4 /home/encyclov/grooveknocks.com/wp-admin/includes/screen.php(232): WP_Screen->set_current_screen()
#5 /home/encyclov/grooveknocks.com/wp-content/plugins/jetpack/sync/class.jetpack-sync-sender.php(154): set_current_screen('sync')
#6 /home/encyclov/grooveknocks.com/wp-content/plugins/jetpack/sync/class.jetpack-sync-s in /home/encyclov/grooveknocks.com/wp-content/themes/my-listing/includes/integrations/wp-job-manager/wp-job-manager.php on line 622

2019-03-23T13:23:10+00:00 CRITICAL Uncaught Error: Call to undefined function CASE27\Integrations\WPJM\add_settings_field() in /home/encyclov/grooveknocks.com/wp-content/themes/my-listing/includes/integrations/wp-job-manager/wp-job-manager.php:622
Stack trace:
#0 /home/encyclov/grooveknocks.com/wp-includes/class-wp-hook.php(286): CASE27\Integrations\WPJM\ListingManager->setup_permalink_settings(Object(WP_Screen))
#1 /home/encyclov/grooveknocks.com/wp-includes/class-wp-hook.php(310): WP_Hook->apply_filters(NULL, Array)
#2 /home/encyclov/grooveknocks.com/wp-includes/plugin.php(453): WP_Hook->do_action(Array)
#3 /home/encyclov/grooveknocks.com/wp-admin/includes/class-wp-screen.php(386): do_action('current_screen', Object(WP_Screen))
#4 /home/encyclov/grooveknocks.com/wp-admin/includes/screen.php(232): WP_Screen->set_current_screen()
#5 /home/encyclov/grooveknocks.com/wp-content/plugins/jetpack/sync/class.jetpack-sync-sender.php(154): set_current_screen('sync')
#6 /home/encyclov/grooveknocks.com/wp-content/plugins/jetpack/sync/class.jetpack-sync-s in /home/encyclov/grooveknocks.com/wp-content/themes/my-listing/includes/integrations/wp-job-manager/wp-job-manager.php on line 622

2019-03-23T13:29:39+00:00 CRITICAL Uncaught Error: Call to undefined function CASE27\Integrations\WPJM\add_settings_field() in /home/encyclov/grooveknocks.com/wp-content/themes/my-listing/includes/integrations/wp-job-manager/wp-job-manager.php:622
Stack trace:
#0 /home/encyclov/grooveknocks.com/wp-includes/class-wp-hook.php(286): CASE27\Integrations\WPJM\ListingManager->setup_permalink_settings(Object(WP_Screen))
#1 /home/encyclov/grooveknocks.com/wp-includes/class-wp-hook.php(310): WP_Hook->apply_filters(NULL, Array)
#2 /home/encyclov/grooveknocks.com/wp-includes/plugin.php(453): WP_Hook->do_action(Array)
#3 /home/encyclov/grooveknocks.com/wp-admin/includes/class-wp-screen.php(386): do_action('current_screen', Object(WP_Screen))
#4 /home/encyclov/grooveknocks.com/wp-admin/includes/screen.php(232): WP_Screen->set_current_screen()
#5 /home/encyclov/grooveknocks.com/wp-content/plugins/jetpack/sync/class.jetpack-sync-sender.php(154): set_current_screen('sync')
#6 /home/encyclov/grooveknocks.com/wp-content/plugins/jetpack/sync/class.jetpack-sync-s in /home/encyclov/grooveknocks.com/wp-content/themes/my-listing/includes/integrations/wp-job-manager/wp-job-manager.php on line 622

2019-03-23T13:32:07+00:00 CRITICAL Uncaught Error: Call to undefined function CASE27\Integrations\WPJM\add_settings_field() in /home/encyclov/grooveknocks.com/wp-content/themes/my-listing/includes/integrations/wp-job-manager/wp-job-manager.php:622
Stack trace:
#0 /home/encyclov/grooveknocks.com/wp-includes/class-wp-hook.php(286): CASE27\Integrations\WPJM\ListingManager->setup_permalink_settings(Object(WP_Screen))
#1 /home/encyclov/grooveknocks.com/wp-includes/class-wp-hook.php(310): WP_Hook->apply_filters(NULL, Array)
#2 /home/encyclov/grooveknocks.com/wp-includes/plugin.php(453): WP_Hook->do_action(Array)
#3 /home/encyclov/grooveknocks.com/wp-admin/includes/class-wp-screen.php(386): do_action('current_screen', Object(WP_Screen))
#4 /home/encyclov/grooveknocks.com/wp-admin/includes/screen.php(232): WP_Screen->set_current_screen()
#5 /home/encyclov/grooveknocks.com/wp-content/plugins/jetpack/sync/class.jetpack-sync-sender.php(154): set_current_screen('sync')
#6 /home/encyclov/grooveknocks.com/wp-content/plugins/jetpack/sync/class.jetpack-sync-s in /home/encyclov/grooveknocks.com/wp-content/themes/my-listing/includes/integrations/wp-job-manager/wp-job-manager.php on line 622

2019-03-23T13:38:27+00:00 CRITICAL Uncaught Error: Call to undefined function CASE27\Integrations\WPJM\add_settings_field() in /home/encyclov/grooveknocks.com/wp-content/themes/my-listing/includes/integrations/wp-job-manager/wp-job-manager.php:622
Stack trace:
#0 /home/encyclov/grooveknocks.com/wp-includes/class-wp-hook.php(286): CASE27\Integrations\WPJM\ListingManager->setup_permalink_settings(Object(WP_Screen))
#1 /home/encyclov/grooveknocks.com/wp-includes/class-wp-hook.php(310): WP_Hook->apply_filters(NULL, Array)
#2 /home/encyclov/grooveknocks.com/wp-includes/plugin.php(453): WP_Hook->do_action(Array)
#3 /home/encyclov/grooveknocks.com/wp-admin/includes/class-wp-screen.php(386): do_action('current_screen', Object(WP_Screen))
#4 /home/encyclov/grooveknocks.com/wp-admin/includes/screen.php(232): WP_Screen->set_current_screen()
#5 /home/encyclov/grooveknocks.com/wp-content/plugins/jetpack/sync/class.jetpack-sync-sender.php(154): set_current_screen('sync')
#6 /home/encyclov/grooveknocks.com/wp-content/plugins/jetpack/sync/class.jetpack-sync-s in /home/encyclov/grooveknocks.com/wp-content/themes/my-listing/includes/integrations/wp-job-manager/wp-job-manager.php on line 622

2019-03-23T13:44:19+00:00 CRITICAL Uncaught Error: Call to undefined function CASE27\Integrations\WPJM\add_settings_field() in /home/encyclov/grooveknocks.com/wp-content/themes/my-listing/includes/integrations/wp-job-manager/wp-job-manager.php:622
Stack trace:
#0 /home/encyclov/grooveknocks.com/wp-includes/class-wp-hook.php(286): CASE27\Integrations\WPJM\ListingManager->setup_permalink_settings(Object(WP_Screen))
#1 /home/encyclov/grooveknocks.com/wp-includes/class-wp-hook.php(310): WP_Hook->apply_filters(NULL, Array)
#2 /home/encyclov/grooveknocks.com/wp-includes/plugin.php(453): WP_Hook->do_action(Array)
#3 /home/encyclov/grooveknocks.com/wp-admin/includes/class-wp-screen.php(386): do_action('current_screen', Object(WP_Screen))
#4 /home/encyclov/grooveknocks.com/wp-admin/includes/screen.php(232): WP_Screen->set_current_screen()
#5 /home/encyclov/grooveknocks.com/wp-content/plugins/jetpack/sync/class.jetpack-sync-sender.php(154): set_current_screen('sync')
#6 /home/encyclov/grooveknocks.com/wp-content/plugins/jetpack/sync/class.jetpack-sync-s in /home/encyclov/grooveknocks.com/wp-content/themes/my-listing/includes/integrations/wp-job-manager/wp-job-manager.php on line 622

2019-03-23T13:50:05+00:00 CRITICAL Uncaught Error: Call to undefined function CASE27\Integrations\WPJM\add_settings_field() in /home/encyclov/grooveknocks.com/wp-content/themes/my-listing/includes/integrations/wp-job-manager/wp-job-manager.php:622
Stack trace:
#0 /home/encyclov/grooveknocks.com/wp-includes/class-wp-hook.php(286): CASE27\Integrations\WPJM\ListingManager->setup_permalink_settings(Object(WP_Screen))
#1 /home/encyclov/grooveknocks.com/wp-includes/class-wp-hook.php(310): WP_Hook->apply_filters(NULL, Array)
#2 /home/encyclov/grooveknocks.com/wp-includes/plugin.php(453): WP_Hook->do_action(Array)
#3 /home/encyclov/grooveknocks.com/wp-admin/includes/class-wp-screen.php(386): do_action('current_screen', Object(WP_Screen))
#4 /home/encyclov/grooveknocks.com/wp-admin/includes/screen.php(232): WP_Screen->set_current_screen()
#5 /home/encyclov/grooveknocks.com/wp-content/plugins/jetpack/sync/class.jetpack-sync-sender.php(154): set_current_screen('sync')
#6 /home/encyclov/grooveknocks.com/wp-content/plugins/jetpack/sync/class.jetpack-sync-s in /home/encyclov/grooveknocks.com/wp-content/themes/my-listing/includes/integrations/wp-job-manager/wp-job-manager.php on line 622

2019-03-23T14:05:21+00:00 CRITICAL Uncaught Error: Call to undefined function CASE27\Integrations\WPJM\add_settings_field() in /home/encyclov/grooveknocks.com/wp-content/themes/my-listing/includes/integrations/wp-job-manager/wp-job-manager.php:622
Stack trace:
#0 /home/encyclov/grooveknocks.com/wp-includes/class-wp-hook.php(286): CASE27\Integrations\WPJM\ListingManager->setup_permalink_settings(Object(WP_Screen))
#1 /home/encyclov/grooveknocks.com/wp-includes/class-wp-hook.php(310): WP_Hook->apply_filters(NULL, Array)
#2 /home/encyclov/grooveknocks.com/wp-includes/plugin.php(453): WP_Hook->do_action(Array)
#3 /home/encyclov/grooveknocks.com/wp-admin/includes/class-wp-screen.php(386): do_action('current_screen', Object(WP_Screen))
#4 /home/encyclov/grooveknocks.com/wp-admin/includes/screen.php(232): WP_Screen->set_current_screen()
#5 /home/encyclov/grooveknocks.com/wp-content/plugins/jetpack/sync/class.jetpack-sync-sender.php(154): set_current_screen('sync')
#6 /home/encyclov/grooveknocks.com/wp-content/plugins/jetpack/sync/class.jetpack-sync-s in /home/encyclov/grooveknocks.com/wp-content/themes/my-listing/includes/integrations/wp-job-manager/wp-job-manager.php on line 622

2019-03-23T14:10:26+00:00 CRITICAL Uncaught Error: Call to undefined function CASE27\Integrations\WPJM\add_settings_field() in /home/encyclov/grooveknocks.com/wp-content/themes/my-listing/includes/integrations/wp-job-manager/wp-job-manager.php:622
Stack trace:
#0 /home/encyclov/grooveknocks.com/wp-includes/class-wp-hook.php(286): CASE27\Integrations\WPJM\ListingManager->setup_permalink_settings(Object(WP_Screen))
#1 /home/encyclov/grooveknocks.com/wp-includes/class-wp-hook.php(310): WP_Hook->apply_filters(NULL, Array)
#2 /home/encyclov/grooveknocks.com/wp-includes/plugin.php(453): WP_Hook->do_action(Array)
#3 /home/encyclov/grooveknocks.com/wp-admin/includes/class-wp-screen.php(386): do_action('current_screen', Object(WP_Screen))
#4 /home/encyclov/grooveknocks.com/wp-admin/includes/screen.php(232): WP_Screen->set_current_screen()
#5 /home/encyclov/grooveknocks.com/wp-content/plugins/jetpack/sync/class.jetpack-sync-sender.php(154): set_current_screen('sync')
#6 /home/encyclov/grooveknocks.com/wp-content/plugins/jetpack/sync/class.jetpack-sync-s in /home/encyclov/grooveknocks.com/wp-content/themes/my-listing/includes/integrations/wp-job-manager/wp-job-manager.php on line 622

2019-03-23T14:19:37+00:00 CRITICAL Uncaught Error: Call to undefined function CASE27\Integrations\WPJM\add_settings_field() in /home/encyclov/grooveknocks.com/wp-content/themes/my-listing/includes/integrations/wp-job-manager/wp-job-manager.php:622
Stack trace:
#0 /home/encyclov/grooveknocks.com/wp-includes/class-wp-hook.php(286): CASE27\Integrations\WPJM\ListingManager->setup_permalink_settings(Object(WP_Screen))
#1 /home/encyclov/grooveknocks.com/wp-includes/class-wp-hook.php(310): WP_Hook->apply_filters(NULL, Array)
#2 /home/encyclov/grooveknocks.com/wp-includes/plugin.php(453): WP_Hook->do_action(Array)
#3 /home/encyclov/grooveknocks.com/wp-admin/includes/class-wp-screen.php(386): do_action('current_screen', Object(WP_Screen))
#4 /home/encyclov/grooveknocks.com/wp-admin/includes/screen.php(232): WP_Screen->set_current_screen()
#5 /home/encyclov/grooveknocks.com/wp-content/plugins/jetpack/sync/class.jetpack-sync-sender.php(154): set_current_screen('sync')
#6 /home/encyclov/grooveknocks.com/wp-content/plugins/jetpack/sync/class.jetpack-sync-s in /home/encyclov/grooveknocks.com/wp-content/themes/my-listing/includes/integrations/wp-job-manager/wp-job-manager.php on line 622

2019-03-23T14:24:43+00:00 CRITICAL Uncaught Error: Call to undefined function CASE27\Integrations\WPJM\add_settings_field() in /home/encyclov/grooveknocks.com/wp-content/themes/my-listing/includes/integrations/wp-job-manager/wp-job-manager.php:622
Stack trace:
#0 /home/encyclov/grooveknocks.com/wp-includes/class-wp-hook.php(286): CASE27\Integrations\WPJM\ListingManager->setup_permalink_settings(Object(WP_Screen))
#1 /home/encyclov/grooveknocks.com/wp-includes/class-wp-hook.php(310): WP_Hook->apply_filters(NULL, Array)
#2 /home/encyclov/grooveknocks.com/wp-includes/plugin.php(453): WP_Hook->do_action(Array)
#3 /home/encyclov/grooveknocks.com/wp-admin/includes/class-wp-screen.php(386): do_action('current_screen', Object(WP_Screen))
#4 /home/encyclov/grooveknocks.com/wp-admin/includes/screen.php(232): WP_Screen->set_current_screen()
#5 /home/encyclov/grooveknocks.com/wp-content/plugins/jetpack/sync/class.jetpack-sync-sender.php(154): set_current_screen('sync')
#6 /home/encyclov/grooveknocks.com/wp-content/plugins/jetpack/sync/class.jetpack-sync-s in /home/encyclov/grooveknocks.com/wp-content/themes/my-listing/includes/integrations/wp-job-manager/wp-job-manager.php on line 622

2019-03-23T14:27:24+00:00 CRITICAL Uncaught Error: Call to undefined function CASE27\Integrations\WPJM\add_settings_field() in /home/encyclov/grooveknocks.com/wp-content/themes/my-listing/includes/integrations/wp-job-manager/wp-job-manager.php:622
Stack trace:
#0 /home/encyclov/grooveknocks.com/wp-includes/class-wp-hook.php(286): CASE27\Integrations\WPJM\ListingManager->setup_permalink_settings(Object(WP_Screen))
#1 /home/encyclov/grooveknocks.com/wp-includes/class-wp-hook.php(310): WP_Hook->apply_filters(NULL, Array)
#2 /home/encyclov/grooveknocks.com/wp-includes/plugin.php(453): WP_Hook->do_action(Array)
#3 /home/encyclov/grooveknocks.com/wp-admin/includes/class-wp-screen.php(386): do_action('current_screen', Object(WP_Screen))
#4 /home/encyclov/grooveknocks.com/wp-admin/includes/screen.php(232): WP_Screen->set_current_screen()
#5 /home/encyclov/grooveknocks.com/wp-content/plugins/jetpack/sync/class.jetpack-sync-sender.php(154): set_current_screen('sync')
#6 /home/encyclov/grooveknocks.com/wp-content/plugins/jetpack/sync/class.jetpack-sync-s in /home/encyclov/grooveknocks.com/wp-content/themes/my-listing/includes/integrations/wp-job-manager/wp-job-manager.php on line 622

2019-03-23T14:32:58+00:00 CRITICAL Uncaught Error: Call to undefined function CASE27\Integrations\WPJM\add_settings_field() in /home/encyclov/grooveknocks.com/wp-content/themes/my-listing/includes/integrations/wp-job-manager/wp-job-manager.php:622
Stack trace:
#0 /home/encyclov/grooveknocks.com/wp-includes/class-wp-hook.php(286): CASE27\Integrations\WPJM\ListingManager->setup_permalink_settings(Object(WP_Screen))
#1 /home/encyclov/grooveknocks.com/wp-includes/class-wp-hook.php(310): WP_Hook->apply_filters(NULL, Array)
#2 /home/encyclov/grooveknocks.com/wp-includes/plugin.php(453): WP_Hook->do_action(Array)
#3 /home/encyclov/grooveknocks.com/wp-admin/includes/class-wp-screen.php(386): do_action('current_screen', Object(WP_Screen))
#4 /home/encyclov/grooveknocks.com/wp-admin/includes/screen.php(232): WP_Screen->set_current_screen()
#5 /home/encyclov/grooveknocks.com/wp-content/plugins/jetpack/sync/class.jetpack-sync-sender.php(154): set_current_screen('sync')
#6 /home/encyclov/grooveknocks.com/wp-content/plugins/jetpack/sync/class.jetpack-sync-s in /home/encyclov/grooveknocks.com/wp-content/themes/my-listing/includes/integrations/wp-job-manager/wp-job-manager.php on line 622

2019-03-23T14:40:30+00:00 CRITICAL Uncaught Error: Call to undefined function CASE27\Integrations\WPJM\add_settings_field() in /home/encyclov/grooveknocks.com/wp-content/themes/my-listing/includes/integrations/wp-job-manager/wp-job-manager.php:622
Stack trace:
#0 /home/encyclov/grooveknocks.com/wp-includes/class-wp-hook.php(286): CASE27\Integrations\WPJM\ListingManager->setup_permalink_settings(Object(WP_Screen))
#1 /home/encyclov/grooveknocks.com/wp-includes/class-wp-hook.php(310): WP_Hook->apply_filters(NULL, Array)
#2 /home/encyclov/grooveknocks.com/wp-includes/plugin.php(453): WP_Hook->do_action(Array)
#3 /home/encyclov/grooveknocks.com/wp-admin/includes/class-wp-screen.php(386): do_action('current_screen', Object(WP_Screen))
#4 /home/encyclov/grooveknocks.com/wp-admin/includes/screen.php(232): WP_Screen->set_current_screen()
#5 /home/encyclov/grooveknocks.com/wp-content/plugins/jetpack/sync/class.jetpack-sync-sender.php(154): set_current_screen('sync')
#6 /home/encyclov/grooveknocks.com/wp-content/plugins/jetpack/sync/class.jetpack-sync-s in /home/encyclov/grooveknocks.com/wp-content/themes/my-listing/includes/integrations/wp-job-manager/wp-job-manager.php on line 622

2019-03-23T14:47:14+00:00 CRITICAL Uncaught Error: Call to undefined function CASE27\Integrations\WPJM\add_settings_field() in /home/encyclov/grooveknocks.com/wp-content/themes/my-listing/includes/integrations/wp-job-manager/wp-job-manager.php:622
Stack trace:
#0 /home/encyclov/grooveknocks.com/wp-includes/class-wp-hook.php(286): CASE27\Integrations\WPJM\ListingManager->setup_permalink_settings(Object(WP_Screen))
#1 /home/encyclov/grooveknocks.com/wp-includes/class-wp-hook.php(310): WP_Hook->apply_filters(NULL, Array)
#2 /home/encyclov/grooveknocks.com/wp-includes/plugin.php(453): WP_Hook->do_action(Array)
#3 /home/encyclov/grooveknocks.com/wp-admin/includes/class-wp-screen.php(386): do_action('current_screen', Object(WP_Screen))
#4 /home/encyclov/grooveknocks.com/wp-admin/includes/screen.php(232): WP_Screen->set_current_screen()
#5 /home/encyclov/grooveknocks.com/wp-content/plugins/jetpack/sync/class.jetpack-sync-sender.php(154): set_current_screen('sync')
#6 /home/encyclov/grooveknocks.com/wp-content/plugins/jetpack/sync/class.jetpack-sync-s in /home/encyclov/grooveknocks.com/wp-content/themes/my-listing/includes/integrations/wp-job-manager/wp-job-manager.php on line 622

2019-03-23T14:53:37+00:00 CRITICAL Uncaught Error: Call to undefined function CASE27\Integrations\WPJM\add_settings_field() in /home/encyclov/grooveknocks.com/wp-content/themes/my-listing/includes/integrations/wp-job-manager/wp-job-manager.php:622
Stack trace:
#0 /home/encyclov/grooveknocks.com/wp-includes/class-wp-hook.php(286): CASE27\Integrations\WPJM\ListingManager->setup_permalink_settings(Object(WP_Screen))
#1 /home/encyclov/grooveknocks.com/wp-includes/class-wp-hook.php(310): WP_Hook->apply_filters(NULL, Array)
#2 /home/encyclov/grooveknocks.com/wp-includes/plugin.php(453): WP_Hook->do_action(Array)
#3 /home/encyclov/grooveknocks.com/wp-admin/includes/class-wp-screen.php(386): do_action('current_screen', Object(WP_Screen))
#4 /home/encyclov/grooveknocks.com/wp-admin/includes/screen.php(232): WP_Screen->set_current_screen()
#5 /home/encyclov/grooveknocks.com/wp-content/plugins/jetpack/sync/class.jetpack-sync-sender.php(154): set_current_screen('sync')
#6 /home/encyclov/grooveknocks.com/wp-content/plugins/jetpack/sync/class.jetpack-sync-s in /home/encyclov/grooveknocks.com/wp-content/themes/my-listing/includes/integrations/wp-job-manager/wp-job-manager.php on line 622

2019-03-23T15:01:28+00:00 CRITICAL Uncaught Error: Call to undefined function CASE27\Integrations\WPJM\add_settings_field() in /home/encyclov/grooveknocks.com/wp-content/themes/my-listing/includes/integrations/wp-job-manager/wp-job-manager.php:622
Stack trace:
#0 /home/encyclov/grooveknocks.com/wp-includes/class-wp-hook.php(286): CASE27\Integrations\WPJM\ListingManager->setup_permalink_settings(Object(WP_Screen))
#1 /home/encyclov/grooveknocks.com/wp-includes/class-wp-hook.php(310): WP_Hook->apply_filters(NULL, Array)
#2 /home/encyclov/grooveknocks.com/wp-includes/plugin.php(453): WP_Hook->do_action(Array)
#3 /home/encyclov/grooveknocks.com/wp-admin/includes/class-wp-screen.php(386): do_action('current_screen', Object(WP_Screen))
#4 /home/encyclov/grooveknocks.com/wp-admin/includes/screen.php(232): WP_Screen->set_current_screen()
#5 /home/encyclov/grooveknocks.com/wp-content/plugins/jetpack/sync/class.jetpack-sync-sender.php(154): set_current_screen('sync')
#6 /home/encyclov/grooveknocks.com/wp-content/plugins/jetpack/sync/class.jetpack-sync-s in /home/encyclov/grooveknocks.com/wp-content/themes/my-listing/includes/integrations/wp-job-manager/wp-job-manager.php on line 622

2019-03-23T15:08:07+00:00 CRITICAL Uncaught Error: Call to undefined function CASE27\Integrations\WPJM\add_settings_field() in /home/encyclov/grooveknocks.com/wp-content/themes/my-listing/includes/integrations/wp-job-manager/wp-job-manager.php:622
Stack trace:
#0 /home/encyclov/grooveknocks.com/wp-includes/class-wp-hook.php(286): CASE27\Integrations\WPJM\ListingManager->setup_permalink_settings(Object(WP_Screen))
#1 /home/encyclov/grooveknocks.com/wp-includes/class-wp-hook.php(310): WP_Hook->apply_filters(NULL, Array)
#2 /home/encyclov/grooveknocks.com/wp-includes/plugin.php(453): WP_Hook->do_action(Array)
#3 /home/encyclov/grooveknocks.com/wp-admin/includes/class-wp-screen.php(386): do_action('current_screen', Object(WP_Screen))
#4 /home/encyclov/grooveknocks.com/wp-admin/includes/screen.php(232): WP_Screen->set_current_screen()
#5 /home/encyclov/grooveknocks.com/wp-content/plugins/jetpack/sync/class.jetpack-sync-sender.php(154): set_current_screen('sync')
#6 /home/encyclov/grooveknocks.com/wp-content/plugins/jetpack/sync/class.jetpack-sync-s in /home/encyclov/grooveknocks.com/wp-content/themes/my-listing/includes/integrations/wp-job-manager/wp-job-manager.php on line 622

2019-03-23T15:11:08+00:00 CRITICAL Uncaught Error: Call to undefined function CASE27\Integrations\WPJM\add_settings_field() in /home/encyclov/grooveknocks.com/wp-content/themes/my-listing/includes/integrations/wp-job-manager/wp-job-manager.php:622
Stack trace:
#0 /home/encyclov/grooveknocks.com/wp-includes/class-wp-hook.php(286): CASE27\Integrations\WPJM\ListingManager->setup_permalink_settings(Object(WP_Screen))
#1 /home/encyclov/grooveknocks.com/wp-includes/class-wp-hook.php(310): WP_Hook->apply_filters(NULL, Array)
#2 /home/encyclov/grooveknocks.com/wp-includes/plugin.php(453): WP_Hook->do_action(Array)
#3 /home/encyclov/grooveknocks.com/wp-admin/includes/class-wp-screen.php(386): do_action('current_screen', Object(WP_Screen))
#4 /home/encyclov/grooveknocks.com/wp-admin/includes/screen.php(232): WP_Screen->set_current_screen()
#5 /home/encyclov/grooveknocks.com/wp-content/plugins/jetpack/sync/class.jetpack-sync-sender.php(154): set_current_screen('sync')
#6 /home/encyclov/grooveknocks.com/wp-content/plugins/jetpack/sync/class.jetpack-sync-s in /home/encyclov/grooveknocks.com/wp-content/themes/my-listing/includes/integrations/wp-job-manager/wp-job-manager.php on line 622

2019-03-23T15:22:33+00:00 CRITICAL Uncaught Error: Call to undefined function CASE27\Integrations\WPJM\add_settings_field() in /home/encyclov/grooveknocks.com/wp-content/themes/my-listing/includes/integrations/wp-job-manager/wp-job-manager.php:622
Stack trace:
#0 /home/encyclov/grooveknocks.com/wp-includes/class-wp-hook.php(286): CASE27\Integrations\WPJM\ListingManager->setup_permalink_settings(Object(WP_Screen))
#1 /home/encyclov/grooveknocks.com/wp-includes/class-wp-hook.php(310): WP_Hook->apply_filters(NULL, Array)
#2 /home/encyclov/grooveknocks.com/wp-includes/plugin.php(453): WP_Hook->do_action(Array)
#3 /home/encyclov/grooveknocks.com/wp-admin/includes/class-wp-screen.php(386): do_action('current_screen', Object(WP_Screen))
#4 /home/encyclov/grooveknocks.com/wp-admin/includes/screen.php(232): WP_Screen->set_current_screen()
#5 /home/encyclov/grooveknocks.com/wp-content/plugins/jetpack/sync/class.jetpack-sync-sender.php(154): set_current_screen('sync')
#6 /home/encyclov/grooveknocks.com/wp-content/plugins/jetpack/sync/class.jetpack-sync-s in /home/encyclov/grooveknocks.com/wp-content/themes/my-listing/includes/integrations/wp-job-manager/wp-job-manager.php on line 622

2019-03-23T20:02:31+00:00 CRITICAL Uncaught Error: Call to undefined function CASE27\Integrations\WPJM\add_settings_field() in /home/encyclov/grooveknocks.com/wp-content/themes/my-listing/includes/integrations/wp-job-manager/wp-job-manager.php:622
Stack trace:
#0 /home/encyclov/grooveknocks.com/wp-includes/class-wp-hook.php(286): CASE27\Integrations\WPJM\ListingManager->setup_permalink_settings(Object(WP_Screen))
#1 /home/encyclov/grooveknocks.com/wp-includes/class-wp-hook.php(310): WP_Hook->apply_filters(NULL, Array)
#2 /home/encyclov/grooveknocks.com/wp-includes/plugin.php(453): WP_Hook->do_action(Array)
#3 /home/encyclov/grooveknocks.com/wp-admin/includes/class-wp-screen.php(386): do_action('current_screen', Object(WP_Screen))
#4 /home/encyclov/grooveknocks.com/wp-admin/includes/screen.php(232): WP_Screen->set_current_screen()
#5 /home/encyclov/grooveknocks.com/wp-content/plugins/jetpack/sync/class.jetpack-sync-sender.php(154): set_current_screen('sync')
#6 /home/encyclov/grooveknocks.com/wp-content/plugins/jetpack/sync/class.jetpack-sync-s in /home/encyclov/grooveknocks.com/wp-content/themes/my-listing/includes/integrations/wp-job-manager/wp-job-manager.php on line 622

